Reading local file options/h1_p2_lines.opt for options. 
#PETSc Option Table entries:
-C 0.1
-a 2
-angle 0
-d 3
-exnut 1
-f MESH/plate_m1
-ita_history_name pp_data/h1_p2_lines.hst
-ita_target_residual 1e-8
-jacobian_type recanalytic
-ksp_gmres_preallocate
-ksp_gmres_restart 100
-ksp_ksp_max_it 10
-ksp_ksp_type gmres
-ksp_max_it 500
-ksp_norm_type unpreconditioned
-ksp_pc_type bjacobi
-ksp_rtol 1e-3
-ksp_sub_ksp_gmres_preallocate
-ksp_sub_pc_factor_levels 2
-ksp_sub_pc_factor_mat_ordering_type lines
-ksp_sub_pc_type ilu
-ksp_type fgmres
-mach 0.2
-max_iter 35
-mcell3d_old_initrecon
-mcell3d_part_file MESH/plate_m1
-mesh_type c
-mu 1e-5
-no_distance_weight
-opt options/h1_p2_lines.opt
-pc_type ksp
-physics TurbSA3D
-pre_order 1
-pseudolts_fixed
-recon_condition
-reynolds 5e6
-sol_out sol/h1_p2
-turbsa3d_pp_file pp_data/h1_p2_lines.postproc
-turbsa3d_problem_data flat_plate
-vv 1
#End of PETSc Option Table entries
Physics classes defined: AUSM2D AUSMP2D AdvDiff Advection Burgers Carreau2D Euler2DAdjoint Euler3D Newtonian2D Poisson Potential PowerLaw2D Roe2D RoeTurbSA2D RoeVisc2D RoeVisc2DAdjoint TurbSA3D ViscBurgers 
DualPhysics classes defined: AUSM2DError AUSMP2DError AdvDiffError AdvectionError BurgersError Carreau2DError Newtonian2DError PoissonError PowerLaw2DError Roe2DError RoeTurbSA2DError RoeVisc2DError ViscBurgersError 
MeshCell3D Constructor ------------------------------------------- 
Reading MESH/plate_m1.vmesh 
Reading MESH/plate_m1_npart8.part for partition data. 
[0] faces: n_interior = 4605; n_boundary = 875; n_partition = 457; n_total = 5937
[1] faces: n_interior = 4768; n_boundary = 593; n_partition = 749; n_total = 6110
[2] faces: n_interior = 4594; n_boundary = 510; n_partition = 796; n_total = 5900
[3] faces: n_interior = 4927; n_boundary = 766; n_partition = 390; n_total = 6083
[4] faces: n_interior = 4946; n_boundary = 860; n_partition = 252; n_total = 6058
[5] faces: n_interior = 4821; n_boundary = 582; n_partition = 498; n_total = 5901
[6] faces: n_interior = 4651; n_boundary = 561; n_partition = 631; n_total = 5843
[7] faces: n_interior = 4736; n_boundary = 649; n_partition = 415; n_total = 5800
n_global_faces = 45538
Extra Quadrature Order: cell: 0  face: 0 
Stencil size: 0, 6, 15, 30 
Calling old init recon. 
Global Num of CVs : 14280
[0] Num of CVs : 1757
[1] Num of CVs : 1813
[2] Num of CVs : 1749
[3] Num of CVs : 1835
[4] Num of CVs : 1834
[5] Num of CVs : 1787
[6] Num of CVs : 1749
[7] Num of CVs : 1756
End of MeshCell3D Constructor ------------------------------------ 
Creating a TurbSA3D Physics object. 
alpha=0.000000 psi=0. 
Min/max recon condition numbers:    1.04743    1.64012
Recon Order: 2 
Recon Order: 2 
Recon Order: 2 
Recon Order: 2 
Recon Order: 2 
Recon Order: 2 
Recon Order: 2 
Recon Order: 2 
Min/max recon condition numbers:    1.04743    2.19163
Jacobian is of order: 2 
Beginning Matrix Assembly
Control volumes: 14280, non-zeros: 59528
Assembled Matrix
Min/max recon condition numbers:    1.04743    2.19163
Physics space dimensions: 3 
Creating a Advection Physics object. 
Physics space dimensions: 3 
Creating a Poisson Physics object. 
Physics space dimensions: 3 
Beginning Matrix Assembly
Control volumes: 14280, non-zeros: 11424
Assembled Matrix
FOUND WIEGHTS. 
FOUND WIEGHTS. 
FOUND WIEGHTS. 
FOUND WIEGHTS. 
FOUND WIEGHTS. 
FOUND WIEGHTS. 
FOUND WIEGHTS. 
FOUND WIEGHTS. 
Creating a recon of order 1 for JacInteg 
Beginning Matrix Assembly
Control volumes: 14280, non-zeros: 11424
Assembled Matrix
KSP Object: 8 MPI processes
  type: fgmres
    GMRES: restart=100, using Classical (unmodified) Gram-Schmidt Orthogonalization with no iterative refinement
    GMRES: happy breakdown tolerance 1e-30
  maximum iterations=500, initial guess is zero
  tolerances:  relative=0.001, absolute=1e-16, divergence=10000.
  right preconditioning
  using UNPRECONDITIONED norm type for convergence test
PC Object: 8 MPI processes
  type: ksp
  KSP and PC on KSP preconditioner follow
  ---------------------------------
    KSP Object:    (ksp_)     8 MPI processes
      type: gmres
        GMRES: restart=30, using Classical (unmodified) Gram-Schmidt Orthogonalization with no iterative refinement
        GMRES: happy breakdown tolerance 1e-30
      maximum iterations=10, initial guess is zero
      tolerances:  relative=1e-05, absolute=1e-50, divergence=10000.
      left preconditioning
      using PRECONDITIONED norm type for convergence test
    PC Object:    (ksp_)     8 MPI processes
      type: bjacobi
        block Jacobi: number of blocks = 8
        Local solve is same for all blocks, in the following KSP and PC objects:
      KSP Object:      (ksp_sub_)       1 MPI processes
        type: preonly
        maximum iterations=10000, initial guess is zero
        tolerances:  relative=1e-05, absolute=1e-50, divergence=10000.
        left preconditioning
        using DEFAULT norm type for convergence test
      PC Object:      (ksp_sub_)       1 MPI processes
        type: ilu
        PC has not been set up so information may be incomplete
          ILU: out-of-place factorization
          2 levels of fill
          tolerance for zero pivot 2.22045e-14
          matrix ordering: lines
        linear system matrix = precond matrix:
        Mat Object:         1 MPI processes
          type: seqbaij
          rows=10542, cols=10542, bs=6
          total: nonzeros=394812, allocated nonzeros=394812
          total number of mallocs used during MatSetValues calls =0
              block size is 6
      linear system matrix = precond matrix:
      Mat Object:       8 MPI processes
        type: mpibaij
        rows=85680, cols=85680, bs=6
        total: nonzeros=3404304, allocated nonzeros=3404304
        total number of mallocs used during MatSetValues calls =0
            block size is 6
  ---------------------------------
  linear system matrix followed by preconditioner matrix:
  Mat Object:   8 MPI processes
    type: mpibaij
    rows=85680, cols=85680, bs=6
    total: nonzeros=16846848, allocated nonzeros=16846848
    total number of mallocs used during MatSetValues calls =0
        block size is 6
  Mat Object:   8 MPI processes
    type: mpibaij
    rows=85680, cols=85680, bs=6
    total: nonzeros=3404304, allocated nonzeros=3404304
    total number of mallocs used during MatSetValues calls =0
        block size is 6
Initial fnorm: 18041.2 
reordering using the lines ... 
reordering using the lines ... 
reordering using the lines ... 
reordering using the lines ... 
reordering using the lines ... 
reordering using the lines ... 
reordering using the lines ... 
reordering using the lines ... 
Step:   1  CFL:          0.1  fnorm: 8.103811E+03  CPU:   0.9700  WU:  32.6467 #LI:    5 #ILI:  -1 om:1.0000
Step:   2  CFL:         0.15  fnorm: 4.150161E+03  CPU:   2.0770  WU:  69.9073 #LI:    8 #ILI:  -1 om:1.0000
Step:   3  CFL:        0.225  fnorm: 2.229949E+03  CPU:   3.1550  WU: 106.1900 #LI:    7 #ILI:  -1 om:1.0000
Step:   4  CFL:       0.3375  fnorm: 1.253682E+03  CPU:   4.2360  WU: 142.5732 #LI:    8 #ILI:  -1 om:1.0000
Step:   5  CFL:      0.50625  fnorm: 7.647571E+02  CPU:   5.3955  WU: 181.6008 #LI:    9 #ILI:  -1 om:1.0000
Step:   6  CFL:     0.759375  fnorm: 4.920096E+02  CPU:   6.6057  WU: 222.3321 #LI:   10 #ILI:  -1 om:1.0000
Step:   7  CFL:      1.13906  fnorm: 3.199162E+02  CPU:   7.9613  WU: 267.9566 #LI:   12 #ILI:  -1 om:1.0000
Step:   8  CFL:      1.70859  fnorm: 2.056072E+02  CPU:   9.3656  WU: 315.2217 #LI:   13 #ILI:  -1 om:1.0000
Step:   9  CFL:      2.56289  fnorm: 1.295684E+02  CPU:  10.8633  WU: 365.6313 #LI:   15 #ILI:  -1 om:1.0000
Step:  10  CFL:      3.84434  fnorm: 7.983852E+01  CPU:  12.4963  WU: 420.5948 #LI:   19 #ILI:  -1 om:1.0000
Step:  11  CFL:       5.7665  fnorm: 4.775600E+01  CPU:  14.2191  WU: 478.5787 #LI:   23 #ILI:  -1 om:1.0000
Step:  12  CFL:      8.64976  fnorm: 2.727082E+01  CPU:  16.0931  WU: 541.6530 #LI:   25 #ILI:  -1 om:1.0000
Step:  13  CFL:      12.9746  fnorm: 1.442208E+01  CPU:  18.0581  WU: 607.7901 #LI:   28 #ILI:  -1 om:1.0000
Step:  14  CFL:       19.462  fnorm: 6.971778E+00  CPU:  20.2085  WU: 680.1680 #LI:   31 #ILI:  -1 om:1.0000
Step:  15  CFL:      29.1929  fnorm: 3.436088E+00  CPU:  22.4641  WU: 756.0863 #LI:   36 #ILI:  -1 om:1.0000
Step:  16  CFL:      43.7894  fnorm: 1.959361E+00  CPU:  24.8194  WU: 835.3587 #LI:   38 #ILI:  -1 om:1.0000
Step:  17  CFL:      65.6841  fnorm: 1.136675E+00  CPU:  27.2085  WU: 915.7710 #LI:   40 #ILI:  -1 om:1.0000
Step:  18  CFL:      98.5261  fnorm: 5.611211E-01  CPU:  29.6251  WU: 997.1102 #LI:   41 #ILI:  -1 om:1.0000
Step:  19  CFL:      147.789  fnorm: 2.218180E-01  CPU:  32.1145  WU: 1080.8956 #LI:   43 #ILI:  -1 om:1.0000
Step:  20  CFL:      221.684  fnorm: 7.235822E-02  CPU:  34.8687  WU: 1173.5950 #LI:   47 #ILI:  -1 om:1.0000
Step:  21  CFL:      332.526  fnorm: 2.100046E-02  CPU:  37.7057  WU: 1269.0823 #LI:   50 #ILI:  -1 om:1.0000
Step:  22  CFL:      498.789  fnorm: 4.756983E-03  CPU:  40.5589  WU: 1365.1120 #LI:   52 #ILI:  -1 om:1.0000
Step:  23  CFL:      748.183  fnorm: 7.082013E-04  CPU:  43.4131  WU: 1461.1797 #LI:   51 #ILI:  -1 om:1.0000
Step:  24  CFL:      1122.27  fnorm: 6.821695E-05  CPU:  46.2895  WU: 1557.9931 #LI:   52 #ILI:  -1 om:1.0000
Step:  25  CFL:      1683.41  fnorm: 4.255958E-06  CPU:  49.0681  WU: 1651.5134 #LI:   52 #ILI:  -1 om:1.0000
Step:  26  CFL:      2525.12  fnorm: 1.714839E-07  CPU:  51.8035  WU: 1743.5799 #LI:   51 #ILI:  -1 om:1.0000
Step:  27  CFL:      3787.68  fnorm: 4.592606E-09  CPU:  54.6104  WU: 1838.0526 #LI:   51 #ILI:  -1 om:1.0000
FI Time : 0.029711
Jac Time : 21.4043
KSP Time : 31.1552
Min/max recon condition numbers:    1.04743    1.64012
CLv: 2.35494e-07
CDv: 0.00395687
CSv: 5.28735e-16
CLp: -35.7152
CDp: 0
CSp: 0
Cf at x=0.97008 and z = 0.5: 0.00350310 
Min/max recon condition numbers:    1.04743    1.64012
