Reading local file options/h1_p4_lines.opt for options. 
#PETSc Option Table entries:
-C 0.1
-a 4
-angle 0
-d 3
-exnut 1
-f MESH/plate_m1
-ita_history_name pp_data/h1_p4_lines.hst
-ita_target_residual 1e-8
-jacobian_type recanalytic
-ksp_gmres_preallocate
-ksp_gmres_restart 100
-ksp_ksp_max_it 10
-ksp_ksp_type gmres
-ksp_max_it 500
-ksp_norm_type unpreconditioned
-ksp_pc_type bjacobi
-ksp_rtol 1e-3
-ksp_sub_ksp_gmres_preallocate
-ksp_sub_pc_factor_levels 2
-ksp_sub_pc_factor_mat_ordering_type lines
-ksp_sub_pc_type ilu
-ksp_type fgmres
-mach 0.2
-max_iter 35
-mcell3d_old_initrecon
-mcell3d_part_file MESH/plate_m1
-mesh_type c
-mu 1e-5
-no_distance_weight
-opt options/h1_p4_lines.opt
-pc_type ksp
-physics TurbSA3D
-pre_order 1
-pseudolts_fixed
-recon_condition
-reynolds 5e6
-sol sol/h1_p3
-sol_out sol/h1_p4
-turbsa3d_pp_file pp_data/h1_p4_lines.postproc
-turbsa3d_problem_data flat_plate
-vv 1
#End of PETSc Option Table entries
Physics classes defined: AUSM2D AUSMP2D AdvDiff Advection Burgers Carreau2D Euler2DAdjoint Euler3D Newtonian2D Poisson Potential PowerLaw2D Roe2D RoeTurbSA2D RoeVisc2D RoeVisc2DAdjoint TurbSA3D ViscBurgers 
DualPhysics classes defined: AUSM2DError AUSMP2DError AdvDiffError AdvectionError BurgersError Carreau2DError Newtonian2DError PoissonError PowerLaw2DError Roe2DError RoeTurbSA2DError RoeVisc2DError ViscBurgersError 
MeshCell3D Constructor ------------------------------------------- 
Reading MESH/plate_m1.vmesh 
Reading MESH/plate_m1_npart8.part for partition data. 
[0] faces: n_interior = 4605; n_boundary = 875; n_partition = 457; n_total = 5937
[1] faces: n_interior = 4768; n_boundary = 593; n_partition = 749; n_total = 6110
[2] faces: n_interior = 4594; n_boundary = 510; n_partition = 796; n_total = 5900
[3] faces: n_interior = 4927; n_boundary = 766; n_partition = 390; n_total = 6083
[4] faces: n_interior = 4946; n_boundary = 860; n_partition = 252; n_total = 6058
[5] faces: n_interior = 4821; n_boundary = 582; n_partition = 498; n_total = 5901
[6] faces: n_interior = 4651; n_boundary = 561; n_partition = 631; n_total = 5843
[7] faces: n_interior = 4736; n_boundary = 649; n_partition = 415; n_total = 5800
n_global_faces = 45538
Extra Quadrature Order: cell: 0  face: 0 
Stencil size: 0, 6, 15, 30 
Calling old init recon. 
Global Num of CVs : 14280
[0] Num of CVs : 1757
[1] Num of CVs : 1813
[2] Num of CVs : 1749
[3] Num of CVs : 1835
[4] Num of CVs : 1834
[5] Num of CVs : 1787
[6] Num of CVs : 1749
[7] Num of CVs : 1756
End of MeshCell3D Constructor ------------------------------------ 
Creating a TurbSA3D Physics object. 
alpha=0.000000 psi=0. 
Min/max recon condition numbers:    10.2842    146.689
Recon Order: 4 
Recon Order: 4 
Recon Order: 4 
Recon Order: 4 
Recon Order: 4 
Recon Order: 4 
Recon Order: 4 
Recon Order: 4 
Min/max recon condition numbers:    10.2842    326.199
Jacobian is of order: 4 
Beginning Matrix Assembly
Control volumes: 14280, non-zeros: 173845
Assembled Matrix
Min/max recon condition numbers:    1.04743    2.19163
Physics space dimensions: 3 
Creating a Advection Physics object. 
Physics space dimensions: 3 
Creating a Poisson Physics object. 
Physics space dimensions: 3 
Beginning Matrix Assembly
Control volumes: 14280, non-zeros: 11424
Assembled Matrix
FOUND WIEGHTS. 
FOUND WIEGHTS. 
FOUND WIEGHTS. 
FOUND WIEGHTS. 
FOUND WIEGHTS. 
FOUND WIEGHTS. 
FOUND WIEGHTS. 
FOUND WIEGHTS. 
Creating a recon of order 1 for JacInteg 
Beginning Matrix Assembly
Control volumes: 14280, non-zeros: 11424
Assembled Matrix
KSP Object: 8 MPI processes
  type: fgmres
    GMRES: restart=100, using Classical (unmodified) Gram-Schmidt Orthogonalization with no iterative refinement
    GMRES: happy breakdown tolerance 1e-30
  maximum iterations=500, initial guess is zero
  tolerances:  relative=0.001, absolute=1e-16, divergence=10000.
  right preconditioning
  using UNPRECONDITIONED norm type for convergence test
PC Object: 8 MPI processes
  type: ksp
  KSP and PC on KSP preconditioner follow
  ---------------------------------
    KSP Object:    (ksp_)     8 MPI processes
      type: gmres
        GMRES: restart=30, using Classical (unmodified) Gram-Schmidt Orthogonalization with no iterative refinement
        GMRES: happy breakdown tolerance 1e-30
      maximum iterations=10, initial guess is zero
      tolerances:  relative=1e-05, absolute=1e-50, divergence=10000.
      left preconditioning
      using PRECONDITIONED norm type for convergence test
    PC Object:    (ksp_)     8 MPI processes
      type: bjacobi
        block Jacobi: number of blocks = 8
        Local solve is same for all blocks, in the following KSP and PC objects:
      KSP Object:      (ksp_sub_)       1 MPI processes
        type: preonly
        maximum iterations=10000, initial guess is zero
        tolerances:  relative=1e-05, absolute=1e-50, divergence=10000.
        left preconditioning
        using DEFAULT norm type for convergence test
      PC Object:      (ksp_sub_)       1 MPI processes
        type: ilu
        PC has not been set up so information may be incomplete
          ILU: out-of-place factorization
          2 levels of fill
          tolerance for zero pivot 2.22045e-14
          matrix ordering: lines
        linear system matrix = precond matrix:
        Mat Object:         1 MPI processes
          type: seqbaij
          rows=10542, cols=10542, bs=6
          total: nonzeros=394812, allocated nonzeros=394812
          total number of mallocs used during MatSetValues calls =0
              block size is 6
      linear system matrix = precond matrix:
      Mat Object:       8 MPI processes
        type: mpibaij
        rows=85680, cols=85680, bs=6
        total: nonzeros=3404304, allocated nonzeros=3404304
        total number of mallocs used during MatSetValues calls =0
            block size is 6
  ---------------------------------
  linear system matrix followed by preconditioner matrix:
  Mat Object:   8 MPI processes
    type: mpibaij
    rows=85680, cols=85680, bs=6
    total: nonzeros=53743248, allocated nonzeros=53743248
    total number of mallocs used during MatSetValues calls =0
        block size is 6
  Mat Object:   8 MPI processes
    type: mpibaij
    rows=85680, cols=85680, bs=6
    total: nonzeros=3404304, allocated nonzeros=3404304
    total number of mallocs used during MatSetValues calls =0
        block size is 6
Initial fnorm: 2172.68 
reordering using the lines ... 
reordering using the lines ... 
reordering using the lines ... 
reordering using the lines ... 
reordering using the lines ... 
reordering using the lines ... 
reordering using the lines ... 
reordering using the lines ... 
Step:   1  CFL:          0.1  fnorm: 5.427601E+02  CPU:   5.5839  WU:  56.8020 #LI:    8 #ILI:  -1 om:1.0000
Step:   2  CFL:         0.15  fnorm: 2.175043E+02  CPU:  11.2928  WU: 114.8762 #LI:    8 #ILI:  -1 om:1.0000
Step:   3  CFL:        0.225  fnorm: 1.427180E+02  CPU:  16.9874  WU: 172.8046 #LI:    9 #ILI:  -1 om:1.0000
Step:   4  CFL:       0.3375  fnorm: 1.121915E+02  CPU:  22.7668  WU: 231.5961 #LI:   10 #ILI:  -1 om:1.0000
Step:   5  CFL:      0.50625  fnorm: 8.864844E+01  CPU:  28.5752  WU: 290.6822 #LI:   11 #ILI:  -1 om:1.0000
Step:   6  CFL:     0.759375  fnorm: 6.854405E+01  CPU:  34.5432  WU: 351.3910 #LI:   12 #ILI:  -1 om:1.0000
Step:   7  CFL:      1.13906  fnorm: 4.849613E+01  CPU:  40.6058  WU: 413.0634 #LI:   12 #ILI:  -1 om:1.0000
Step:   8  CFL:      1.70859  fnorm: 2.901391E+01  CPU:  46.7901  WU: 475.9737 #LI:   14 #ILI:  -1 om:1.0000
Step:   9  CFL:      2.56289  fnorm: 1.358935E+01  CPU:  52.9979  WU: 539.1221 #LI:   15 #ILI:  -1 om:1.0000
Step:  10  CFL:      3.84434  fnorm: 5.378783E+00  CPU:  59.2849  WU: 603.0768 #LI:   17 #ILI:  -1 om:1.0000
Step:  11  CFL:       5.7665  fnorm: 3.035405E+00  CPU:  65.7736  WU: 669.0838 #LI:   21 #ILI:  -1 om:1.0000
Step:  12  CFL:      8.64976  fnorm: 1.702688E+00  CPU:  72.3897  WU: 736.3862 #LI:   23 #ILI:  -1 om:1.0000
Step:  13  CFL:      12.9746  fnorm: 7.061926E-01  CPU:  79.1886  WU: 805.5483 #LI:   26 #ILI:  -1 om:1.0000
Step:  14  CFL:       19.462  fnorm: 2.962681E-01  CPU:  86.2716  WU: 877.5994 #LI:   31 #ILI:  -1 om:1.0000
Step:  15  CFL:      29.1929  fnorm: 1.349857E-01  CPU:  93.6167  WU: 952.3182 #LI:   36 #ILI:  -1 om:1.0000
Step:  16  CFL:      43.7894  fnorm: 6.266319E-02  CPU: 101.2734  WU: 1030.2060 #LI:   42 #ILI:  -1 om:1.0000
Step:  17  CFL:      65.6841  fnorm: 3.023913E-02  CPU: 109.1062  WU: 1109.8850 #LI:   49 #ILI:  -1 om:1.0000
Step:  18  CFL:      98.5261  fnorm: 1.648188E-02  CPU: 117.2868  WU: 1193.1025 #LI:   54 #ILI:  -1 om:1.0000
Step:  19  CFL:      147.789  fnorm: 7.551601E-03  CPU: 126.4953  WU: 1286.7762 #LI:   62 #ILI:  -1 om:1.0000
Step:  20  CFL:      221.684  fnorm: 2.672068E-03  CPU: 135.5592  WU: 1378.9794 #LI:   65 #ILI:  -1 om:1.0000
Step:  21  CFL:      332.526  fnorm: 9.995071E-04  CPU: 145.3336  WU: 1478.4097 #LI:   77 #ILI:  -1 om:1.0000
Step:  22  CFL:      498.789  fnorm: 3.248948E-04  CPU: 155.1639  WU: 1578.4082 #LI:   79 #ILI:  -1 om:1.0000
Step:  23  CFL:      748.183  fnorm: 6.500242E-05  CPU: 164.7472  WU: 1675.8950 #LI:   76 #ILI:  -1 om:1.0000
Step:  24  CFL:      1122.27  fnorm: 7.639175E-06  CPU: 174.0512  WU: 1770.5396 #LI:   72 #ILI:  -1 om:1.0000
Step:  25  CFL:      1683.41  fnorm: 5.473544E-07  CPU: 183.6205  WU: 1867.8833 #LI:   72 #ILI:  -1 om:1.0000
Step:  26  CFL:      2525.12  fnorm: 2.509519E-08  CPU: 193.3077  WU: 1966.4270 #LI:   72 #ILI:  -1 om:1.0000
Step:  27  CFL:      3787.68  fnorm: 3.926160E-09  CPU: 202.3612  WU: 2058.5243 #LI:   71 #ILI:  -1 om:1.0000
FI Time : 0.098304
Jac Time : 139.671
KSP Time : 56.9829
Min/max recon condition numbers:    1.04743    1.64012
CLv: 4.53223e-09
CDv: 0.00232923
CSv: 1.5384e-15
CLp: -35.7157
CDp: 0
CSp: 0
Cf at x=0.97008 and z = 0.5: 0.00221782 
Min/max recon condition numbers:    10.2842    146.689
