[n156:01579] System has detected external process binding to cores 0001
[n156:01579] MCW rank 0 bound to socket 0[core 0]: [B]
[n151:22260] MCW rank 1 bound to socket 0[core 0]: [B]
[n145:00314] MCW rank 2 bound to socket 0[core 0]: [B]
[n140:14789] MCW rank 4 bound to socket 0[core 0]: [B]
[n135:30669] MCW rank 6 bound to socket 0[core 0]: [B]
[n142:13976] MCW rank 3 bound to socket 0[core 0]: [B]
[n137:12275] MCW rank 5 bound to socket 0[core 0]: [B]
[n129:06930] MCW rank 7 bound to socket 0[core 0]: [B]
Reading local file options/h2_p4_ksp.opt for options. 
#PETSc Option Table entries:
-C 0.1
-a 4
-angle 0
-d 3
-exnut 1
-f MESH/plate_m2
-ita_history_name pp_data/h2_p4_ksp.hst
-ita_target_residual 1e-8
-jacobian_type recanalytic
-ksp_gmres_preallocate
-ksp_gmres_restart 100
-ksp_ksp_max_it 10
-ksp_ksp_norm_type preconditioned
-ksp_ksp_type gmres
-ksp_max_it 500
-ksp_norm_type unpreconditioned
-ksp_pc_type bjacobi
-ksp_rtol 1e-3
-ksp_sub_ksp_gmres_preallocate
-ksp_sub_ksp_type preonly
-ksp_sub_pc_factor_levels 2
-ksp_sub_pc_factor_mat_ordering_type rcm
-ksp_sub_pc_type ilu
-ksp_type fgmres
-mach 0.2
-max_iter 70
-mcell3d_old_initrecon
-mcell3d_part_file NULL
-mesh_type c
-no_distance_weight
-opt options/h2_p4_ksp.opt
-pc_type ksp
-physics TurbSA3D
-pre_order 1
-pseudolts_fixed
-recon_condition
-reynolds 5e6
-sol sol/h2_p3
-sol_out sol/h2_p4
-turbsa3d_pp_file pp_data/h2_p4_ksp.postproc
-turbsa3d_problem_data flat_plate
#End of PETSc Option Table entries
Physics classes defined: AUSM2D AUSMP2D AdvDiff Advection Burgers Carreau2D Euler2DAdjoint Euler3D Newtonian2D Poisson Potential PowerLaw2D Roe2D RoeTurbSA2D RoeVisc2D RoeVisc2DAdjoint TurbSA3D ViscBurgers 
DualPhysics classes defined: AUSM2DError AUSMP2DError AdvDiffError AdvectionError BurgersError Carreau2DError Newtonian2DError PoissonError PowerLaw2DError Roe2DError RoeTurbSA2DError RoeVisc2DError ViscBurgersError 
MeshCell3D Constructor ------------------------------------------- 
Reading MESH/plate_m2.vmesh 
[0] faces: n_interior = 41651; n_boundary = 2481; n_partition = 1979; n_total = 46111
[1] faces: n_interior = 36507; n_boundary = 2135; n_partition = 2149; n_total = 40791
[2] faces: n_interior = 40206; n_boundary = 2554; n_partition = 1838; n_total = 44598
[3] faces: n_interior = 40077; n_boundary = 2388; n_partition = 2256; n_total = 44721
[4] faces: n_interior = 41802; n_boundary = 2961; n_partition = 1245; n_total = 46008
[5] faces: n_interior = 41943; n_boundary = 3020; n_partition = 1492; n_total = 46455
[6] faces: n_interior = 40977; n_boundary = 3024; n_partition = 1182; n_total = 45183
[7] faces: n_interior = 42027; n_boundary = 3021; n_partition = 1335; n_total = 46383
n_global_faces = 353512
Extra Quadrature Order: cell: 0  face: 0 
Stencil size: 0, 6, 15, 30 
Calling old init recon. 
Global Num of CVs : 114240
[0] Num of CVs : 14627
[1] Num of CVs : 12883
[2] Num of CVs : 14134
[3] Num of CVs : 14133
[4] Num of CVs : 14635
[5] Num of CVs : 14733
[6] Num of CVs : 14360
[7] Num of CVs : 14735
End of MeshCell3D Constructor ------------------------------------ 
Creating a TurbSA3D Physics object. 
alpha=0.000000 psi=0. 
Min/max recon condition numbers:    9.34682    134.202
Recon Order: 4 
Recon Order: 4 
Recon Order: 4 
Recon Order: 4 
Recon Order: 4 
Recon Order: 4 
Recon Order: 4 
Recon Order: 4 
Min/max recon condition numbers:    9.34682    310.103
Jacobian is of order: 4 
Beginning Matrix Assembly
Control volumes: 114240, non-zeros: 1717493
Assembled Matrix
Creating a recon of order 1 for JacInteg 
Beginning Matrix Assembly
Control volumes: 114240, non-zeros: 99908
Assembled Matrix
KSP Object: 8 MPI processes
  type: fgmres
    GMRES: restart=100, using Classical (unmodified) Gram-Schmidt Orthogonalization with no iterative refinement
    GMRES: happy breakdown tolerance 1e-30
  maximum iterations=500, initial guess is zero
  tolerances:  relative=0.001, absolute=1e-16, divergence=10000.
  right preconditioning
  using UNPRECONDITIONED norm type for convergence test
PC Object: 8 MPI processes
  type: ksp
  KSP and PC on KSP preconditioner follow
  ---------------------------------
    KSP Object:    (ksp_)     8 MPI processes
      type: gmres
        GMRES: restart=30, using Classical (unmodified) Gram-Schmidt Orthogonalization with no iterative refinement
        GMRES: happy breakdown tolerance 1e-30
      maximum iterations=10, initial guess is zero
      tolerances:  relative=1e-05, absolute=1e-50, divergence=10000.
      left preconditioning
      using PRECONDITIONED norm type for convergence test
    PC Object:    (ksp_)     8 MPI processes
      type: bjacobi
        block Jacobi: number of blocks = 8
        Local solve is same for all blocks, in the following KSP and PC objects:
      KSP Object:      (ksp_sub_)       1 MPI processes
        type: preonly
        maximum iterations=10000, initial guess is zero
        tolerances:  relative=1e-05, absolute=1e-50, divergence=10000.
        left preconditioning
        using DEFAULT norm type for convergence test
      PC Object:      (ksp_sub_)       1 MPI processes
        type: ilu
        PC has not been set up so information may be incomplete
          ILU: out-of-place factorization
          2 levels of fill
          tolerance for zero pivot 2.22045e-14
          matrix ordering: rcm
        linear system matrix = precond matrix:
        Mat Object:         1 MPI processes
          type: seqbaij
          rows=87762, cols=87762, bs=6
          total: nonzeros=3525444, allocated nonzeros=3525444
          total number of mallocs used during MatSetValues calls =0
              block size is 6
      linear system matrix = precond matrix:
      Mat Object:       8 MPI processes
        type: mpibaij
        rows=685440, cols=685440, bs=6
        total: nonzeros=28011456, allocated nonzeros=28011456
        total number of mallocs used during MatSetValues calls =0
            block size is 6
  ---------------------------------
  linear system matrix followed by preconditioner matrix:
  Mat Object:   8 MPI processes
    type: mpibaij
    rows=685440, cols=685440, bs=6
    total: nonzeros=478254528, allocated nonzeros=478254528
    total number of mallocs used during MatSetValues calls =0
        block size is 6
  Mat Object:   8 MPI processes
    type: mpibaij
    rows=685440, cols=685440, bs=6
    total: nonzeros=28011456, allocated nonzeros=28011456
    total number of mallocs used during MatSetValues calls =0
        block size is 6
Initial fnorm: 6826.67 
Step:   1  CFL:          0.1  fnorm: 1.727406E+03  CPU:  45.5682  WU:  58.3563 #LI:    8 #ILI:  -1 om:1.0000
Step:   2  CFL:         0.15  fnorm: 6.628416E+02  CPU:  92.8567  WU: 118.9156 #LI:   10 #ILI:  -1 om:1.0000
Step:   3  CFL:        0.225  fnorm: 3.844473E+02  CPU: 140.5462  WU: 179.9885 #LI:   10 #ILI:  -1 om:1.0000
Step:   4  CFL:       0.3375  fnorm: 2.977912E+02  CPU: 188.7964  WU: 241.7794 #LI:   12 #ILI:  -1 om:1.0000
Step:   5  CFL:      0.50625  fnorm: 2.244067E+02  CPU: 237.5740  WU: 304.2458 #LI:   14 #ILI:  -1 om:1.0000
Step:   6  CFL:     0.759375  fnorm: 1.560081E+02  CPU: 286.7668  WU: 367.2438 #LI:   15 #ILI:  -1 om:1.0000
Step:   7  CFL:      1.13906  fnorm: 9.819003E+01  CPU: 338.5327  WU: 433.5371 #LI:   18 #ILI:  -1 om:1.0000
Step:   8  CFL:      1.70859  fnorm: 5.543819E+01  CPU: 392.2368  WU: 502.3125 #LI:   21 #ILI:  -1 om:1.0000
Step:   9  CFL:      2.56289  fnorm: 2.918473E+01  CPU: 446.6090  WU: 571.9435 #LI:   23 #ILI:  -1 om:1.0000
Step:  10  CFL:      3.84434  fnorm: 1.529288E+01  CPU: 501.7167  WU: 642.5163 #LI:   26 #ILI:  -1 om:1.0000
Step:  11  CFL:       5.7665  fnorm: 7.928290E+00  CPU: 558.0961  WU: 714.7178 #LI:   29 #ILI:  -1 om:1.0000
Step:  12  CFL:      8.64976  fnorm: 3.877165E+00  CPU: 617.0819  WU: 790.2572 #LI:   34 #ILI:  -1 om:1.0000
Step:  13  CFL:      12.9746  fnorm: 1.854462E+00  CPU: 679.4528  WU: 870.1316 #LI:   39 #ILI:  -1 om:1.0000
Step:  14  CFL:       19.462  fnorm: 9.558937E-01  CPU: 742.0906  WU: 950.3478 #LI:   45 #ILI:  -1 om:1.0000
Step:  15  CFL:      29.1929  fnorm: 4.765133E-01  CPU: 809.8457  WU: 1037.1174 #LI:   50 #ILI:  -1 om:1.0000
Step:  16  CFL:      43.7894  fnorm: 2.034748E-01  CPU: 882.1817  WU: 1129.7535 #LI:   55 #ILI:  -1 om:1.0000
Step:  17  CFL:      65.6841  fnorm: 8.485220E-02  CPU: 957.1246  WU: 1225.7280 #LI:   63 #ILI:  -1 om:1.0000
Step:  18  CFL:      98.5261  fnorm: 4.105298E-02  CPU: 1031.8913  WU: 1321.4770 #LI:   71 #ILI:  -1 om:1.0000
Step:  19  CFL:      147.789  fnorm: 1.949669E-02  CPU: 1116.5066  WU: 1429.8384 #LI:   82 #ILI:  -1 om:1.0000
Step:  20  CFL:      221.684  fnorm: 7.787856E-03  CPU: 1204.8266  WU: 1542.9442 #LI:   95 #ILI:  -1 om:1.0000
Step:  21  CFL:      332.526  fnorm: 2.565747E-03  CPU: 1308.6210  WU: 1675.8669 #LI:  123 #ILI:  -1 om:1.0000
Step:  22  CFL:      498.789  fnorm: 5.990408E-04  CPU: 1428.3678  WU: 1829.2191 #LI:  148 #ILI:  -1 om:1.0000
Step:  23  CFL:      748.183  fnorm: 7.185065E-05  CPU: 1555.7819  WU: 1992.3901 #LI:  164 #ILI:  -1 om:1.0000
Step:  24  CFL:      1122.27  fnorm: 6.760905E-06  CPU: 1695.9582  WU: 2171.9049 #LI:  182 #ILI:  -1 om:1.0000
Step:  25  CFL:      1683.41  fnorm: 1.653362E-06  CPU: 1865.2739  WU: 2388.7366 #LI:  217 #ILI:  -1 om:1.0000
Step:  26  CFL:      2525.12  fnorm: 1.763177E-07  CPU: 2012.6116  WU: 2577.4226 #LI:  181 #ILI:  -1 om:1.0000
Step:  27  CFL:      3787.68  fnorm: 2.726027E-08  CPU: 2163.1112  WU: 2770.1578 #LI:  178 #ILI:  -1 om:1.0000
Step:  28  CFL:      5681.51  fnorm: 2.295529E-08  CPU: 2301.4714  WU: 2947.3468 #LI:  155 #ILI:  -1 om:1.0000
Step:  29  CFL:      8522.27  fnorm: 1.082918E-08  CPU: 2410.2816  WU: 3086.6930 #LI:  113 #ILI:  -1 om:1.0000
Step:  30  CFL:      12783.4  fnorm: 8.755301E-09  CPU: 2505.4753  WU: 3208.6015 #LI:   94 #ILI:  -1 om:1.0000
FI Time : 0.780862
Jac Time : 1272.2
KSP Time : 1188.74
Min/max recon condition numbers:    1.07374    1.42953
CLv: 7.701e-08
CDv: 0.00285049
CSv: -6.28993e-15
CLp: -35.715
CDp: 0
CSp: 0
Cf at x=0.97008 and z = 0.5: 0.00271428 
Min/max recon condition numbers:    9.34682    134.202
