[n154:08066] System has detected external process binding to cores 0001
[n154:08066] MCW rank 0 bound to socket 0[core 0]: [B]
[n145:32212] MCW rank 2 bound to socket 0[core 0]: [B]
[n135:09306] MCW rank 4 bound to socket 0[core 0]: [B]
[n151:21470] MCW rank 1 bound to socket 0[core 0]: [B]
[n130:10702] MCW rank 5 bound to socket 0[core 0]: [B]
[n137:30389] MCW rank 3 bound to socket 0[core 0]: [B]
[n129:17674] MCW rank 6 bound to socket 0[core 0]: [B]
[n126:11715] MCW rank 7 bound to socket 0[core 0]: [B]
Reading local file options/h2_p3_lines.opt for options. 
#PETSc Option Table entries:
-C 0.1
-a 3
-angle 0
-d 3
-exnut 1
-f MESH/plate_m2
-ita_history_name pp_data/h2_p3_lines.hst
-ita_target_residual 1e-8
-jacobian_type recanalytic
-ksp_gmres_preallocate
-ksp_gmres_restart 100
-ksp_ksp_max_it 10
-ksp_ksp_type gmres
-ksp_max_it 500
-ksp_norm_type unpreconditioned
-ksp_pc_type bjacobi
-ksp_rtol 1e-3
-ksp_sub_ksp_gmres_preallocate
-ksp_sub_pc_factor_levels 2
-ksp_sub_pc_factor_mat_ordering_type lines
-ksp_sub_pc_type ilu
-ksp_type fgmres
-mach 0.2
-max_iter 70
-mcell3d_old_initrecon
-mcell3d_part_file MESH/plate_m2
-mesh_type c
-mu 1e-5
-no_distance_weight
-opt options/h2_p3_lines.opt
-pc_type ksp
-physics TurbSA3D
-pre_order 1
-pseudolts_fixed
-recon_condition
-reynolds 5e6
-sol sol/h2_p2
-sol_out sol/h2_p3
-turbsa3d_pp_file pp_data/h2_p3_lines.postproc
-turbsa3d_problem_data flat_plate
-vv 1
#End of PETSc Option Table entries
Physics classes defined: AUSM2D AUSMP2D AdvDiff Advection Burgers Carreau2D Euler2DAdjoint Euler3D Newtonian2D Poisson Potential PowerLaw2D Roe2D RoeTurbSA2D RoeVisc2D RoeVisc2DAdjoint TurbSA3D ViscBurgers 
DualPhysics classes defined: AUSM2DError AUSMP2DError AdvDiffError AdvectionError BurgersError Carreau2DError Newtonian2DError PoissonError PowerLaw2DError Roe2DError RoeTurbSA2DError RoeVisc2DError ViscBurgersError 
MeshCell3D Constructor ------------------------------------------- 
Reading MESH/plate_m2.vmesh 
Reading MESH/plate_m2_npart8.part for partition data. 
[0] faces: n_interior = 41561; n_boundary = 3290; n_partition = 1278; n_total = 46129
[1] faces: n_interior = 38963; n_boundary = 2177; n_partition = 3423; n_total = 44563
[2] faces: n_interior = 40775; n_boundary = 3619; n_partition = 1861; n_total = 46255
[3] faces: n_interior = 40873; n_boundary = 2131; n_partition = 3285; n_total = 46289
[4] faces: n_interior = 38767; n_boundary = 2588; n_partition = 1766; n_total = 43121
[5] faces: n_interior = 38437; n_boundary = 2319; n_partition = 4027; n_total = 44783
[6] faces: n_interior = 41125; n_boundary = 3414; n_partition = 1108; n_total = 45647
[7] faces: n_interior = 40808; n_boundary = 2046; n_partition = 4490; n_total = 47344
n_global_faces = 353512
Extra Quadrature Order: cell: 0  face: 0 
Stencil size: 0, 6, 15, 30 
Calling old init recon. 
Global Num of CVs : 114240
[0] Num of CVs : 14615
[1] Num of CVs : 13921
[2] Num of CVs : 14505
[3] Num of CVs : 14527
[4] Num of CVs : 13648
[5] Num of CVs : 13870
[6] Num of CVs : 14462
[7] Num of CVs : 14692
End of MeshCell3D Constructor ------------------------------------ 
Creating a TurbSA3D Physics object. 
alpha=0.000000 psi=0. 
Min/max recon condition numbers:    1.65777    14.1828
Recon Order: 3 
Recon Order: 3 
Recon Order: 3 
Recon Order: 3 
Recon Order: 3 
Recon Order: 3 
Recon Order: 3 
Recon Order: 3 
Min/max recon condition numbers:    1.65777    48.5149
Jacobian is of order: 3 
Beginning Matrix Assembly
Control volumes: 114240, non-zeros: 842672
Assembled Matrix
Min/max recon condition numbers:    1.07374    1.99859
Physics space dimensions: 3 
Creating a Advection Physics object. 
Physics space dimensions: 3 
Creating a Poisson Physics object. 
Physics space dimensions: 3 
Beginning Matrix Assembly
Control volumes: 114240, non-zeros: 99015
Assembled Matrix
FOUND WIEGHTS. 
FOUND WIEGHTS. 
FOUND WIEGHTS. 
FOUND WIEGHTS. 
FOUND WIEGHTS. 
FOUND WIEGHTS. 
FOUND WIEGHTS. 
FOUND WIEGHTS. 
Creating a recon of order 1 for JacInteg 
Beginning Matrix Assembly
Control volumes: 114240, non-zeros: 99015
Assembled Matrix
KSP Object: 8 MPI processes
  type: fgmres
    GMRES: restart=100, using Classical (unmodified) Gram-Schmidt Orthogonalization with no iterative refinement
    GMRES: happy breakdown tolerance 1e-30
  maximum iterations=500, initial guess is zero
  tolerances:  relative=0.001, absolute=1e-16, divergence=10000.
  right preconditioning
  using UNPRECONDITIONED norm type for convergence test
PC Object: 8 MPI processes
  type: ksp
  KSP and PC on KSP preconditioner follow
  ---------------------------------
    KSP Object:    (ksp_)     8 MPI processes
      type: gmres
        GMRES: restart=30, using Classical (unmodified) Gram-Schmidt Orthogonalization with no iterative refinement
        GMRES: happy breakdown tolerance 1e-30
      maximum iterations=10, initial guess is zero
      tolerances:  relative=1e-05, absolute=1e-50, divergence=10000.
      left preconditioning
      using PRECONDITIONED norm type for convergence test
    PC Object:    (ksp_)     8 MPI processes
      type: bjacobi
        block Jacobi: number of blocks = 8
        Local solve is same for all blocks, in the following KSP and PC objects:
      KSP Object:      (ksp_sub_)       1 MPI processes
        type: preonly
        maximum iterations=10000, initial guess is zero
        tolerances:  relative=1e-05, absolute=1e-50, divergence=10000.
        left preconditioning
        using DEFAULT norm type for convergence test
      PC Object:      (ksp_sub_)       1 MPI processes
        type: ilu
        PC has not been set up so information may be incomplete
          ILU: out-of-place factorization
          2 levels of fill
          tolerance for zero pivot 2.22045e-14
          matrix ordering: lines
        linear system matrix = precond matrix:
        Mat Object:         1 MPI processes
          type: seqbaij
          rows=87690, cols=87690, bs=6
          total: nonzeros=3518532, allocated nonzeros=3518532
          total number of mallocs used during MatSetValues calls =0
              block size is 6
      linear system matrix = precond matrix:
      Mat Object:       8 MPI processes
        type: mpibaij
        rows=685440, cols=685440, bs=6
        total: nonzeros=28011456, allocated nonzeros=28011456
        total number of mallocs used during MatSetValues calls =0
            block size is 6
  ---------------------------------
  linear system matrix followed by preconditioner matrix:
  Mat Object:   8 MPI processes
    type: mpibaij
    rows=685440, cols=685440, bs=6
    total: nonzeros=240046272, allocated nonzeros=240046272
    total number of mallocs used during MatSetValues calls =0
        block size is 6
  Mat Object:   8 MPI processes
    type: mpibaij
    rows=685440, cols=685440, bs=6
    total: nonzeros=28011456, allocated nonzeros=28011456
    total number of mallocs used during MatSetValues calls =0
        block size is 6
Initial fnorm: 9592.42 
reordering using the lines ... 
reordering using the lines ... 
reordering using the lines ... 
reordering using the lines ... 
reordering using the lines ... 
reordering using the lines ... 
reordering using the lines ... 
reordering using the lines ... 
Step:   1  CFL:          0.1  fnorm: 3.999172E+03  CPU:  26.1113  WU:  34.3390 #LI:    7 #ILI:  -1 om:1.0000
Step:   2  CFL:         0.15  fnorm: 2.113242E+03  CPU:  53.0593  WU:  69.7783 #LI:    8 #ILI:  -1 om:1.0000
Step:   3  CFL:        0.225  fnorm: 1.427158E+03  CPU:  80.2528  WU: 105.5405 #LI:    9 #ILI:  -1 om:1.0000
Step:   4  CFL:       0.3375  fnorm: 1.001464E+03  CPU: 108.5741  WU: 142.7859 #LI:   11 #ILI:  -1 om:1.0000
Step:   5  CFL:      0.50625  fnorm: 6.870711E+02  CPU: 136.7879  WU: 179.8899 #LI:   12 #ILI:  -1 om:1.0000
Step:   6  CFL:     0.759375  fnorm: 4.487693E+02  CPU: 166.3096  WU: 218.7139 #LI:   13 #ILI:  -1 om:1.0000
Step:   7  CFL:      1.13906  fnorm: 2.754426E+02  CPU: 197.5181  WU: 259.7562 #LI:   16 #ILI:  -1 om:1.0000
Step:   8  CFL:      1.70859  fnorm: 1.601173E+02  CPU: 229.6707  WU: 302.0402 #LI:   18 #ILI:  -1 om:1.0000
Step:   9  CFL:      2.56289  fnorm: 8.965136E+01  CPU: 263.8027  WU: 346.9272 #LI:   21 #ILI:  -1 om:1.0000
Step:  10  CFL:      3.84434  fnorm: 4.877309E+01  CPU: 299.2699  WU: 393.5701 #LI:   23 #ILI:  -1 om:1.0000
Step:  11  CFL:       5.7665  fnorm: 2.536205E+01  CPU: 337.3534  WU: 443.6538 #LI:   27 #ILI:  -1 om:1.0000
Step:  12  CFL:      8.64976  fnorm: 1.232716E+01  CPU: 376.6804  WU: 495.3728 #LI:   30 #ILI:  -1 om:1.0000
Step:  13  CFL:      12.9746  fnorm: 5.790559E+00  CPU: 417.1513  WU: 548.5961 #LI:   35 #ILI:  -1 om:1.0000
Step:  14  CFL:       19.462  fnorm: 2.813619E+00  CPU: 459.7781  WU: 604.6546 #LI:   40 #ILI:  -1 om:1.0000
Step:  15  CFL:      29.1929  fnorm: 1.324233E+00  CPU: 505.3161  WU: 664.5417 #LI:   45 #ILI:  -1 om:1.0000
Step:  16  CFL:      43.7894  fnorm: 5.748854E-01  CPU: 553.1324  WU: 727.4249 #LI:   50 #ILI:  -1 om:1.0000
Step:  17  CFL:      65.6841  fnorm: 2.546781E-01  CPU: 604.2822  WU: 794.6921 #LI:   57 #ILI:  -1 om:1.0000
Step:  18  CFL:      98.5261  fnorm: 1.151123E-01  CPU: 659.5622  WU: 867.3909 #LI:   65 #ILI:  -1 om:1.0000
Step:  19  CFL:      147.789  fnorm: 4.691633E-02  CPU: 711.5394  WU: 935.7462 #LI:   71 #ILI:  -1 om:1.0000
Step:  20  CFL:      221.684  fnorm: 2.010765E-02  CPU: 767.7654  WU: 1009.6889 #LI:   82 #ILI:  -1 om:1.0000
Step:  21  CFL:      332.526  fnorm: 1.078035E-02  CPU: 827.8634  WU: 1088.7240 #LI:   96 #ILI:  -1 om:1.0000
Step:  22  CFL:      498.789  fnorm: 4.853744E-03  CPU: 902.9266  WU: 1187.4396 #LI:  133 #ILI:  -1 om:1.0000
Step:  23  CFL:      748.183  fnorm: 1.524381E-03  CPU: 977.8124  WU: 1285.9220 #LI:  131 #ILI:  -1 om:1.0000
Step:  24  CFL:      1122.27  fnorm: 3.215775E-04  CPU: 1058.1544  WU: 1391.5799 #LI:  131 #ILI:  -1 om:1.0000
Step:  25  CFL:      1683.41  fnorm: 4.471876E-05  CPU: 1142.3405  WU: 1502.2931 #LI:  147 #ILI:  -1 om:1.0000
Step:  26  CFL:      2525.12  fnorm: 4.067365E-06  CPU: 1229.8813  WU: 1617.4180 #LI:  154 #ILI:  -1 om:1.0000
Step:  27  CFL:      3787.68  fnorm: 2.420173E-07  CPU: 1307.7968  WU: 1719.8848 #LI:  125 #ILI:  -1 om:1.0000
Step:  28  CFL:      5681.51  fnorm: 1.917419E-08  CPU: 1385.7146  WU: 1822.3545 #LI:  131 #ILI:  -1 om:1.0000
Step:  29  CFL:      8522.27  fnorm: 1.704443E-08  CPU: 1443.6458  WU: 1898.5400 #LI:   90 #ILI:  -1 om:1.0000
Step:  30  CFL:      12783.4  fnorm: 9.638193E-09  CPU: 1489.6213  WU: 1959.0023 #LI:   49 #ILI:  -1 om:1.0000
FI Time : 0.760398
Jac Time : 719.982
KSP Time : 742.677
Min/max recon condition numbers:    1.07374    1.42953
CLv: 9.0159e-08
CDv: 0.00281222
CSv: -1.68118e-15
CLp: -35.715
CDp: 0
CSp: 0
Cf at x=0.97008 and z = 0.5: 0.00267743 
Min/max recon condition numbers:    1.65777    14.1828
