[n154:08047] System has detected external process binding to cores 0001
[n154:08047] MCW rank 0 bound to socket 0[core 0]: [B]
[n145:32210] MCW rank 2 bound to socket 0[core 0]: [B]
[n137:30387] MCW rank 4 bound to socket 0[core 0]: [B]
[n151:21469] MCW rank 1 bound to socket 0[core 0]: [B]
[n131:02235] MCW rank 6 bound to socket 0[core 0]: [B]
[n142:13408] MCW rank 3 bound to socket 0[core 0]: [B]
[n135:09305] MCW rank 5 bound to socket 0[core 0]: [B]
[n130:10701] MCW rank 7 bound to socket 0[core 0]: [B]
Reading local file options/h2_p2_lines.opt for options. 
#PETSc Option Table entries:
-C 0.1
-a 2
-angle 0
-d 3
-exnut 1
-f MESH/plate_m2
-ita_history_name pp_data/h2_p2_lines.hst
-ita_target_residual 1e-8
-jacobian_type recanalytic
-ksp_gmres_preallocate
-ksp_gmres_restart 100
-ksp_ksp_max_it 10
-ksp_ksp_type gmres
-ksp_max_it 500
-ksp_norm_type unpreconditioned
-ksp_pc_type bjacobi
-ksp_rtol 1e-3
-ksp_sub_ksp_gmres_preallocate
-ksp_sub_pc_factor_levels 2
-ksp_sub_pc_factor_mat_ordering_type lines
-ksp_sub_pc_type ilu
-ksp_type fgmres
-mach 0.2
-max_iter 70
-mcell3d_old_initrecon
-mcell3d_part_file MESH/plate_m2
-mesh_type c
-mu 1e-5
-no_distance_weight
-opt options/h2_p2_lines.opt
-pc_type ksp
-physics TurbSA3D
-pre_order 1
-pseudolts_fixed
-recon_condition
-reynolds 5e6
-sol_out sol/h2_p2
-turbsa3d_pp_file pp_data/h2_p2_lines.postproc
-turbsa3d_problem_data flat_plate
-vv 1
#End of PETSc Option Table entries
Physics classes defined: AUSM2D AUSMP2D AdvDiff Advection Burgers Carreau2D Euler2DAdjoint Euler3D Newtonian2D Poisson Potential PowerLaw2D Roe2D RoeTurbSA2D RoeVisc2D RoeVisc2DAdjoint TurbSA3D ViscBurgers 
DualPhysics classes defined: AUSM2DError AUSMP2DError AdvDiffError AdvectionError BurgersError Carreau2DError Newtonian2DError PoissonError PowerLaw2DError Roe2DError RoeTurbSA2DError RoeVisc2DError ViscBurgersError 
MeshCell3D Constructor ------------------------------------------- 
Reading MESH/plate_m2.vmesh 
Reading MESH/plate_m2_npart8.part for partition data. 
[0] faces: n_interior = 41561; n_boundary = 3290; n_partition = 1278; n_total = 46129
[1] faces: n_interior = 38963; n_boundary = 2177; n_partition = 3423; n_total = 44563
[2] faces: n_interior = 40775; n_boundary = 3619; n_partition = 1861; n_total = 46255
[3] faces: n_interior = 40873; n_boundary = 2131; n_partition = 3285; n_total = 46289
[4] faces: n_interior = 38767; n_boundary = 2588; n_partition = 1766; n_total = 43121
[5] faces: n_interior = 38437; n_boundary = 2319; n_partition = 4027; n_total = 44783
[6] faces: n_interior = 41125; n_boundary = 3414; n_partition = 1108; n_total = 45647
[7] faces: n_interior = 40808; n_boundary = 2046; n_partition = 4490; n_total = 47344
n_global_faces = 353512
Extra Quadrature Order: cell: 0  face: 0 
Stencil size: 0, 6, 15, 30 
Calling old init recon. 
Global Num of CVs : 114240
[0] Num of CVs : 14615
[1] Num of CVs : 13921
[2] Num of CVs : 14505
[3] Num of CVs : 14527
[4] Num of CVs : 13648
[5] Num of CVs : 13870
[6] Num of CVs : 14462
[7] Num of CVs : 14692
End of MeshCell3D Constructor ------------------------------------ 
Creating a TurbSA3D Physics object. 
alpha=0.000000 psi=0. 
Min/max recon condition numbers:    1.07374    1.42953
Recon Order: 2 
Recon Order: 2 
Recon Order: 2 
Recon Order: 2 
Recon Order: 2 
Recon Order: 2 
Recon Order: 2 
Recon Order: 2 
Min/max recon condition numbers:    1.07374    1.99859
Jacobian is of order: 2 
Beginning Matrix Assembly
Control volumes: 114240, non-zeros: 436184
Assembled Matrix
Min/max recon condition numbers:    1.07374    1.99859
Physics space dimensions: 3 
Creating a Advection Physics object. 
Physics space dimensions: 3 
Creating a Poisson Physics object. 
Physics space dimensions: 3 
Beginning Matrix Assembly
Control volumes: 114240, non-zeros: 99015
Assembled Matrix
FOUND WIEGHTS. 
FOUND WIEGHTS. 
FOUND WIEGHTS. 
FOUND WIEGHTS. 
FOUND WIEGHTS. 
FOUND WIEGHTS. 
FOUND WIEGHTS. 
FOUND WIEGHTS. 
Creating a recon of order 1 for JacInteg 
Beginning Matrix Assembly
Control volumes: 114240, non-zeros: 99015
Assembled Matrix
KSP Object: 8 MPI processes
  type: fgmres
    GMRES: restart=100, using Classical (unmodified) Gram-Schmidt Orthogonalization with no iterative refinement
    GMRES: happy breakdown tolerance 1e-30
  maximum iterations=500, initial guess is zero
  tolerances:  relative=0.001, absolute=1e-16, divergence=10000.
  right preconditioning
  using UNPRECONDITIONED norm type for convergence test
PC Object: 8 MPI processes
  type: ksp
  KSP and PC on KSP preconditioner follow
  ---------------------------------
    KSP Object:    (ksp_)     8 MPI processes
      type: gmres
        GMRES: restart=30, using Classical (unmodified) Gram-Schmidt Orthogonalization with no iterative refinement
        GMRES: happy breakdown tolerance 1e-30
      maximum iterations=10, initial guess is zero
      tolerances:  relative=1e-05, absolute=1e-50, divergence=10000.
      left preconditioning
      using PRECONDITIONED norm type for convergence test
    PC Object:    (ksp_)     8 MPI processes
      type: bjacobi
        block Jacobi: number of blocks = 8
        Local solve is same for all blocks, in the following KSP and PC objects:
      KSP Object:      (ksp_sub_)       1 MPI processes
        type: preonly
        maximum iterations=10000, initial guess is zero
        tolerances:  relative=1e-05, absolute=1e-50, divergence=10000.
        left preconditioning
        using DEFAULT norm type for convergence test
      PC Object:      (ksp_sub_)       1 MPI processes
        type: ilu
        PC has not been set up so information may be incomplete
          ILU: out-of-place factorization
          2 levels of fill
          tolerance for zero pivot 2.22045e-14
          matrix ordering: lines
        linear system matrix = precond matrix:
        Mat Object:         1 MPI processes
          type: seqbaij
          rows=87690, cols=87690, bs=6
          total: nonzeros=3518532, allocated nonzeros=3518532
          total number of mallocs used during MatSetValues calls =0
              block size is 6
      linear system matrix = precond matrix:
      Mat Object:       8 MPI processes
        type: mpibaij
        rows=685440, cols=685440, bs=6
        total: nonzeros=28011456, allocated nonzeros=28011456
        total number of mallocs used during MatSetValues calls =0
            block size is 6
  ---------------------------------
  linear system matrix followed by preconditioner matrix:
  Mat Object:   8 MPI processes
    type: mpibaij
    rows=685440, cols=685440, bs=6
    total: nonzeros=120492864, allocated nonzeros=120492864
    total number of mallocs used during MatSetValues calls =0
        block size is 6
  Mat Object:   8 MPI processes
    type: mpibaij
    rows=685440, cols=685440, bs=6
    total: nonzeros=28011456, allocated nonzeros=28011456
    total number of mallocs used during MatSetValues calls =0
        block size is 6
Initial fnorm: 95289.7 
reordering using the lines ... 
reordering using the lines ... 
reordering using the lines ... 
reordering using the lines ... 
reordering using the lines ... 
reordering using the lines ... 
reordering using the lines ... 
reordering using the lines ... 
Step:   1  CFL:          0.1  fnorm: 4.187593E+04  CPU:   7.5241  WU:  30.1694 #LI:    6 #ILI:  -1 om:1.0000
Step:   2  CFL:         0.15  fnorm: 2.062485E+04  CPU:  15.8092  WU:  63.3900 #LI:    7 #ILI:  -1 om:1.0000
Step:   3  CFL:        0.225  fnorm: 1.141356E+04  CPU:  24.2760  WU:  97.3395 #LI:    8 #ILI:  -1 om:1.0000
Step:   4  CFL:       0.3375  fnorm: 6.917609E+03  CPU:  33.2100  WU: 133.1621 #LI:    9 #ILI:  -1 om:1.0000
Step:   5  CFL:      0.50625  fnorm: 4.535032E+03  CPU:  42.6823  WU: 171.1434 #LI:   11 #ILI:  -1 om:1.0000
Step:   6  CFL:     0.759375  fnorm: 3.054772E+03  CPU:  52.9900  WU: 212.4742 #LI:   12 #ILI:  -1 om:1.0000
Step:   7  CFL:      1.13906  fnorm: 2.046654E+03  CPU:  64.7850  WU: 259.7686 #LI:   15 #ILI:  -1 om:1.0000
Step:   8  CFL:      1.70859  fnorm: 1.344806E+03  CPU:  77.4746  WU: 310.6498 #LI:   17 #ILI:  -1 om:1.0000
Step:   9  CFL:      2.56289  fnorm: 8.631703E+02  CPU:  91.7413  WU: 367.8553 #LI:   20 #ILI:  -1 om:1.0000
Step:  10  CFL:      3.84434  fnorm: 5.421663E+02  CPU: 106.5947  WU: 427.4130 #LI:   23 #ILI:  -1 om:1.0000
Step:  11  CFL:       5.7665  fnorm: 3.342094E+02  CPU: 123.3650  WU: 494.6567 #LI:   28 #ILI:  -1 om:1.0000
Step:  12  CFL:      8.64976  fnorm: 2.020478E+02  CPU: 143.0976  WU: 573.7787 #LI:   32 #ILI:  -1 om:1.0000
Step:  13  CFL:      12.9746  fnorm: 1.182083E+02  CPU: 162.8585  WU: 653.0140 #LI:   38 #ILI:  -1 om:1.0000
Step:  14  CFL:       19.462  fnorm: 6.463252E+01  CPU: 184.6001  WU: 740.1912 #LI:   43 #ILI:  -1 om:1.0000
Step:  15  CFL:      29.1929  fnorm: 3.172725E+01  CPU: 208.8469  WU: 837.4136 #LI:   48 #ILI:  -1 om:1.0000
Step:  16  CFL:      43.7894  fnorm: 1.437697E+01  CPU: 234.4204  WU: 939.9557 #LI:   52 #ILI:  -1 om:1.0000
Step:  17  CFL:      65.6841  fnorm: 7.168659E+00  CPU: 262.5176  WU: 1052.6171 #LI:   57 #ILI:  -1 om:1.0000
Step:  18  CFL:      98.5261  fnorm: 4.391109E+00  CPU: 291.0818  WU: 1167.1512 #LI:   63 #ILI:  -1 om:1.0000
Step:  19  CFL:      147.789  fnorm: 2.564247E+00  CPU: 320.3225  WU: 1284.3976 #LI:   65 #ILI:  -1 om:1.0000
Step:  20  CFL:      221.684  fnorm: 1.267939E+00  CPU: 352.4846  WU: 1413.3578 #LI:   68 #ILI:  -1 om:1.0000
Step:  21  CFL:      332.526  fnorm: 4.827045E-01  CPU: 387.7417  WU: 1554.7285 #LI:   74 #ILI:  -1 om:1.0000
Step:  22  CFL:      498.789  fnorm: 1.490142E-01  CPU: 427.4344  WU: 1713.8843 #LI:   85 #ILI:  -1 om:1.0000
Step:  23  CFL:      748.183  fnorm: 4.283375E-02  CPU: 466.6743  WU: 1871.2246 #LI:   89 #ILI:  -1 om:1.0000
Step:  24  CFL:      1122.27  fnorm: 9.477632E-03  CPU: 506.6563  WU: 2031.5403 #LI:   90 #ILI:  -1 om:1.0000
Step:  25  CFL:      1683.41  fnorm: 1.374701E-03  CPU: 549.6767  WU: 2204.0392 #LI:   95 #ILI:  -1 om:1.0000
Step:  26  CFL:      2525.12  fnorm: 1.176765E-04  CPU: 591.3199  WU: 2371.0162 #LI:   89 #ILI:  -1 om:1.0000
Step:  27  CFL:      3787.68  fnorm: 7.168399E-06  CPU: 631.6860  WU: 2532.8722 #LI:   87 #ILI:  -1 om:1.0000
Step:  28  CFL:      5681.51  fnorm: 2.689585E-07  CPU: 672.0496  WU: 2694.7182 #LI:   88 #ILI:  -1 om:1.0000
Step:  29  CFL:      8522.27  fnorm: 8.697207E-09  CPU: 713.2758  WU: 2860.0229 #LI:   88 #ILI:  -1 om:1.0000
FI Time : 0.249395
Jac Time : 182.076
KSP Time : 510.953
Min/max recon condition numbers:    1.07374    1.42953
CLv: 1.58087e-07
CDv: 0.0030131
CSv: 4.5544e-17
CLp: -35.715
CDp: 0
CSp: 0
Cf at x=0.97008 and z = 0.5: 0.00282509 
Min/max recon condition numbers:    1.07374    1.42953
