Reading local file options/h3_p3_lines.opt for options. 
#PETSc Option Table entries:
-C 0.1
-a 3
-angle 0
-d 3
-exnut 1
-f MESH/plate_m3
-ita_history_name pp_data/h3_p3_lines.hst
-ita_target_residual 1e-6
-jacobian_type recanalytic
-ksp_gmres_preallocate
-ksp_gmres_restart 100
-ksp_ksp_max_it 10
-ksp_ksp_type gmres
-ksp_max_it 500
-ksp_norm_type unpreconditioned
-ksp_pc_type bjacobi
-ksp_rtol 1e-3
-ksp_sub_ksp_gmres_preallocate
-ksp_sub_pc_factor_levels 2
-ksp_sub_pc_factor_mat_ordering_type lines
-ksp_sub_pc_type ilu
-ksp_type fgmres
-mach 0.2
-max_iter 70
-mcell3d_old_initrecon
-mcell3d_part_file MESH/plate_m3
-mesh_type c
-mu 1e-5
-no_distance_weight
-opt options/h3_p3_lines.opt
-pc_type ksp
-physics TurbSA3D
-pre_order 1
-pseudolts_fixed
-recon_condition
-reynolds 5e6
-sol sol/h3_p2
-sol_out sol/h3_p3
-turbsa3d_pp_file pp_data/h3_p3_lines.postproc
-turbsa3d_problem_data flat_plate
-vv 1
#End of PETSc Option Table entries
Physics classes defined: AUSM2D AUSMP2D AdvDiff Advection Burgers Carreau2D Euler2DAdjoint Euler3D Newtonian2D Poisson Potential PowerLaw2D Roe2D RoeTurbSA2D RoeVisc2D RoeVisc2DAdjoint TurbSA3D ViscBurgers 
DualPhysics classes defined: AUSM2DError AUSMP2DError AdvDiffError AdvectionError BurgersError Carreau2DError Newtonian2DError PoissonError PowerLaw2DError Roe2DError RoeTurbSA2DError RoeVisc2DError ViscBurgersError 
MeshCell3D Constructor ------------------------------------------- 
Reading MESH/plate_m3.vmesh 
Reading MESH/plate_m3_npart8.part for partition data. 
[0] faces: n_interior = 341675; n_boundary = 12610; n_partition = 10054; n_total = 364339
[1] faces: n_interior = 339709; n_boundary = 8842; n_partition = 17718; n_total = 366269
[2] faces: n_interior = 324930; n_boundary = 10310; n_partition = 5560; n_total = 340800
[3] faces: n_interior = 321774; n_boundary = 8894; n_partition = 13402; n_total = 344070
[4] faces: n_interior = 324371; n_boundary = 14007; n_partition = 5393; n_total = 343771
[5] faces: n_interior = 322341; n_boundary = 9963; n_partition = 10875; n_total = 343179
[6] faces: n_interior = 341065; n_boundary = 13945; n_partition = 6429; n_total = 361439
[7] faces: n_interior = 341549; n_boundary = 7765; n_partition = 12925; n_total = 362239
n_global_faces = 2784928
Extra Quadrature Order: cell: 0  face: 0 
Stencil size: 0, 6, 15, 30 
Calling old init recon. 
Global Num of CVs : 913920
[0] Num of CVs : 117669
[1] Num of CVs : 117663
[2] Num of CVs : 110955
[3] Num of CVs : 110974
[4] Num of CVs : 111357
[5] Num of CVs : 110920
[6] Num of CVs : 117084
[7] Num of CVs : 117298
End of MeshCell3D Constructor ------------------------------------ 
Creating a TurbSA3D Physics object. 
alpha=0.000000 psi=0. 
Min/max recon condition numbers:    1.59701    13.8552
Recon Order: 3 
Recon Order: 3 
Recon Order: 3 
Recon Order: 3 
Recon Order: 3 
Recon Order: 3 
Recon Order: 3 
Recon Order: 3 
Min/max recon condition numbers:    1.59701    48.0236
Jacobian is of order: 3 
Beginning Matrix Assembly
Control volumes: 913920, non-zeros: 7098818
Assembled Matrix
Min/max recon condition numbers:    1.03813    1.99875
Physics space dimensions: 3 
Creating a Advection Physics object. 
Physics space dimensions: 3 
Creating a Poisson Physics object. 
Physics space dimensions: 3 
Beginning Matrix Assembly
Control volumes: 913920, non-zeros: 811073
Assembled Matrix
FOUND WIEGHTS. 
FOUND WIEGHTS. 
FOUND WIEGHTS. 
FOUND WIEGHTS. 
FOUND WIEGHTS. 
FOUND WIEGHTS. 
FOUND WIEGHTS. 
FOUND WIEGHTS. 
Creating a recon of order 1 for JacInteg 
Beginning Matrix Assembly
Control volumes: 913920, non-zeros: 811073
Assembled Matrix
KSP Object: 8 MPI processes
  type: fgmres
    GMRES: restart=100, using Classical (unmodified) Gram-Schmidt Orthogonalization with no iterative refinement
    GMRES: happy breakdown tolerance 1e-30
  maximum iterations=500, initial guess is zero
  tolerances:  relative=0.001, absolute=1e-16, divergence=10000.
  right preconditioning
  using UNPRECONDITIONED norm type for convergence test
PC Object: 8 MPI processes
  type: ksp
  KSP and PC on KSP preconditioner follow
  ---------------------------------
    KSP Object:    (ksp_)     8 MPI processes
      type: gmres
        GMRES: restart=30, using Classical (unmodified) Gram-Schmidt Orthogonalization with no iterative refinement
        GMRES: happy breakdown tolerance 1e-30
      maximum iterations=10, initial guess is zero
      tolerances:  relative=1e-05, absolute=1e-50, divergence=10000.
      left preconditioning
      using PRECONDITIONED norm type for convergence test
    PC Object:    (ksp_)     8 MPI processes
      type: bjacobi
        block Jacobi: number of blocks = 8
        Local solve is same for all blocks, in the following KSP and PC objects:
      KSP Object:      (ksp_sub_)       1 MPI processes
        type: preonly
        maximum iterations=10000, initial guess is zero
        tolerances:  relative=1e-05, absolute=1e-50, divergence=10000.
        left preconditioning
        using DEFAULT norm type for convergence test
      PC Object:      (ksp_sub_)       1 MPI processes
        type: ilu
        PC has not been set up so information may be incomplete
          ILU: out-of-place factorization
          2 levels of fill
          tolerance for zero pivot 2.22045e-14
          matrix ordering: lines
        linear system matrix = precond matrix:
        Mat Object:         1 MPI processes
          type: seqbaij
          rows=706014, cols=706014, bs=6
          total: nonzeros=28836684, allocated nonzeros=28836684
          total number of mallocs used during MatSetValues calls =0
              block size is 6
      linear system matrix = precond matrix:
      Mat Object:       8 MPI processes
        type: mpibaij
        rows=5483520, cols=5483520, bs=6
        total: nonzeros=227199744, allocated nonzeros=227199744
        total number of mallocs used during MatSetValues calls =0
            block size is 6
  ---------------------------------
  linear system matrix followed by preconditioner matrix:
  Mat Object:   8 MPI processes
    type: mpibaij
    rows=5483520, cols=5483520, bs=6
    total: nonzeros=1994305248, allocated nonzeros=1994305248
    total number of mallocs used during MatSetValues calls =0
        block size is 6
  Mat Object:   8 MPI processes
    type: mpibaij
    rows=5483520, cols=5483520, bs=6
    total: nonzeros=227199744, allocated nonzeros=227199744
    total number of mallocs used during MatSetValues calls =0
        block size is 6
Initial fnorm: 28158.1 
reordering using the lines ... 
reordering using the lines ... 
reordering using the lines ... 
reordering using the lines ... 
reordering using the lines ... 
reordering using the lines ... 
reordering using the lines ... 
reordering using the lines ... 
Step:   1  CFL:          0.1  fnorm: 1.130565E+04  CPU: 214.7898  WU:  45.2106 #LI:    7 #ILI:  -1 om:1.0000
Step:   2  CFL:         0.15  fnorm: 5.731130E+03  CPU: 432.2844  WU:  90.9905 #LI:    9 #ILI:  -1 om:1.0000
Step:   3  CFL:        0.225  fnorm: 3.708249E+03  CPU: 649.5604  WU: 136.7244 #LI:   10 #ILI:  -1 om:1.0000
Step:   4  CFL:       0.3375  fnorm: 2.464013E+03  CPU: 878.0448  WU: 184.8176 #LI:   12 #ILI:  -1 om:1.0000
Step:   5  CFL:      0.50625  fnorm: 1.600419E+03  CPU: 1108.6657  WU: 233.3604 #LI:   14 #ILI:  -1 om:1.0000
Step:   6  CFL:     0.759375  fnorm: 1.004035E+03  CPU: 1356.5729  WU: 285.5418 #LI:   17 #ILI:  -1 om:1.0000
Step:   7  CFL:      1.13906  fnorm: 6.032575E+02  CPU: 1606.1037  WU: 338.0650 #LI:   20 #ILI:  -1 om:1.0000
Step:   8  CFL:      1.70859  fnorm: 3.489430E+02  CPU: 1890.2350  WU: 397.8711 #LI:   24 #ILI:  -1 om:1.0000
Step:   9  CFL:      2.56289  fnorm: 1.956319E+02  CPU: 2226.3351  WU: 468.6160 #LI:   27 #ILI:  -1 om:1.0000
Step:  10  CFL:      3.84434  fnorm: 1.062788E+02  CPU: 2625.7995  WU: 552.6983 #LI:   31 #ILI:  -1 om:1.0000
Step:  11  CFL:       5.7665  fnorm: 5.548554E+01  CPU: 3045.2379  WU: 640.9849 #LI:   35 #ILI:  -1 om:1.0000
Step:  12  CFL:      8.64976  fnorm: 2.753482E+01  CPU: 3488.4355  WU: 734.2725 #LI:   41 #ILI:  -1 om:1.0000
Step:  13  CFL:      12.9746  fnorm: 1.283055E+01  CPU: 3952.8111  WU: 832.0178 #LI:   47 #ILI:  -1 om:1.0000
Step:  14  CFL:       19.462  fnorm: 5.605577E+00  CPU: 4434.1176  WU: 933.3269 #LI:   53 #ILI:  -1 om:1.0000
Step:  15  CFL:      29.1929  fnorm: 2.425961E+00  CPU: 4892.8246  WU: 1029.8790 #LI:   59 #ILI:  -1 om:1.0000
Step:  16  CFL:      43.7894  fnorm: 1.108944E+00  CPU: 5313.5173  WU: 1118.4296 #LI:   66 #ILI:  -1 om:1.0000
Step:  17  CFL:      65.6841  fnorm: 4.910888E-01  CPU: 5764.0761  WU: 1213.2667 #LI:   76 #ILI:  -1 om:1.0000
Step:  18  CFL:      98.5261  fnorm: 2.044175E-01  CPU: 6257.1902  WU: 1317.0611 #LI:   87 #ILI:  -1 om:1.0000
Step:  19  CFL:      147.789  fnorm: 9.203017E-02  CPU: 6776.9512  WU: 1426.4644 #LI:   99 #ILI:  -1 om:1.0000
Step:  20  CFL:      221.684  fnorm: 4.270770E-02  CPU: 7408.4429  WU: 1559.3856 #LI:  110 #ILI:  -1 om:1.0000
Step:  21  CFL:      332.526  fnorm: 1.632192E-02  CPU: 8029.2363  WU: 1690.0549 #LI:  124 #ILI:  -1 om:1.0000
Step:  22  CFL:      498.789  fnorm: 4.697428E-03  CPU: 8751.6392  WU: 1842.1118 #LI:  146 #ILI:  -1 om:1.0000
Step:  23  CFL:      748.183  fnorm: 1.131864E-03  CPU: 9544.6671  WU: 2009.0343 #LI:  169 #ILI:  -1 om:1.0000
Step:  24  CFL:      1122.27  fnorm: 2.184484E-04  CPU: 10555.9091  WU: 2221.8883 #LI:  237 #ILI:  -1 om:1.0000
Step:  25  CFL:      1683.41  fnorm: 2.619504E-05  CPU: 11582.2840  WU: 2437.9275 #LI:  237 #ILI:  -1 om:1.0000
Step:  26  CFL:      2525.12  fnorm: 1.201585E-05  CPU: 13730.3871  WU: 2890.0766 #LI:  500 #ILI:  -1 om:1.0000
Step:  27  CFL:      3787.68  fnorm: 5.757521E-06  CPU: 16241.5680  WU: 3418.6491 #LI:  500 #ILI:  -1 om:1.0000
Step:  28  CFL:      5681.51  fnorm: 1.729132E-07  CPU: 18137.7728  WU: 3817.7767 #LI:  500 #ILI:  -1 om:1.0000
FI Time : 4.75087
Jac Time : 5586.45
KSP Time : 12353.5
Min/max recon condition numbers:    1.03813    1.41856
CLv: 8.94869e-08
CDv: 0.00286126
CSv: 3.83614e-15
CLp: -35.7149
CDp: 0
CSp: 0
Cf at x=0.97008 and z = 0.5: 0.00272587 
Min/max recon condition numbers:    1.59701    13.8552
