[n132:03690] System has detected external process binding to cores 0001
[n132:03690] MCW rank 0 bound to socket 0[core 0]: [B]
[n072:17767] MCW rank 4 bound to socket 0[core 0]: [B]
[n022:02113] MCW rank 1 bound to socket 0[core 0]: [B]
[n076:08723] MCW rank 2 bound to socket 0[core 0]: [B]
[n032:04197] MCW rank 8 bound to socket 0[core 0]: [B]
[n037:25293] MCW rank 6 bound to socket 0[core 0]: [B]
[n031:06235] MCW rank 9 bound to socket 0[core 0]: [B]
[n068:32473] MCW rank 5 bound to socket 0[core 0]: [B]
[n075:04856] MCW rank 3 bound to socket 0[core 0]: [B]
[n035:05276] MCW rank 7 bound to socket 0[core 0]: [B]
Reading local file options/h2_p4.opt for options. 
#PETSc Option Table entries:
-C 0.1
-a 4
-angle 0
-d 3
-exnut 1
-f MESH/plate_m2
-ita_history_name pp_data/h2_p4.hst
-ita_histoy_name pp_data/P10_h2_p4.hst
-ita_target_residual 1e-8
-jacobian_type recanalytic
-ksp_gmres_preallocate
-ksp_gmres_restart 100
-ksp_max_it 500
-ksp_norm_type unpreconditioned
-ksp_rtol 1e-3
-ksp_type fgmres
-mach 0.2
-max_iter 70
-mcell3d_part_file MESH/plate_m2
-mesh_type c
-no_distance_weight
-opt options/h2_p4.opt
-pc_type bjacobi
-physics TurbSA3D
-pre_order 1
-pseudolts_fixed
-recon_condition
-reynolds 5e6
-sol sol/h2_p3
-sol_out sol/h2_p4
-sub_ksp_gmres_preallocate
-sub_ksp_maxit 10
-sub_ksp_norm_type preconditioned
-sub_ksp_type gmres
-sub_pc_factor_levels 2
-sub_pc_factor_mat_ordering_type rcm
-turbsa3d_pp_file pp_data/h2_p4.postproc
-turbsa3d_problem_data flat_plate
#End of PETSc Option Table entries
Physics classes defined: AUSM2D AUSMP2D AdvDiff Advection Burgers Carreau2D Euler2DAdjoint Euler3D Newtonian2D Poisson Potential PowerLaw2D Roe2D RoeTurbSA2D RoeVisc2D RoeVisc2DAdjoint TurbSA3D ViscBurgers 
DualPhysics classes defined: AUSM2DError AUSMP2DError AdvDiffError AdvectionError BurgersError Carreau2DError Newtonian2DError PoissonError PowerLaw2DError Roe2DError RoeTurbSA2DError RoeVisc2DError ViscBurgersError 
MeshCell3D Constructor ------------------------------------------- 
Reading MESH/plate_m2.vmesh 
Reading MESH/plate_m2_npart10.part for partition data. 
[0] faces: n_interior = 31586; n_boundary = 2151; n_partition = 1289; n_total = 35026
[1] faces: n_interior = 32221; n_boundary = 1733; n_partition = 3053; n_total = 37007
[2] faces: n_interior = 31770; n_boundary = 1718; n_partition = 3244; n_total = 36732
[3] faces: n_interior = 32404; n_boundary = 1574; n_partition = 3992; n_total = 37970
[4] faces: n_interior = 30885; n_boundary = 2108; n_partition = 3478; n_total = 36471
[5] faces: n_interior = 31879; n_boundary = 1823; n_partition = 1793; n_total = 35495
[6] faces: n_interior = 32454; n_boundary = 2954; n_partition = 1054; n_total = 36462
[7] faces: n_interior = 33274; n_boundary = 2886; n_partition = 1168; n_total = 37328
[8] faces: n_interior = 32310; n_boundary = 3056; n_partition = 2068; n_total = 37434
[9] faces: n_interior = 30981; n_boundary = 1581; n_partition = 3189; n_total = 35751
n_global_faces = 353512
Extra Quadrature Order: cell: 0  face: 0 
Stencil size: 0, 6, 15, 30 
Global Num of CVs : 114240
[0] Num of CVs : 11102
[1] Num of CVs : 11538
[2] Num of CVs : 11417
[3] Num of CVs : 11729
[4] Num of CVs : 11226
[5] Num of CVs : 11229
[6] Num of CVs : 11486
[7] Num of CVs : 11767
[8] Num of CVs : 11624
[9] Num of CVs : 11122
End of MeshCell3D Constructor ------------------------------------ 
Creating a TurbSA3D Physics object. 
alpha=0.000000 psi=0. 
Min/max recon condition numbers:    9.66068    134.202
Recon Order: 4 
Recon Order: 4 
Recon Order: 4 
Recon Order: 4 
Recon Order: 4 
Recon Order: 4 
Recon Order: 4 
Recon Order: 4 
Recon Order: 4 
Recon Order: 4 
Min/max recon condition numbers:    9.66068    310.103
Jacobian is of order: 4 
Beginning Matrix Assembly
Control volumes: 114240, non-zeros: 1287071
Assembled Matrix
Creating a recon of order 1 for JacInteg 
Beginning Matrix Assembly
Control volumes: 114240, non-zeros: 75563
Assembled Matrix
KSP Object: 10 MPI processes
  type: fgmres
    GMRES: restart=100, using Classical (unmodified) Gram-Schmidt Orthogonalization with no iterative refinement
    GMRES: happy breakdown tolerance 1e-30
  maximum iterations=500, initial guess is zero
  tolerances:  relative=0.001, absolute=1e-16, divergence=10000.
  right preconditioning
  using UNPRECONDITIONED norm type for convergence test
PC Object: 10 MPI processes
  type: bjacobi
    block Jacobi: number of blocks = 10
    Local solve is same for all blocks, in the following KSP and PC objects:
  KSP Object:  (sub_)   1 MPI processes
    type: gmres
      GMRES: restart=30, using Classical (unmodified) Gram-Schmidt Orthogonalization with no iterative refinement
      GMRES: happy breakdown tolerance 1e-30
    maximum iterations=10000, initial guess is zero
    tolerances:  relative=1e-05, absolute=1e-50, divergence=10000.
    left preconditioning
    using PRECONDITIONED norm type for convergence test
  PC Object:  (sub_)   1 MPI processes
    type: ilu
    PC has not been set up so information may be incomplete
      ILU: out-of-place factorization
      ILU: Reusing reordering from past factorization
      2 levels of fill
      tolerance for zero pivot 2.22045e-14
      using diagonal shift to prevent zero pivot [NONZERO]
      matrix ordering: rcm
    linear system matrix = precond matrix:
    Mat Object:     1 MPI processes
      type: seqbaij
      rows=66612, cols=66612, bs=6
      total: nonzeros=2673864, allocated nonzeros=2673864
      total number of mallocs used during MatSetValues calls =0
          block size is 6
  linear system matrix followed by preconditioner matrix:
  Mat Object:   10 MPI processes
    type: mpibaij
    rows=685440, cols=685440, bs=6
    total: nonzeros=478254528, allocated nonzeros=478254528
    total number of mallocs used during MatSetValues calls =0
        block size is 6
  Mat Object:   10 MPI processes
    type: mpibaij
    rows=685440, cols=685440, bs=6
    total: nonzeros=28011456, allocated nonzeros=28011456
    total number of mallocs used during MatSetValues calls =0
        block size is 6
Initial fnorm: 6826.67 
Step:   1  CFL:          0.1  fnorm: 1.727407E+03  CPU:  36.6611  WU:  55.9043 #LI:    8 #ILI:  -1 om:1.0000
Step:   2  CFL:         0.15  fnorm: 6.628422E+02  CPU:  74.6297  WU: 113.8025 #LI:   10 #ILI:  -1 om:1.0000
Step:   3  CFL:        0.225  fnorm: 3.844473E+02  CPU: 112.6762  WU: 171.8192 #LI:   10 #ILI:  -1 om:1.0000
Step:   4  CFL:       0.3375  fnorm: 2.977909E+02  CPU: 151.7464  WU: 231.3971 #LI:   12 #ILI:  -1 om:1.0000
Step:   5  CFL:      0.50625  fnorm: 2.244064E+02  CPU: 190.9610  WU: 291.1953 #LI:   14 #ILI:  -1 om:1.0000
Step:   6  CFL:     0.759375  fnorm: 1.560079E+02  CPU: 230.5064  WU: 351.4979 #LI:   15 #ILI:  -1 om:1.0000
Step:   7  CFL:      1.13906  fnorm: 9.819050E+01  CPU: 270.6398  WU: 412.6971 #LI:   18 #ILI:  -1 om:1.0000
Step:   8  CFL:      1.70859  fnorm: 5.543806E+01  CPU: 311.8028  WU: 475.4663 #LI:   22 #ILI:  -1 om:1.0000
Step:   9  CFL:      2.56289  fnorm: 2.918587E+01  CPU: 354.3703  WU: 540.3772 #LI:   26 #ILI:  -1 om:1.0000
Step:  10  CFL:      3.84434  fnorm: 1.529221E+01  CPU: 399.2927  WU: 608.8792 #LI:   33 #ILI:  -1 om:1.0000
Step:  11  CFL:       5.7665  fnorm: 7.927415E+00  CPU: 445.8445  WU: 679.8657 #LI:   39 #ILI:  -1 om:1.0000
Step:  12  CFL:      8.64976  fnorm: 3.877182E+00  CPU: 495.4758  WU: 755.5482 #LI:   46 #ILI:  -1 om:1.0000
Step:  13  CFL:      12.9746  fnorm: 1.854567E+00  CPU: 548.8506  WU: 836.9391 #LI:   54 #ILI:  -1 om:1.0000
Step:  14  CFL:       19.462  fnorm: 9.559283E-01  CPU: 607.9047  WU: 926.9903 #LI:   66 #ILI:  -1 om:1.0000
Step:  15  CFL:      29.1929  fnorm: 4.765328E-01  CPU: 671.8834  WU: 1024.5511 #LI:   77 #ILI:  -1 om:1.0000
Step:  16  CFL:      43.7894  fnorm: 2.034705E-01  CPU: 743.3245  WU: 1133.4913 #LI:   92 #ILI:  -1 om:1.0000
Step:  17  CFL:      65.6841  fnorm: 8.485516E-02  CPU: 822.7434  WU: 1254.5967 #LI:  118 #ILI:  -1 om:1.0000
Step:  18  CFL:      98.5261  fnorm: 4.105283E-02  CPU: 916.0674  WU: 1396.9059 #LI:  143 #ILI:  -1 om:1.0000
Step:  19  CFL:      147.789  fnorm: 1.949607E-02  CPU: 1024.8607  WU: 1562.8042 #LI:  168 #ILI:  -1 om:1.0000
Step:  20  CFL:      221.684  fnorm: 7.786168E-03  CPU: 1149.2197  WU: 1752.4385 #LI:  202 #ILI:  -1 om:1.0000
Step:  21  CFL:      332.526  fnorm: 2.564735E-03  CPU: 1295.7588  WU: 1975.8951 #LI:  255 #ILI:  -1 om:1.0000
Step:  22  CFL:      498.789  fnorm: 5.984069E-04  CPU: 1455.3243  WU: 2219.2157 #LI:  281 #ILI:  -1 om:1.0000
Step:  23  CFL:      748.183  fnorm: 7.188596E-05  CPU: 1669.0546  WU: 2545.1318 #LI:  398 #ILI:  -1 om:1.0000
Step:  24  CFL:      1122.27  fnorm: 6.754108E-06  CPU: 1922.2566  WU: 2931.2381 #LI:  494 #ILI:  -1 om:1.0000
Step:  25  CFL:      1683.41  fnorm: 6.228108E-06  CPU: 2185.8906  WU: 3333.2520 #LI:  500 #ILI:  -1 om:1.0000
Step:  26  CFL:      2525.12  fnorm: 7.579467E-07  CPU: 2442.6415  WU: 3724.7699 #LI:  500 #ILI:  -1 om:1.0000
Step:  27  CFL:      3787.68  fnorm: 3.290323E-08  CPU: 2701.8186  WU: 4119.9877 #LI:  500 #ILI:  -1 om:1.0000
Step:  28  CFL:      5681.51  fnorm: 2.557046E-08  CPU: 2960.7793  WU: 4514.8753 #LI:  500 #ILI:  -1 om:1.0000
Step:  29  CFL:      8522.27  fnorm: 1.324820E-08  CPU: 3101.6220  WU: 4729.6457 #LI:  215 #ILI:  -1 om:1.0000
Step:  30  CFL:      12783.4  fnorm: 8.992626E-09  CPU: 3212.1467  WU: 4898.1840 #LI:  152 #ILI:  -1 om:1.0000
FI Time : 0.655783
Jac Time : 1038.32
KSP Time : 2122.7
Min/max recon condition numbers:    1.07447    1.42953
CLv: 7.701e-08
CDv: 0.00285049
CSv: -6.29804e-15
CLp: -35.715
CDp: 0
CSp: 0
Cf at x=0.97008 and z = 0.5: 0.00271428 
Min/max recon condition numbers:    9.66068    134.202
