Reading local file options/h2_p4_lines.opt for options. 
#PETSc Option Table entries:
-C 0.1
-a 4
-angle 0
-d 3
-exnut 1
-f MESH/plate_m2
-ita_history_name pp_data/P10_h2_p4_lines.hst
-ita_target_residual 1e-8
-jacobian_type recanalytic
-ksp_gmres_preallocate
-ksp_gmres_restart 100
-ksp_ksp_max_it 10
-ksp_ksp_type gmres
-ksp_max_it 500
-ksp_norm_type unpreconditioned
-ksp_pc_type bjacobi
-ksp_rtol 1e-3
-ksp_sub_ksp_gmres_preallocate
-ksp_sub_pc_factor_levels 2
-ksp_sub_pc_factor_mat_ordering_type lines
-ksp_sub_pc_type ilu
-ksp_type fgmres
-mach 0.2
-max_iter 70
-mcell3d_old_initrecon
-mcell3d_part_file MESH/plate_m2
-mesh_type c
-mu 1e-5
-no_distance_weight
-opt options/h2_p4_lines.opt
-pc_type ksp
-physics TurbSA3D
-pre_order 1
-pseudolts_fixed
-recon_condition
-reynolds 5e6
-sol sol/h2_p3
-sol_out sol/h2_p4
-turbsa3d_pp_file pp_data/h2_p4_lines.postproc
-turbsa3d_problem_data flat_plate
-vv 1
#End of PETSc Option Table entries
Physics classes defined: AUSM2D AUSMP2D AdvDiff Advection Burgers Carreau2D Euler2DAdjoint Euler3D Newtonian2D Poisson Potential PowerLaw2D Roe2D RoeTurbSA2D RoeVisc2D RoeVisc2DAdjoint TurbSA3D ViscBurgers 
DualPhysics classes defined: AUSM2DError AUSMP2DError AdvDiffError AdvectionError BurgersError Carreau2DError Newtonian2DError PoissonError PowerLaw2DError Roe2DError RoeTurbSA2DError RoeVisc2DError ViscBurgersError 
MeshCell3D Constructor ------------------------------------------- 
Reading MESH/plate_m2.vmesh 
Reading MESH/plate_m2_npart10.part for partition data. 
[0] faces: n_interior = 31586; n_boundary = 2151; n_partition = 1289; n_total = 35026
[1] faces: n_interior = 32221; n_boundary = 1733; n_partition = 3053; n_total = 37007
[2] faces: n_interior = 31770; n_boundary = 1718; n_partition = 3244; n_total = 36732
[3] faces: n_interior = 32404; n_boundary = 1574; n_partition = 3992; n_total = 37970
[4] faces: n_interior = 30885; n_boundary = 2108; n_partition = 3478; n_total = 36471
[5] faces: n_interior = 31879; n_boundary = 1823; n_partition = 1793; n_total = 35495
[6] faces: n_interior = 32454; n_boundary = 2954; n_partition = 1054; n_total = 36462
[7] faces: n_interior = 33274; n_boundary = 2886; n_partition = 1168; n_total = 37328
[8] faces: n_interior = 32310; n_boundary = 3056; n_partition = 2068; n_total = 37434
[9] faces: n_interior = 30981; n_boundary = 1581; n_partition = 3189; n_total = 35751
n_global_faces = 353512
Extra Quadrature Order: cell: 0  face: 0 
Stencil size: 0, 6, 15, 30 
Calling old init recon. 
Global Num of CVs : 114240
[0] Num of CVs : 11102
[1] Num of CVs : 11538
[2] Num of CVs : 11417
[3] Num of CVs : 11729
[4] Num of CVs : 11226
[5] Num of CVs : 11229
[6] Num of CVs : 11486
[7] Num of CVs : 11767
[8] Num of CVs : 11624
[9] Num of CVs : 11122
End of MeshCell3D Constructor ------------------------------------ 
Creating a TurbSA3D Physics object. 
alpha=0.000000 psi=0. 
Min/max recon condition numbers:    9.66068    134.202
Recon Order: 4 
Recon Order: 4 
Recon Order: 4 
Recon Order: 4 
Recon Order: 4 
Recon Order: 4 
Recon Order: 4 
Recon Order: 4 
Recon Order: 4 
Recon Order: 4 
Min/max recon condition numbers:    9.66068    310.103
Jacobian is of order: 4 
Beginning Matrix Assembly
Control volumes: 114240, non-zeros: 1287071
Assembled Matrix
Min/max recon condition numbers:    1.07447    1.99859
Physics space dimensions: 3 
Creating a Advection Physics object. 
Physics space dimensions: 3 
Creating a Poisson Physics object. 
Physics space dimensions: 3 
Beginning Matrix Assembly
Control volumes: 114240, non-zeros: 75563
Assembled Matrix
FOUND WIEGHTS. 
FOUND WIEGHTS. 
FOUND WIEGHTS. 
FOUND WIEGHTS. 
FOUND WIEGHTS. 
FOUND WIEGHTS. 
FOUND WIEGHTS. 
FOUND WIEGHTS. 
FOUND WIEGHTS. 
FOUND WIEGHTS. 
Creating a recon of order 1 for JacInteg 
Beginning Matrix Assembly
Control volumes: 114240, non-zeros: 75563
Assembled Matrix
KSP Object: 10 MPI processes
  type: fgmres
    GMRES: restart=100, using Classical (unmodified) Gram-Schmidt Orthogonalization with no iterative refinement
    GMRES: happy breakdown tolerance 1e-30
  maximum iterations=500, initial guess is zero
  tolerances:  relative=0.001, absolute=1e-16, divergence=10000.
  right preconditioning
  using UNPRECONDITIONED norm type for convergence test
PC Object: 10 MPI processes
  type: ksp
  KSP and PC on KSP preconditioner follow
  ---------------------------------
    KSP Object:    (ksp_)     10 MPI processes
      type: gmres
        GMRES: restart=30, using Classical (unmodified) Gram-Schmidt Orthogonalization with no iterative refinement
        GMRES: happy breakdown tolerance 1e-30
      maximum iterations=10, initial guess is zero
      tolerances:  relative=1e-05, absolute=1e-50, divergence=10000.
      left preconditioning
      using PRECONDITIONED norm type for convergence test
    PC Object:    (ksp_)     10 MPI processes
      type: bjacobi
        block Jacobi: number of blocks = 10
        Local solve is same for all blocks, in the following KSP and PC objects:
      KSP Object:      (ksp_sub_)       1 MPI processes
        type: preonly
        maximum iterations=10000, initial guess is zero
        tolerances:  relative=1e-05, absolute=1e-50, divergence=10000.
        left preconditioning
        using DEFAULT norm type for convergence test
      PC Object:      (ksp_sub_)       1 MPI processes
        type: ilu
        PC has not been set up so information may be incomplete
          ILU: out-of-place factorization
          2 levels of fill
          tolerance for zero pivot 2.22045e-14
          matrix ordering: lines
        linear system matrix = precond matrix:
        Mat Object:         1 MPI processes
          type: seqbaij
          rows=66612, cols=66612, bs=6
          total: nonzeros=2673864, allocated nonzeros=2673864
          total number of mallocs used during MatSetValues calls =0
              block size is 6
      linear system matrix = precond matrix:
      Mat Object:       10 MPI processes
        type: mpibaij
        rows=685440, cols=685440, bs=6
        total: nonzeros=28011456, allocated nonzeros=28011456
        total number of mallocs used during MatSetValues calls =0
            block size is 6
  ---------------------------------
  linear system matrix followed by preconditioner matrix:
  Mat Object:   10 MPI processes
    type: mpibaij
    rows=685440, cols=685440, bs=6
    total: nonzeros=478254528, allocated nonzeros=478254528
    total number of mallocs used during MatSetValues calls =0
        block size is 6
  Mat Object:   10 MPI processes
    type: mpibaij
    rows=685440, cols=685440, bs=6
    total: nonzeros=28011456, allocated nonzeros=28011456
    total number of mallocs used during MatSetValues calls =0
        block size is 6
Initial fnorm: 6826.67 
reordering using the lines ... 
reordering using the lines ... 
reordering using the lines ... 
reordering using the lines ... 
reordering using the lines ... 
reordering using the lines ... 
reordering using the lines ... 
reordering using the lines ... 
reordering using the lines ... 
reordering using the lines ... 
Step:   1  CFL:          0.1  fnorm: 1.727406E+03  CPU:  40.4077  WU:  59.0424 #LI:    8 #ILI:  -1 om:1.0000
Step:   2  CFL:         0.15  fnorm: 6.628416E+02  CPU:  80.4316  WU: 117.5240 #LI:   10 #ILI:  -1 om:1.0000
Step:   3  CFL:        0.225  fnorm: 3.844473E+02  CPU: 120.7243  WU: 176.3984 #LI:   10 #ILI:  -1 om:1.0000
Step:   4  CFL:       0.3375  fnorm: 2.977912E+02  CPU: 164.0522  WU: 239.7078 #LI:   12 #ILI:  -1 om:1.0000
Step:   5  CFL:      0.50625  fnorm: 2.244067E+02  CPU: 207.4548  WU: 303.1263 #LI:   14 #ILI:  -1 om:1.0000
Step:   6  CFL:     0.759375  fnorm: 1.560081E+02  CPU: 248.8082  WU: 363.5505 #LI:   15 #ILI:  -1 om:1.0000
Step:   7  CFL:      1.13906  fnorm: 9.819004E+01  CPU: 294.7494  WU: 430.6784 #LI:   18 #ILI:  -1 om:1.0000
Step:   8  CFL:      1.70859  fnorm: 5.543819E+01  CPU: 344.9372  WU: 504.0111 #LI:   21 #ILI:  -1 om:1.0000
Step:   9  CFL:      2.56289  fnorm: 2.918472E+01  CPU: 395.8093  WU: 578.3437 #LI:   23 #ILI:  -1 om:1.0000
Step:  10  CFL:      3.84434  fnorm: 1.529288E+01  CPU: 444.0166  WU: 648.7828 #LI:   26 #ILI:  -1 om:1.0000
Step:  11  CFL:       5.7665  fnorm: 7.928293E+00  CPU: 491.9174  WU: 718.7738 #LI:   29 #ILI:  -1 om:1.0000
Step:  12  CFL:      8.64976  fnorm: 3.877153E+00  CPU: 603.5554  WU: 881.8957 #LI:   34 #ILI:  -1 om:1.0000
Step:  13  CFL:      12.9746  fnorm: 1.854461E+00  CPU: 657.0547  WU: 960.0671 #LI:   39 #ILI:  -1 om:1.0000
Step:  14  CFL:       19.462  fnorm: 9.558927E-01  CPU: 714.4798  WU: 1043.9748 #LI:   45 #ILI:  -1 om:1.0000
Step:  15  CFL:      29.1929  fnorm: 4.765092E-01  CPU: 774.1091  WU: 1131.1033 #LI:   51 #ILI:  -1 om:1.0000
Step:  16  CFL:      43.7894  fnorm: 2.034762E-01  CPU: 833.8086  WU: 1218.3342 #LI:   57 #ILI:  -1 om:1.0000
Step:  17  CFL:      65.6841  fnorm: 8.485433E-02  CPU: 901.0445  WU: 1316.5772 #LI:   66 #ILI:  -1 om:1.0000
Step:  18  CFL:      98.5261  fnorm: 4.105380E-02  CPU: 977.4579  WU: 1428.2300 #LI:   74 #ILI:  -1 om:1.0000
Step:  19  CFL:      147.789  fnorm: 1.949757E-02  CPU: 1049.4461  WU: 1533.4169 #LI:   84 #ILI:  -1 om:1.0000
Step:  20  CFL:      221.684  fnorm: 7.787982E-03  CPU: 1128.7128  WU: 1649.2388 #LI:   93 #ILI:  -1 om:1.0000
Step:  21  CFL:      332.526  fnorm: 2.565569E-03  CPU: 1215.6621  WU: 1776.2862 #LI:  105 #ILI:  -1 om:1.0000
Step:  22  CFL:      498.789  fnorm: 5.989671E-04  CPU: 1305.6846  WU: 1907.8243 #LI:  117 #ILI:  -1 om:1.0000
Step:  23  CFL:      748.183  fnorm: 7.187429E-05  CPU: 1405.9133  WU: 2054.2752 #LI:  126 #ILI:  -1 om:1.0000
Step:  24  CFL:      1122.27  fnorm: 6.760034E-06  CPU: 1509.4391  WU: 2205.5437 #LI:  142 #ILI:  -1 om:1.0000
Step:  25  CFL:      1683.41  fnorm: 1.652960E-06  CPU: 1623.1577  WU: 2371.7056 #LI:  152 #ILI:  -1 om:1.0000
Step:  26  CFL:      2525.12  fnorm: 1.762718E-07  CPU: 1732.0988  WU: 2530.8869 #LI:  141 #ILI:  -1 om:1.0000
Step:  27  CFL:      3787.68  fnorm: 2.734641E-08  CPU: 1841.6560  WU: 2690.9683 #LI:  138 #ILI:  -1 om:1.0000
Step:  28  CFL:      5681.51  fnorm: 2.268030E-08  CPU: 1953.3391  WU: 2854.1561 #LI:  134 #ILI:  -1 om:1.0000
Step:  29  CFL:      8522.27  fnorm: 1.074662E-08  CPU: 2059.6696  WU: 3009.5229 #LI:  116 #ILI:  -1 om:1.0000
Step:  30  CFL:      12783.4  fnorm: 8.845767E-09  CPU: 2138.1201  WU: 3124.1522 #LI:   99 #ILI:  -1 om:1.0000
FI Time : 0.684384
Jac Time : 1066.85
KSP Time : 962.563
Min/max recon condition numbers:    1.07447    1.42953
CLv: 7.701e-08
CDv: 0.00285049
CSv: -6.26185e-15
CLp: -35.715
CDp: 0
CSp: 0
Cf at x=0.97008 and z = 0.5: 0.00271428 
Min/max recon condition numbers:    9.66068    134.202
