Reading local file options/h2_p4_lines.opt for options. 
#PETSc Option Table entries:
-C 0.1
-a 4
-angle 0
-d 3
-exnut 1
-f MESH/plate_m2
-ita_history_name pp_data/P1_h2_p4_lines.hst
-ita_target_residual 1e-8
-jacobian_type recanalytic
-ksp_gmres_preallocate
-ksp_gmres_restart 100
-ksp_ksp_max_it 10
-ksp_ksp_type gmres
-ksp_max_it 500
-ksp_norm_type unpreconditioned
-ksp_pc_type bjacobi
-ksp_rtol 1e-3
-ksp_sub_ksp_gmres_preallocate
-ksp_sub_pc_factor_levels 2
-ksp_sub_pc_factor_mat_ordering_type lines
-ksp_sub_pc_type ilu
-ksp_type fgmres
-mach 0.2
-max_iter 70
-mcell3d_old_initrecon
-mcell3d_part_file MESH/plate_m2
-mesh_type c
-mu 1e-5
-no_distance_weight
-opt options/h2_p4_lines.opt
-pc_type ksp
-physics TurbSA3D
-pre_order 1
-pseudolts_fixed
-recon_condition
-reynolds 5e6
-sol sol/h2_p3
-sol_out sol/h2_p4
-turbsa3d_pp_file pp_data/h2_p4_lines.postproc
-turbsa3d_problem_data flat_plate
-vv 1
#End of PETSc Option Table entries
Physics classes defined: AUSM2D AUSMP2D AdvDiff Advection Burgers Carreau2D Euler2DAdjoint Euler3D Newtonian2D Poisson Potential PowerLaw2D Roe2D RoeTurbSA2D RoeVisc2D RoeVisc2DAdjoint TurbSA3D ViscBurgers 
DualPhysics classes defined: AUSM2DError AUSMP2DError AdvDiffError AdvectionError BurgersError Carreau2DError Newtonian2DError PoissonError PowerLaw2DError Roe2DError RoeTurbSA2DError RoeVisc2DError ViscBurgersError 
MeshCell3D Constructor ------------------------------------------- 
Reading MESH/plate_m2.vmesh 
[0] faces: n_interior = 331928; n_boundary = 21584; n_partition = 0; n_total = 353512
n_global_faces = 353512
Extra Quadrature Order: cell: 0  face: 0 
Stencil size: 0, 6, 15, 30 
Calling old init recon. 
Global Num of CVs : 114240
[0] Num of CVs : 114240
End of MeshCell3D Constructor ------------------------------------ 
Creating a TurbSA3D Physics object. 
alpha=0.000000 psi=0. 
Min/max recon condition numbers:    8.96254    134.202
Recon Order: 4 
Min/max recon condition numbers:    8.96254    310.103
Jacobian is of order: 4 
Beginning Matrix Assembly
Control volumes: 114240, non-zeros: 13284848
Assembled Matrix
Min/max recon condition numbers:    1.07374    1.99859
Physics space dimensions: 3 
Creating a Advection Physics object. 
Physics space dimensions: 3 
Creating a Poisson Physics object. 
Physics space dimensions: 3 
Beginning Matrix Assembly
Control volumes: 114240, non-zeros: 778096
Assembled Matrix
FOUND WIEGHTS. 
Creating a recon of order 1 for JacInteg 
Beginning Matrix Assembly
Control volumes: 114240, non-zeros: 778096
Assembled Matrix
KSP Object: 1 MPI processes
  type: fgmres
    GMRES: restart=100, using Classical (unmodified) Gram-Schmidt Orthogonalization with no iterative refinement
    GMRES: happy breakdown tolerance 1e-30
  maximum iterations=500, initial guess is zero
  tolerances:  relative=0.001, absolute=1e-16, divergence=10000.
  right preconditioning
  using UNPRECONDITIONED norm type for convergence test
PC Object: 1 MPI processes
  type: ksp
  KSP and PC on KSP preconditioner follow
  ---------------------------------
    KSP Object:    (ksp_)     1 MPI processes
      type: gmres
        GMRES: restart=30, using Classical (unmodified) Gram-Schmidt Orthogonalization with no iterative refinement
        GMRES: happy breakdown tolerance 1e-30
      maximum iterations=10, initial guess is zero
      tolerances:  relative=1e-05, absolute=1e-50, divergence=10000.
      left preconditioning
      using PRECONDITIONED norm type for convergence test
    PC Object:    (ksp_)     1 MPI processes
      type: bjacobi
        block Jacobi: number of blocks = 1
        Local solve is same for all blocks, in the following KSP and PC objects:
        KSP Object:        (ksp_sub_)         1 MPI processes
          type: preonly
          maximum iterations=10000, initial guess is zero
          tolerances:  relative=1e-05, absolute=1e-50, divergence=10000.
          left preconditioning
          using DEFAULT norm type for convergence test
        PC Object:        (ksp_sub_)         1 MPI processes
          type: ilu
          PC has not been set up so information may be incomplete
            ILU: out-of-place factorization
            2 levels of fill
            tolerance for zero pivot 2.22045e-14
            matrix ordering: lines
          linear system matrix = precond matrix:
          Mat Object:           1 MPI processes
            type: seqbaij
            rows=685440, cols=685440, bs=6
            total: nonzeros=28011456, allocated nonzeros=28011456
            total number of mallocs used during MatSetValues calls =0
                block size is 6
      linear system matrix = precond matrix:
      Mat Object:       1 MPI processes
        type: seqbaij
        rows=685440, cols=685440, bs=6
        total: nonzeros=28011456, allocated nonzeros=28011456
        total number of mallocs used during MatSetValues calls =0
            block size is 6
  ---------------------------------
  linear system matrix followed by preconditioner matrix:
  Mat Object:   1 MPI processes
    type: seqbaij
    rows=685440, cols=685440, bs=6
    total: nonzeros=478254528, allocated nonzeros=478254528
    total number of mallocs used during MatSetValues calls =0
        block size is 6
  Mat Object:   1 MPI processes
    type: seqbaij
    rows=685440, cols=685440, bs=6
    total: nonzeros=28011456, allocated nonzeros=28011456
    total number of mallocs used during MatSetValues calls =0
        block size is 6
Initial fnorm: 6826.67 
reordering using the lines ... 
Step:   1  CFL:          0.1  fnorm: 1.727406E+03  CPU: 332.2878  WU:  60.8439 #LI:    8 #ILI:  -1 om:1.0000
Step:   2  CFL:         0.15  fnorm: 6.628416E+02  CPU: 679.1997  WU: 124.3657 #LI:   10 #ILI:  -1 om:1.0000
Step:   3  CFL:        0.225  fnorm: 3.844473E+02  CPU: 1024.0956  WU: 187.5182 #LI:   10 #ILI:  -1 om:1.0000
Step:   4  CFL:       0.3375  fnorm: 2.977912E+02  CPU: 1376.3959  WU: 252.0266 #LI:   12 #ILI:  -1 om:1.0000
Step:   5  CFL:      0.50625  fnorm: 2.244067E+02  CPU: 1732.7820  WU: 317.2831 #LI:   14 #ILI:  -1 om:1.0000
Step:   6  CFL:     0.759375  fnorm: 1.560081E+02  CPU: 2093.5675  WU: 383.3452 #LI:   15 #ILI:  -1 om:1.0000
Step:   7  CFL:      1.13906  fnorm: 9.819004E+01  CPU: 2465.3592  WU: 451.4225 #LI:   18 #ILI:  -1 om:1.0000
Step:   8  CFL:      1.70859  fnorm: 5.543819E+01  CPU: 2850.0411  WU: 521.8601 #LI:   21 #ILI:  -1 om:1.0000
Step:   9  CFL:      2.56289  fnorm: 2.918472E+01  CPU: 3246.7947  WU: 594.5082 #LI:   23 #ILI:  -1 om:1.0000
Step:  10  CFL:      3.84434  fnorm: 1.529288E+01  CPU: 3657.3060  WU: 669.6753 #LI:   26 #ILI:  -1 om:1.0000
Step:  11  CFL:       5.7665  fnorm: 7.928293E+00  CPU: 4078.2290  WU: 746.7490 #LI:   29 #ILI:  -1 om:1.0000
Step:  12  CFL:      8.64976  fnorm: 3.877154E+00  CPU: 4517.4023  WU: 827.1643 #LI:   34 #ILI:  -1 om:1.0000
Step:  13  CFL:      12.9746  fnorm: 1.854463E+00  CPU: 4948.9203  WU: 906.1779 #LI:   39 #ILI:  -1 om:1.0000
Step:  14  CFL:       19.462  fnorm: 9.558949E-01  CPU: 5407.0673  WU: 990.0674 #LI:   45 #ILI:  -1 om:1.0000
Step:  15  CFL:      29.1929  fnorm: 4.765115E-01  CPU: 5883.1959  WU: 1077.2495 #LI:   51 #ILI:  -1 om:1.0000
Step:  16  CFL:      43.7894  fnorm: 2.034757E-01  CPU: 6384.0322  WU: 1168.9558 #LI:   57 #ILI:  -1 om:1.0000
Step:  17  CFL:      65.6841  fnorm: 8.485486E-02  CPU: 6920.5200  WU: 1267.1900 #LI:   65 #ILI:  -1 om:1.0000
Step:  18  CFL:      98.5261  fnorm: 4.105374E-02  CPU: 7491.5464  WU: 1371.7485 #LI:   73 #ILI:  -1 om:1.0000
Step:  19  CFL:      147.789  fnorm: 1.949733E-02  CPU: 8090.1223  WU: 1481.3514 #LI:   83 #ILI:  -1 om:1.0000
Step:  20  CFL:      221.684  fnorm: 7.787983E-03  CPU: 8712.8060  WU: 1595.3686 #LI:   90 #ILI:  -1 om:1.0000
Step:  21  CFL:      332.526  fnorm: 2.565978E-03  CPU: 9383.7883  WU: 1718.2297 #LI:  103 #ILI:  -1 om:1.0000
Step:  22  CFL:      498.789  fnorm: 5.988943E-04  CPU: 10083.5888  WU: 1846.3675 #LI:  115 #ILI:  -1 om:1.0000
Step:  23  CFL:      748.183  fnorm: 7.187090E-05  CPU: 10825.5985  WU: 1982.2340 #LI:  126 #ILI:  -1 om:1.0000
Step:  24  CFL:      1122.27  fnorm: 6.760600E-06  CPU: 11594.7270  WU: 2123.0662 #LI:  137 #ILI:  -1 om:1.0000
Step:  25  CFL:      1683.41  fnorm: 1.652859E-06  CPU: 12402.0829  WU: 2270.8980 #LI:  148 #ILI:  -1 om:1.0000
Step:  26  CFL:      2525.12  fnorm: 1.762347E-07  CPU: 13119.6107  WU: 2402.2818 #LI:  136 #ILI:  -1 om:1.0000
Step:  27  CFL:      3787.68  fnorm: 2.725167E-08  CPU: 13845.8639  WU: 2535.2633 #LI:  133 #ILI:  -1 om:1.0000
Step:  28  CFL:      5681.51  fnorm: 2.274932E-08  CPU: 14551.8814  WU: 2664.5394 #LI:  131 #ILI:  -1 om:1.0000
Step:  29  CFL:      8522.27  fnorm: 1.091229E-08  CPU: 15221.4318  WU: 2787.1383 #LI:  115 #ILI:  -1 om:1.0000
Step:  30  CFL:      12783.4  fnorm: 8.926655E-09  CPU: 15905.3178  WU: 2912.3620 #LI:  118 #ILI:  -1 om:1.0000
FI Time : 5.46131
Jac Time : 9272.13
KSP Time : 6302.9
Min/max recon condition numbers:    1.07374    1.42953
CLv: 7.701e-08
CDv: 0.00285049
CSv: -6.28742e-15
CLp: -35.715
CDp: 0
CSp: 0
Cf at x=0.97008 and z = 0.5: 0.00271428 
Min/max recon condition numbers:    8.96254    134.202
