[n253:06316] System has detected external process binding to cores 0001
[n253:06316] MCW rank 0 bound to socket 0[core 0]: [B]
Reading local file options/h2_p4.opt for options. 
#PETSc Option Table entries:
-C 0.1
-a 4
-angle 0
-d 3
-exnut 1
-f MESH/plate_m2
-ita_history_name pp_data/h2_p4.hst
-ita_histoy_name pp_data/P1_h2_p4.hst
-ita_target_residual 1e-8
-jacobian_type recanalytic
-ksp_gmres_preallocate
-ksp_gmres_restart 100
-ksp_max_it 500
-ksp_norm_type unpreconditioned
-ksp_rtol 1e-3
-ksp_type fgmres
-mach 0.2
-max_iter 70
-mcell3d_part_file MESH/plate_m2
-mesh_type c
-no_distance_weight
-opt options/h2_p4.opt
-pc_type bjacobi
-physics TurbSA3D
-pre_order 1
-pseudolts_fixed
-recon_condition
-reynolds 5e6
-sol sol/h2_p3
-sol_out sol/h2_p4
-sub_ksp_gmres_preallocate
-sub_ksp_maxit 10
-sub_ksp_norm_type preconditioned
-sub_ksp_type gmres
-sub_pc_factor_levels 2
-sub_pc_factor_mat_ordering_type rcm
-turbsa3d_pp_file pp_data/h2_p4.postproc
-turbsa3d_problem_data flat_plate
#End of PETSc Option Table entries
Physics classes defined: AUSM2D AUSMP2D AdvDiff Advection Burgers Carreau2D Euler2DAdjoint Euler3D Newtonian2D Poisson Potential PowerLaw2D Roe2D RoeTurbSA2D RoeVisc2D RoeVisc2DAdjoint TurbSA3D ViscBurgers 
DualPhysics classes defined: AUSM2DError AUSMP2DError AdvDiffError AdvectionError BurgersError Carreau2DError Newtonian2DError PoissonError PowerLaw2DError Roe2DError RoeTurbSA2DError RoeVisc2DError ViscBurgersError 
MeshCell3D Constructor ------------------------------------------- 
Reading MESH/plate_m2.vmesh 
[0] faces: n_interior = 331928; n_boundary = 21584; n_partition = 0; n_total = 353512
n_global_faces = 353512
Extra Quadrature Order: cell: 0  face: 0 
Stencil size: 0, 6, 15, 30 
Global Num of CVs : 114240
[0] Num of CVs : 114240
End of MeshCell3D Constructor ------------------------------------ 
Creating a TurbSA3D Physics object. 
alpha=0.000000 psi=0. 
Min/max recon condition numbers:    8.96254    134.202
Recon Order: 4 
Min/max recon condition numbers:    8.96254    310.103
Jacobian is of order: 4 
Beginning Matrix Assembly
Control volumes: 114240, non-zeros: 13284848
Assembled Matrix
Creating a recon of order 1 for JacInteg 
Beginning Matrix Assembly
Control volumes: 114240, non-zeros: 778096
Assembled Matrix
KSP Object: 1 MPI processes
  type: fgmres
    GMRES: restart=100, using Classical (unmodified) Gram-Schmidt Orthogonalization with no iterative refinement
    GMRES: happy breakdown tolerance 1e-30
  maximum iterations=500, initial guess is zero
  tolerances:  relative=0.001, absolute=1e-16, divergence=10000.
  right preconditioning
  using UNPRECONDITIONED norm type for convergence test
PC Object: 1 MPI processes
  type: bjacobi
    block Jacobi: number of blocks = 1
    Local solve is same for all blocks, in the following KSP and PC objects:
    KSP Object:    (sub_)     1 MPI processes
      type: gmres
        GMRES: restart=30, using Classical (unmodified) Gram-Schmidt Orthogonalization with no iterative refinement
        GMRES: happy breakdown tolerance 1e-30
      maximum iterations=10000, initial guess is zero
      tolerances:  relative=1e-05, absolute=1e-50, divergence=10000.
      left preconditioning
      using PRECONDITIONED norm type for convergence test
    PC Object:    (sub_)     1 MPI processes
      type: ilu
      PC has not been set up so information may be incomplete
        ILU: out-of-place factorization
        2 levels of fill
        tolerance for zero pivot 2.22045e-14
        matrix ordering: rcm
      linear system matrix = precond matrix:
      Mat Object:       1 MPI processes
        type: seqbaij
        rows=685440, cols=685440, bs=6
        total: nonzeros=28011456, allocated nonzeros=28011456
        total number of mallocs used during MatSetValues calls =0
            block size is 6
  linear system matrix followed by preconditioner matrix:
  Mat Object:   1 MPI processes
    type: seqbaij
    rows=685440, cols=685440, bs=6
    total: nonzeros=478254528, allocated nonzeros=478254528
    total number of mallocs used during MatSetValues calls =0
        block size is 6
  Mat Object:   1 MPI processes
    type: seqbaij
    rows=685440, cols=685440, bs=6
    total: nonzeros=28011456, allocated nonzeros=28011456
    total number of mallocs used during MatSetValues calls =0
        block size is 6
Initial fnorm: 6826.67 
Step:   1  CFL:          0.1  fnorm: 1.727406E+03  CPU: 323.0922  WU:  56.9580 #LI:    8 #ILI:  -1 om:1.0000
Step:   2  CFL:         0.15  fnorm: 6.628416E+02  CPU: 656.0160  WU: 115.6491 #LI:   10 #ILI:  -1 om:1.0000
Step:   3  CFL:        0.225  fnorm: 3.844473E+02  CPU: 989.4517  WU: 174.4306 #LI:   10 #ILI:  -1 om:1.0000
Step:   4  CFL:       0.3375  fnorm: 2.977912E+02  CPU: 1327.5035  WU: 234.0257 #LI:   12 #ILI:  -1 om:1.0000
Step:   5  CFL:      0.50625  fnorm: 2.244067E+02  CPU: 1671.6221  WU: 294.6904 #LI:   14 #ILI:  -1 om:1.0000
Step:   6  CFL:     0.759375  fnorm: 1.560081E+02  CPU: 2020.8249  WU: 356.2514 #LI:   15 #ILI:  -1 om:1.0000
Step:   7  CFL:      1.13906  fnorm: 9.819004E+01  CPU: 2377.6691  WU: 419.1595 #LI:   18 #ILI:  -1 om:1.0000
Step:   8  CFL:      1.70859  fnorm: 5.543819E+01  CPU: 2745.2640  WU: 483.9629 #LI:   21 #ILI:  -1 om:1.0000
Step:   9  CFL:      2.56289  fnorm: 2.918472E+01  CPU: 3123.7207  WU: 550.6810 #LI:   23 #ILI:  -1 om:1.0000
Step:  10  CFL:      3.84434  fnorm: 1.529288E+01  CPU: 3514.3977  WU: 619.5535 #LI:   26 #ILI:  -1 om:1.0000
Step:  11  CFL:       5.7665  fnorm: 7.928293E+00  CPU: 3918.7994  WU: 690.8455 #LI:   29 #ILI:  -1 om:1.0000
Step:  12  CFL:      8.64976  fnorm: 3.877154E+00  CPU: 4351.9850  WU: 767.2119 #LI:   34 #ILI:  -1 om:1.0000
Step:  13  CFL:      12.9746  fnorm: 1.854463E+00  CPU: 4810.0066  WU: 847.9566 #LI:   39 #ILI:  -1 om:1.0000
Step:  14  CFL:       19.462  fnorm: 9.558953E-01  CPU: 5307.0611  WU: 935.5824 #LI:   45 #ILI:  -1 om:1.0000
Step:  15  CFL:      29.1929  fnorm: 4.765118E-01  CPU: 5850.0725  WU: 1031.3099 #LI:   51 #ILI:  -1 om:1.0000
Step:  16  CFL:      43.7894  fnorm: 2.034779E-01  CPU: 6451.2043  WU: 1137.2835 #LI:   56 #ILI:  -1 om:1.0000
Step:  17  CFL:      65.6841  fnorm: 8.485402E-02  CPU: 7147.4037  WU: 1260.0165 #LI:   65 #ILI:  -1 om:1.0000
Step:  18  CFL:      98.5261  fnorm: 4.105376E-02  CPU: 7941.0308  WU: 1399.9251 #LI:   73 #ILI:  -1 om:1.0000
Step:  19  CFL:      147.789  fnorm: 1.949739E-02  CPU: 8783.0375  WU: 1548.3626 #LI:   82 #ILI:  -1 om:1.0000
Step:  20  CFL:      221.684  fnorm: 7.787990E-03  CPU: 9705.3874  WU: 1710.9637 #LI:   90 #ILI:  -1 om:1.0000
Step:  21  CFL:      332.526  fnorm: 2.565954E-03  CPU: 10761.7929  WU: 1897.1976 #LI:  102 #ILI:  -1 om:1.0000
Step:  22  CFL:      498.789  fnorm: 5.990189E-04  CPU: 11966.6762  WU: 2109.6066 #LI:  113 #ILI:  -1 om:1.0000
Step:  23  CFL:      748.183  fnorm: 7.186555E-05  CPU: 13317.3044  WU: 2347.7090 #LI:  124 #ILI:  -1 om:1.0000
Step:  24  CFL:      1122.27  fnorm: 6.761923E-06  CPU: 14847.8241  WU: 2617.5244 #LI:  139 #ILI:  -1 om:1.0000
Step:  25  CFL:      1683.41  fnorm: 1.652914E-06  CPU: 16495.4631  WU: 2907.9869 #LI:  149 #ILI:  -1 om:1.0000
Step:  26  CFL:      2525.12  fnorm: 1.762588E-07  CPU: 18008.4338  WU: 3174.7087 #LI:  137 #ILI:  -1 om:1.0000
Step:  27  CFL:      3787.68  fnorm: 2.732482E-08  CPU: 19506.6401  WU: 3438.8276 #LI:  135 #ILI:  -1 om:1.0000
Step:  28  CFL:      5681.51  fnorm: 2.275294E-08  CPU: 20942.4333  WU: 3691.9437 #LI:  127 #ILI:  -1 om:1.0000
Step:  29  CFL:      8522.27  fnorm: 1.085087E-08  CPU: 22147.9219  WU: 3904.4594 #LI:  105 #ILI:  -1 om:1.0000
Step:  30  CFL:      12783.4  fnorm: 8.666034E-09  CPU: 23281.4263  WU: 4104.2850 #LI:  100 #ILI:  -1 om:1.0000
FI Time : 5.67247
Jac Time : 9072.47
KSP Time : 13882
Min/max recon condition numbers:    1.07374    1.42953
CLv: 7.701e-08
CDv: 0.00285049
CSv: -6.29423e-15
CLp: -35.715
CDp: 0
CSp: 0
Cf at x=0.97008 and z = 0.5: 0.00271428 
Min/max recon condition numbers:    8.96254    134.202
