Reading local file options/h2_p4_lines.opt for options. 
#PETSc Option Table entries:
-C 0.1
-a 4
-angle 0
-d 3
-exnut 1
-f MESH/plate_m2
-ita_history_name pp_data/P2_h2_p4_lines.hst
-ita_target_residual 1e-8
-jacobian_type recanalytic
-ksp_gmres_preallocate
-ksp_gmres_restart 100
-ksp_ksp_max_it 10
-ksp_ksp_type gmres
-ksp_max_it 500
-ksp_norm_type unpreconditioned
-ksp_pc_type bjacobi
-ksp_rtol 1e-3
-ksp_sub_ksp_gmres_preallocate
-ksp_sub_pc_factor_levels 2
-ksp_sub_pc_factor_mat_ordering_type lines
-ksp_sub_pc_type ilu
-ksp_type fgmres
-mach 0.2
-max_iter 70
-mcell3d_old_initrecon
-mcell3d_part_file MESH/plate_m2
-mesh_type c
-mu 1e-5
-no_distance_weight
-opt options/h2_p4_lines.opt
-pc_type ksp
-physics TurbSA3D
-pre_order 1
-pseudolts_fixed
-recon_condition
-reynolds 5e6
-sol sol/h2_p3
-sol_out sol/h2_p4
-turbsa3d_pp_file pp_data/h2_p4_lines.postproc
-turbsa3d_problem_data flat_plate
-vv 1
#End of PETSc Option Table entries
Physics classes defined: AUSM2D AUSMP2D AdvDiff Advection Burgers Carreau2D Euler2DAdjoint Euler3D Newtonian2D Poisson Potential PowerLaw2D Roe2D RoeTurbSA2D RoeVisc2D RoeVisc2DAdjoint TurbSA3D ViscBurgers 
DualPhysics classes defined: AUSM2DError AUSMP2DError AdvDiffError AdvectionError BurgersError Carreau2DError Newtonian2DError PoissonError PowerLaw2DError Roe2DError RoeTurbSA2DError RoeVisc2DError ViscBurgersError 
MeshCell3D Constructor ------------------------------------------- 
Reading MESH/plate_m2.vmesh 
Reading MESH/plate_m2_npart2.part for partition data. 
[0] faces: n_interior = 168721; n_boundary = 11607; n_partition = 2017; n_total = 182345
[1] faces: n_interior = 161190; n_boundary = 9977; n_partition = 2017; n_total = 173184
n_global_faces = 353512
Extra Quadrature Order: cell: 0  face: 0 
Stencil size: 0, 6, 15, 30 
Calling old init recon. 
Global Num of CVs : 114240
[0] Num of CVs : 58511
[1] Num of CVs : 55729
End of MeshCell3D Constructor ------------------------------------ 
Creating a TurbSA3D Physics object. 
alpha=0.000000 psi=0. 
Min/max recon condition numbers:    8.96254    134.202
Recon Order: 4 
Recon Order: 4 
Min/max recon condition numbers:    8.96254    310.103
Jacobian is of order: 4 
Beginning Matrix Assembly
Control volumes: 114240, non-zeros: 6772005
Assembled Matrix
Min/max recon condition numbers:    1.07374    1.99859
Physics space dimensions: 3 
Creating a Advection Physics object. 
Physics space dimensions: 3 
Creating a Poisson Physics object. 
Physics space dimensions: 3 
Beginning Matrix Assembly
Control volumes: 114240, non-zeros: 397970
Assembled Matrix
FOUND WIEGHTS. 
FOUND WIEGHTS. 
Creating a recon of order 1 for JacInteg 
Beginning Matrix Assembly
Control volumes: 114240, non-zeros: 397970
Assembled Matrix
KSP Object: 2 MPI processes
  type: fgmres
    GMRES: restart=100, using Classical (unmodified) Gram-Schmidt Orthogonalization with no iterative refinement
    GMRES: happy breakdown tolerance 1e-30
  maximum iterations=500, initial guess is zero
  tolerances:  relative=0.001, absolute=1e-16, divergence=10000.
  right preconditioning
  using UNPRECONDITIONED norm type for convergence test
PC Object: 2 MPI processes
  type: ksp
  KSP and PC on KSP preconditioner follow
  ---------------------------------
    KSP Object:    (ksp_)     2 MPI processes
      type: gmres
        GMRES: restart=30, using Classical (unmodified) Gram-Schmidt Orthogonalization with no iterative refinement
        GMRES: happy breakdown tolerance 1e-30
      maximum iterations=10, initial guess is zero
      tolerances:  relative=1e-05, absolute=1e-50, divergence=10000.
      left preconditioning
      using PRECONDITIONED norm type for convergence test
    PC Object:    (ksp_)     2 MPI processes
      type: bjacobi
        block Jacobi: number of blocks = 2
        Local solve is same for all blocks, in the following KSP and PC objects:
      KSP Object:      (ksp_sub_)       1 MPI processes
        type: preonly
        maximum iterations=10000, initial guess is zero
        tolerances:  relative=1e-05, absolute=1e-50, divergence=10000.
        left preconditioning
        using DEFAULT norm type for convergence test
      PC Object:      (ksp_sub_)       1 MPI processes
        type: ilu
        PC has not been set up so information may be incomplete
          ILU: out-of-place factorization
          2 levels of fill
          tolerance for zero pivot 2.22045e-14
          matrix ordering: lines
        linear system matrix = precond matrix:
        Mat Object:         1 MPI processes
          type: seqbaij
          rows=351066, cols=351066, bs=6
          total: nonzeros=14254308, allocated nonzeros=14254308
          total number of mallocs used during MatSetValues calls =0
              block size is 6
      linear system matrix = precond matrix:
      Mat Object:       2 MPI processes
        type: mpibaij
        rows=685440, cols=685440, bs=6
        total: nonzeros=28011456, allocated nonzeros=28011456
        total number of mallocs used during MatSetValues calls =0
            block size is 6
  ---------------------------------
  linear system matrix followed by preconditioner matrix:
  Mat Object:   2 MPI processes
    type: mpibaij
    rows=685440, cols=685440, bs=6
    total: nonzeros=478254528, allocated nonzeros=478254528
    total number of mallocs used during MatSetValues calls =0
        block size is 6
  Mat Object:   2 MPI processes
    type: mpibaij
    rows=685440, cols=685440, bs=6
    total: nonzeros=28011456, allocated nonzeros=28011456
    total number of mallocs used during MatSetValues calls =0
        block size is 6
Initial fnorm: 6826.67 
reordering using the lines ... 
reordering using the lines ... 
Step:   1  CFL:          0.1  fnorm: 1.727406E+03  CPU: 180.0807  WU:  46.4357 #LI:    8 #ILI:  -1 om:1.0000
Step:   2  CFL:         0.15  fnorm: 6.628416E+02  CPU: 371.3681  WU:  95.7612 #LI:   10 #ILI:  -1 om:1.0000
Step:   3  CFL:        0.225  fnorm: 3.844473E+02  CPU: 560.3988  WU: 144.5048 #LI:   10 #ILI:  -1 om:1.0000
Step:   4  CFL:       0.3375  fnorm: 2.977912E+02  CPU: 752.1166  WU: 193.9412 #LI:   12 #ILI:  -1 om:1.0000
Step:   5  CFL:      0.50625  fnorm: 2.244067E+02  CPU: 947.9828  WU: 244.4474 #LI:   14 #ILI:  -1 om:1.0000
Step:   6  CFL:     0.759375  fnorm: 1.560081E+02  CPU: 1147.7925  WU: 295.9704 #LI:   15 #ILI:  -1 om:1.0000
Step:   7  CFL:      1.13906  fnorm: 9.819004E+01  CPU: 1352.9345  WU: 348.8685 #LI:   18 #ILI:  -1 om:1.0000
Step:   8  CFL:      1.70859  fnorm: 5.543819E+01  CPU: 1564.0752  WU: 403.3133 #LI:   21 #ILI:  -1 om:1.0000
Step:   9  CFL:      2.56289  fnorm: 2.918472E+01  CPU: 1781.1411  WU: 459.2860 #LI:   23 #ILI:  -1 om:1.0000
Step:  10  CFL:      3.84434  fnorm: 1.529288E+01  CPU: 2007.2341  WU: 517.5865 #LI:   26 #ILI:  -1 om:1.0000
Step:  11  CFL:       5.7665  fnorm: 7.928293E+00  CPU: 2242.5217  WU: 578.2579 #LI:   29 #ILI:  -1 om:1.0000
Step:  12  CFL:      8.64976  fnorm: 3.877154E+00  CPU: 2485.7050  WU: 640.9653 #LI:   34 #ILI:  -1 om:1.0000
Step:  13  CFL:      12.9746  fnorm: 1.854464E+00  CPU: 2735.7155  WU: 705.4331 #LI:   39 #ILI:  -1 om:1.0000
Step:  14  CFL:       19.462  fnorm: 9.558937E-01  CPU: 2998.2621  WU: 773.1336 #LI:   45 #ILI:  -1 om:1.0000
Step:  15  CFL:      29.1929  fnorm: 4.765113E-01  CPU: 3274.0760  WU: 844.2551 #LI:   51 #ILI:  -1 om:1.0000
Step:  16  CFL:      43.7894  fnorm: 2.034754E-01  CPU: 3558.9162  WU: 917.7041 #LI:   57 #ILI:  -1 om:1.0000
Step:  17  CFL:      65.6841  fnorm: 8.485482E-02  CPU: 3864.9995  WU: 996.6310 #LI:   65 #ILI:  -1 om:1.0000
Step:  18  CFL:      98.5261  fnorm: 4.105377E-02  CPU: 4190.2182  WU: 1080.4920 #LI:   73 #ILI:  -1 om:1.0000
Step:  19  CFL:      147.789  fnorm: 1.949729E-02  CPU: 4532.9242  WU: 1168.8624 #LI:   82 #ILI:  -1 om:1.0000
Step:  20  CFL:      221.684  fnorm: 7.787954E-03  CPU: 4904.7031  WU: 1264.7295 #LI:   91 #ILI:  -1 om:1.0000
Step:  21  CFL:      332.526  fnorm: 2.565967E-03  CPU: 5284.8478  WU: 1362.7538 #LI:  103 #ILI:  -1 om:1.0000
Step:  22  CFL:      498.789  fnorm: 5.991369E-04  CPU: 5706.1772  WU: 1471.3981 #LI:  115 #ILI:  -1 om:1.0000
Step:  23  CFL:      748.183  fnorm: 7.187271E-05  CPU: 6138.9738  WU: 1582.9993 #LI:  126 #ILI:  -1 om:1.0000
Step:  24  CFL:      1122.27  fnorm: 6.762457E-06  CPU: 6601.0533  WU: 1702.1513 #LI:  137 #ILI:  -1 om:1.0000
Step:  25  CFL:      1683.41  fnorm: 1.653334E-06  CPU: 7103.4205  WU: 1831.6920 #LI:  153 #ILI:  -1 om:1.0000
Step:  26  CFL:      2525.12  fnorm: 1.762973E-07  CPU: 7562.0636  WU: 1949.9580 #LI:  142 #ILI:  -1 om:1.0000
Step:  27  CFL:      3787.68  fnorm: 2.735669E-08  CPU: 8019.2207  WU: 2067.8408 #LI:  136 #ILI:  -1 om:1.0000
Step:  28  CFL:      5681.51  fnorm: 2.288468E-08  CPU: 8440.8379  WU: 2176.5592 #LI:  128 #ILI:  -1 om:1.0000
Step:  29  CFL:      8522.27  fnorm: 1.061932E-08  CPU: 8817.0533  WU: 2273.5703 #LI:   99 #ILI:  -1 om:1.0000
Step:  30  CFL:      12783.4  fnorm: 8.836085E-09  CPU: 9213.6394  WU: 2375.8343 #LI:  108 #ILI:  -1 om:1.0000
FI Time : 3.87806
Jac Time : 5052.11
KSP Time : 3983.49
Min/max recon condition numbers:    1.07374    1.42953
CLv: 7.701e-08
CDv: 0.00285049
CSv: -6.302e-15
CLp: -35.715
CDp: 0
CSp: 0
Cf at x=0.97008 and z = 0.5: 0.00271428 
Min/max recon condition numbers:    8.96254    134.202
