[n024:05913] System has detected external process binding to cores 0001
[n024:05913] MCW rank 0 bound to socket 0[core 0]: [B]
[n022:13667] MCW rank 1 bound to socket 0[core 0]: [B]
[n010:26481] MCW rank 2 bound to socket 0[core 0]: [B]
Reading local file options/h2_p4.opt for options. 
#PETSc Option Table entries:
-C 0.1
-a 4
-angle 0
-d 3
-exnut 1
-f MESH/plate_m2
-ita_history_name pp_data/h2_p4.hst
-ita_histoy_name pp_data/P3_h2_p4.hst
-ita_target_residual 1e-8
-jacobian_type recanalytic
-ksp_gmres_preallocate
-ksp_gmres_restart 100
-ksp_max_it 500
-ksp_norm_type unpreconditioned
-ksp_rtol 1e-3
-ksp_type fgmres
-mach 0.2
-max_iter 70
-mcell3d_part_file MESH/plate_m2
-mesh_type c
-no_distance_weight
-opt options/h2_p4.opt
-pc_type bjacobi
-physics TurbSA3D
-pre_order 1
-pseudolts_fixed
-recon_condition
-reynolds 5e6
-sol sol/h2_p3
-sol_out sol/h2_p4
-sub_ksp_gmres_preallocate
-sub_ksp_maxit 10
-sub_ksp_norm_type preconditioned
-sub_ksp_type gmres
-sub_pc_factor_levels 2
-sub_pc_factor_mat_ordering_type rcm
-turbsa3d_pp_file pp_data/h2_p4.postproc
-turbsa3d_problem_data flat_plate
#End of PETSc Option Table entries
Physics classes defined: AUSM2D AUSMP2D AdvDiff Advection Burgers Carreau2D Euler2DAdjoint Euler3D Newtonian2D Poisson Potential PowerLaw2D Roe2D RoeTurbSA2D RoeVisc2D RoeVisc2DAdjoint TurbSA3D ViscBurgers 
DualPhysics classes defined: AUSM2DError AUSMP2DError AdvDiffError AdvectionError BurgersError Carreau2DError Newtonian2DError PoissonError PowerLaw2DError Roe2DError RoeTurbSA2DError RoeVisc2DError ViscBurgersError 
MeshCell3D Constructor ------------------------------------------- 
Reading MESH/plate_m2.vmesh 
Reading MESH/plate_m2_npart3.part for partition data. 
[0] faces: n_interior = 108382; n_boundary = 6298; n_partition = 2058; n_total = 116738
[1] faces: n_interior = 109093; n_boundary = 7639; n_partition = 1839; n_total = 118571
[2] faces: n_interior = 110556; n_boundary = 7647; n_partition = 3897; n_total = 122100
n_global_faces = 353512
Extra Quadrature Order: cell: 0  face: 0 
Stencil size: 0, 6, 15, 30 
Global Num of CVs : 114240
[0] Num of CVs : 37520
[1] Num of CVs : 37944
[2] Num of CVs : 38776
End of MeshCell3D Constructor ------------------------------------ 
Creating a TurbSA3D Physics object. 
alpha=0.000000 psi=0. 
Min/max recon condition numbers:    9.66068    134.202
Recon Order: 4 
Recon Order: 4 
Recon Order: 4 
Min/max recon condition numbers:    9.66068    310.103
Jacobian is of order: 4 
Beginning Matrix Assembly
Control volumes: 114240, non-zeros: 4409270
Assembled Matrix
Creating a recon of order 1 for JacInteg 
Beginning Matrix Assembly
Control volumes: 114240, non-zeros: 256342
Assembled Matrix
KSP Object: 3 MPI processes
  type: fgmres
    GMRES: restart=100, using Classical (unmodified) Gram-Schmidt Orthogonalization with no iterative refinement
    GMRES: happy breakdown tolerance 1e-30
  maximum iterations=500, initial guess is zero
  tolerances:  relative=0.001, absolute=1e-16, divergence=10000.
  right preconditioning
  using UNPRECONDITIONED norm type for convergence test
PC Object: 3 MPI processes
  type: bjacobi
    block Jacobi: number of blocks = 3
    Local solve is same for all blocks, in the following KSP and PC objects:
  KSP Object:  (sub_)   1 MPI processes
    type: gmres
      GMRES: restart=30, using Classical (unmodified) Gram-Schmidt Orthogonalization with no iterative refinement
      GMRES: happy breakdown tolerance 1e-30
    maximum iterations=10000, initial guess is zero
    tolerances:  relative=1e-05, absolute=1e-50, divergence=10000.
    left preconditioning
    using PRECONDITIONED norm type for convergence test
  PC Object:  (sub_)   1 MPI processes
    type: ilu
    PC has not been set up so information may be incomplete
      ILU: out-of-place factorization
      ILU: Reusing reordering from past factorization
      2 levels of fill
      tolerance for zero pivot 2.22045e-14
      using diagonal shift to prevent zero pivot [NONZERO]
      matrix ordering: rcm
    linear system matrix = precond matrix:
    Mat Object:     1 MPI processes
      type: seqbaij
      rows=225120, cols=225120, bs=6
      total: nonzeros=9154224, allocated nonzeros=9154224
      total number of mallocs used during MatSetValues calls =0
          block size is 6
  linear system matrix followed by preconditioner matrix:
  Mat Object:   3 MPI processes
    type: mpibaij
    rows=685440, cols=685440, bs=6
    total: nonzeros=478254528, allocated nonzeros=478254528
    total number of mallocs used during MatSetValues calls =0
        block size is 6
  Mat Object:   3 MPI processes
    type: mpibaij
    rows=685440, cols=685440, bs=6
    total: nonzeros=28011456, allocated nonzeros=28011456
    total number of mallocs used during MatSetValues calls =0
        block size is 6
Initial fnorm: 6826.67 
Step:   1  CFL:          0.1  fnorm: 1.727406E+03  CPU: 120.3984  WU:  59.1864 #LI:    8 #ILI:  -1 om:1.0000
Step:   2  CFL:         0.15  fnorm: 6.628416E+02  CPU: 243.4387  WU: 119.6716 #LI:   10 #ILI:  -1 om:1.0000
Step:   3  CFL:        0.225  fnorm: 3.844473E+02  CPU: 367.8314  WU: 180.8216 #LI:   10 #ILI:  -1 om:1.0000
Step:   4  CFL:       0.3375  fnorm: 2.977912E+02  CPU: 491.9141  WU: 241.8192 #LI:   12 #ILI:  -1 om:1.0000
Step:   5  CFL:      0.50625  fnorm: 2.244067E+02  CPU: 619.1966  WU: 304.3897 #LI:   14 #ILI:  -1 om:1.0000
Step:   6  CFL:     0.759375  fnorm: 1.560081E+02  CPU: 749.5875  WU: 368.4884 #LI:   15 #ILI:  -1 om:1.0000
Step:   7  CFL:      1.13906  fnorm: 9.819004E+01  CPU: 882.6270  WU: 433.8891 #LI:   18 #ILI:  -1 om:1.0000
Step:   8  CFL:      1.70859  fnorm: 5.543820E+01  CPU: 1021.0775  WU: 501.9497 #LI:   21 #ILI:  -1 om:1.0000
Step:   9  CFL:      2.56289  fnorm: 2.918469E+01  CPU: 1162.1617  WU: 571.3050 #LI:   23 #ILI:  -1 om:1.0000
Step:  10  CFL:      3.84434  fnorm: 1.529287E+01  CPU: 1312.9385  WU: 645.4251 #LI:   26 #ILI:  -1 om:1.0000
Step:  11  CFL:       5.7665  fnorm: 7.928140E+00  CPU: 1466.7737  WU: 721.0487 #LI:   30 #ILI:  -1 om:1.0000
Step:  12  CFL:      8.64976  fnorm: 3.877109E+00  CPU: 1634.3661  WU: 803.4351 #LI:   35 #ILI:  -1 om:1.0000
Step:  13  CFL:      12.9746  fnorm: 1.854464E+00  CPU: 1814.3784  WU: 891.9271 #LI:   42 #ILI:  -1 om:1.0000
Step:  14  CFL:       19.462  fnorm: 9.558395E-01  CPU: 2017.0881  WU: 991.5768 #LI:   52 #ILI:  -1 om:1.0000
Step:  15  CFL:      29.1929  fnorm: 4.764705E-01  CPU: 2223.8640  WU: 1093.2253 #LI:   59 #ILI:  -1 om:1.0000
Step:  16  CFL:      43.7894  fnorm: 2.034628E-01  CPU: 2446.5956  WU: 1202.7176 #LI:   68 #ILI:  -1 om:1.0000
Step:  17  CFL:      65.6841  fnorm: 8.485763E-02  CPU: 2695.9601  WU: 1325.3022 #LI:   78 #ILI:  -1 om:1.0000
Step:  18  CFL:      98.5261  fnorm: 4.105048E-02  CPU: 2971.8103  WU: 1460.9069 #LI:   89 #ILI:  -1 om:1.0000
Step:  19  CFL:      147.789  fnorm: 1.949590E-02  CPU: 3291.0773  WU: 1617.8548 #LI:  108 #ILI:  -1 om:1.0000
Step:  20  CFL:      221.684  fnorm: 7.786310E-03  CPU: 3653.0178  WU: 1795.7805 #LI:  127 #ILI:  -1 om:1.0000
Step:  21  CFL:      332.526  fnorm: 2.565400E-03  CPU: 4055.9658  WU: 1993.8650 #LI:  147 #ILI:  -1 om:1.0000
Step:  22  CFL:      498.789  fnorm: 5.989531E-04  CPU: 4464.5220  WU: 2194.7064 #LI:  163 #ILI:  -1 om:1.0000
Step:  23  CFL:      748.183  fnorm: 7.183981E-05  CPU: 4890.2648  WU: 2403.9966 #LI:  171 #ILI:  -1 om:1.0000
Step:  24  CFL:      1122.27  fnorm: 6.753638E-06  CPU: 5348.8190  WU: 2629.4165 #LI:  189 #ILI:  -1 om:1.0000
Step:  25  CFL:      1683.41  fnorm: 1.651675E-06  CPU: 5854.0391  WU: 2877.7767 #LI:  216 #ILI:  -1 om:1.0000
Step:  26  CFL:      2525.12  fnorm: 1.760171E-07  CPU: 6292.9690  WU: 3093.5495 #LI:  177 #ILI:  -1 om:1.0000
Step:  27  CFL:      3787.68  fnorm: 2.732153E-08  CPU: 6730.8759  WU: 3308.8193 #LI:  172 #ILI:  -1 om:1.0000
Step:  28  CFL:      5681.51  fnorm: 2.270372E-08  CPU: 7164.6907  WU: 3522.0776 #LI:  161 #ILI:  -1 om:1.0000
Step:  29  CFL:      8522.27  fnorm: 1.096635E-08  CPU: 7522.6467  WU: 3698.0445 #LI:  131 #ILI:  -1 om:1.0000
Step:  30  CFL:      12783.4  fnorm: 8.709527E-09  CPU: 7882.6624  WU: 3875.0241 #LI:  131 #ILI:  -1 om:1.0000
FI Time : 2.03422
Jac Time : 3322.4
KSP Time : 4441.73
Min/max recon condition numbers:    1.07447    1.42953
CLv: 7.701e-08
CDv: 0.00285049
CSv: -6.28419e-15
CLp: -35.715
CDp: 0
CSp: 0
Cf at x=0.97008 and z = 0.5: 0.00271428 
Min/max recon condition numbers:    9.66068    134.202
