[n150:13502] System has detected external process binding to cores 0001
[n150:13502] MCW rank 0 bound to socket 0[core 0]: [B]
[n149:22344] MCW rank 1 bound to socket 0[core 0]: [B]
[n121:13897] MCW rank 2 bound to socket 0[core 0]: [B]
[n116:16329] MCW rank 3 bound to socket 0[core 0]: [B]
Reading local file options/h2_p4.opt for options. 
#PETSc Option Table entries:
-C 0.1
-a 4
-angle 0
-d 3
-exnut 1
-f MESH/plate_m2
-ita_history_name pp_data/h2_p4.hst
-ita_histoy_name pp_data/P4_h2_p4.hst
-ita_target_residual 1e-8
-jacobian_type recanalytic
-ksp_gmres_preallocate
-ksp_gmres_restart 100
-ksp_max_it 500
-ksp_norm_type unpreconditioned
-ksp_rtol 1e-3
-ksp_type fgmres
-mach 0.2
-max_iter 70
-mcell3d_part_file MESH/plate_m2
-mesh_type c
-no_distance_weight
-opt options/h2_p4.opt
-pc_type bjacobi
-physics TurbSA3D
-pre_order 1
-pseudolts_fixed
-recon_condition
-reynolds 5e6
-sol sol/h2_p3
-sol_out sol/h2_p4
-sub_ksp_gmres_preallocate
-sub_ksp_maxit 10
-sub_ksp_norm_type preconditioned
-sub_ksp_type gmres
-sub_pc_factor_levels 2
-sub_pc_factor_mat_ordering_type rcm
-turbsa3d_pp_file pp_data/h2_p4.postproc
-turbsa3d_problem_data flat_plate
#End of PETSc Option Table entries
Physics classes defined: AUSM2D AUSMP2D AdvDiff Advection Burgers Carreau2D Euler2DAdjoint Euler3D Newtonian2D Poisson Potential PowerLaw2D Roe2D RoeTurbSA2D RoeVisc2D RoeVisc2DAdjoint TurbSA3D ViscBurgers 
DualPhysics classes defined: AUSM2DError AUSMP2DError AdvDiffError AdvectionError BurgersError Carreau2DError Newtonian2DError PoissonError PowerLaw2DError Roe2DError RoeTurbSA2DError RoeVisc2DError ViscBurgersError 
MeshCell3D Constructor ------------------------------------------- 
Reading MESH/plate_m2.vmesh 
Reading MESH/plate_m2_npart4.part for partition data. 
[0] faces: n_interior = 79954; n_boundary = 4790; n_partition = 1904; n_total = 86648
[1] faces: n_interior = 82032; n_boundary = 5292; n_partition = 4098; n_total = 91422
[2] faces: n_interior = 80595; n_boundary = 5665; n_partition = 2729; n_total = 88989
[3] faces: n_interior = 83996; n_boundary = 5837; n_partition = 1971; n_total = 91804
n_global_faces = 353512
Extra Quadrature Order: cell: 0  face: 0 
Stencil size: 0, 6, 15, 30 
Global Num of CVs : 114240
[0] Num of CVs : 27767
[1] Num of CVs : 28909
[2] Num of CVs : 28264
[3] Num of CVs : 29300
End of MeshCell3D Constructor ------------------------------------ 
Creating a TurbSA3D Physics object. 
alpha=0.000000 psi=0. 
Min/max recon condition numbers:    9.66068    134.202
Recon Order: 4 
Recon Order: 4 
Recon Order: 4 
Recon Order: 4 
Min/max recon condition numbers:    9.66068    310.103
Jacobian is of order: 4 
Beginning Matrix Assembly
Control volumes: 114240, non-zeros: 3255193
Assembled Matrix
Creating a recon of order 1 for JacInteg 
Beginning Matrix Assembly
Control volumes: 114240, non-zeros: 189579
Assembled Matrix
KSP Object: 4 MPI processes
  type: fgmres
    GMRES: restart=100, using Classical (unmodified) Gram-Schmidt Orthogonalization with no iterative refinement
    GMRES: happy breakdown tolerance 1e-30
  maximum iterations=500, initial guess is zero
  tolerances:  relative=0.001, absolute=1e-16, divergence=10000.
  right preconditioning
  using UNPRECONDITIONED norm type for convergence test
PC Object: 4 MPI processes
  type: bjacobi
    block Jacobi: number of blocks = 4
    Local solve is same for all blocks, in the following KSP and PC objects:
  KSP Object:  (sub_)   1 MPI processes
    type: gmres
      GMRES: restart=30, using Classical (unmodified) Gram-Schmidt Orthogonalization with no iterative refinement
      GMRES: happy breakdown tolerance 1e-30
    maximum iterations=10000, initial guess is zero
    tolerances:  relative=1e-05, absolute=1e-50, divergence=10000.
    left preconditioning
    using PRECONDITIONED norm type for convergence test
  PC Object:  (sub_)   1 MPI processes
    type: ilu
    PC has not been set up so information may be incomplete
      ILU: out-of-place factorization
      ILU: Reusing reordering from past factorization
      2 levels of fill
      tolerance for zero pivot 2.22045e-14
      using diagonal shift to prevent zero pivot [NONZERO]
      matrix ordering: rcm
    linear system matrix = precond matrix:
    Mat Object:     1 MPI processes
      type: seqbaij
      rows=166602, cols=166602, bs=6
      total: nonzeros=6756300, allocated nonzeros=6756300
      total number of mallocs used during MatSetValues calls =0
          block size is 6
  linear system matrix followed by preconditioner matrix:
  Mat Object:   4 MPI processes
    type: mpibaij
    rows=685440, cols=685440, bs=6
    total: nonzeros=478254528, allocated nonzeros=478254528
    total number of mallocs used during MatSetValues calls =0
        block size is 6
  Mat Object:   4 MPI processes
    type: mpibaij
    rows=685440, cols=685440, bs=6
    total: nonzeros=28011456, allocated nonzeros=28011456
    total number of mallocs used during MatSetValues calls =0
        block size is 6
Initial fnorm: 6826.67 
Step:   1  CFL:          0.1  fnorm: 1.727406E+03  CPU:  85.9337  WU:  45.3096 #LI:    8 #ILI:  -1 om:1.0000
Step:   2  CFL:         0.15  fnorm: 6.628417E+02  CPU: 174.7010  WU:  92.1134 #LI:   10 #ILI:  -1 om:1.0000
Step:   3  CFL:        0.225  fnorm: 3.844473E+02  CPU: 264.2016  WU: 139.3037 #LI:   10 #ILI:  -1 om:1.0000
Step:   4  CFL:       0.3375  fnorm: 2.977912E+02  CPU: 354.3228  WU: 186.8213 #LI:   12 #ILI:  -1 om:1.0000
Step:   5  CFL:      0.50625  fnorm: 2.244067E+02  CPU: 446.1954  WU: 235.2623 #LI:   14 #ILI:  -1 om:1.0000
Step:   6  CFL:     0.759375  fnorm: 1.560081E+02  CPU: 539.1039  WU: 284.2495 #LI:   15 #ILI:  -1 om:1.0000
Step:   7  CFL:      1.13906  fnorm: 9.819005E+01  CPU: 634.1518  WU: 334.3647 #LI:   18 #ILI:  -1 om:1.0000
Step:   8  CFL:      1.70859  fnorm: 5.543815E+01  CPU: 735.2976  WU: 387.6952 #LI:   21 #ILI:  -1 om:1.0000
Step:   9  CFL:      2.56289  fnorm: 2.918472E+01  CPU: 838.8456  WU: 442.2922 #LI:   23 #ILI:  -1 om:1.0000
Step:  10  CFL:      3.84434  fnorm: 1.529263E+01  CPU: 944.6082  WU: 498.0569 #LI:   26 #ILI:  -1 om:1.0000
Step:  11  CFL:       5.7665  fnorm: 7.927800E+00  CPU: 1054.9048  WU: 556.2122 #LI:   31 #ILI:  -1 om:1.0000
Step:  12  CFL:      8.64976  fnorm: 3.877080E+00  CPU: 1175.7135  WU: 619.9102 #LI:   37 #ILI:  -1 om:1.0000
Step:  13  CFL:      12.9746  fnorm: 1.854386E+00  CPU: 1311.8214  WU: 691.6748 #LI:   46 #ILI:  -1 om:1.0000
Step:  14  CFL:       19.462  fnorm: 9.557363E-01  CPU: 1465.3620  WU: 772.6311 #LI:   55 #ILI:  -1 om:1.0000
Step:  15  CFL:      29.1929  fnorm: 4.764958E-01  CPU: 1637.8866  WU: 863.5969 #LI:   64 #ILI:  -1 om:1.0000
Step:  16  CFL:      43.7894  fnorm: 2.034862E-01  CPU: 1827.9478  WU: 963.8092 #LI:   74 #ILI:  -1 om:1.0000
Step:  17  CFL:      65.6841  fnorm: 8.485980E-02  CPU: 2036.1263  WU: 1073.5739 #LI:   83 #ILI:  -1 om:1.0000
Step:  18  CFL:      98.5261  fnorm: 4.105202E-02  CPU: 2278.6147  WU: 1201.4291 #LI:   96 #ILI:  -1 om:1.0000
Step:  19  CFL:      147.789  fnorm: 1.949647E-02  CPU: 2537.9523  WU: 1338.1682 #LI:  110 #ILI:  -1 om:1.0000
Step:  20  CFL:      221.684  fnorm: 7.787135E-03  CPU: 2828.2518  WU: 1491.2324 #LI:  126 #ILI:  -1 om:1.0000
Step:  21  CFL:      332.526  fnorm: 2.565657E-03  CPU: 3145.9318  WU: 1658.7333 #LI:  145 #ILI:  -1 om:1.0000
Step:  22  CFL:      498.789  fnorm: 5.989539E-04  CPU: 3457.6793  WU: 1823.1062 #LI:  155 #ILI:  -1 om:1.0000
Step:  23  CFL:      748.183  fnorm: 7.182907E-05  CPU: 3730.2218  WU: 1966.8077 #LI:  168 #ILI:  -1 om:1.0000
Step:  24  CFL:      1122.27  fnorm: 6.759311E-06  CPU: 4035.6524  WU: 2127.8500 #LI:  187 #ILI:  -1 om:1.0000
Step:  25  CFL:      1683.41  fnorm: 1.653000E-06  CPU: 4349.4630  WU: 2293.3107 #LI:  199 #ILI:  -1 om:1.0000
Step:  26  CFL:      2525.12  fnorm: 1.761057E-07  CPU: 4632.7558  WU: 2442.6805 #LI:  184 #ILI:  -1 om:1.0000
Step:  27  CFL:      3787.68  fnorm: 2.736069E-08  CPU: 4907.1382  WU: 2587.3522 #LI:  178 #ILI:  -1 om:1.0000
Step:  28  CFL:      5681.51  fnorm: 2.282050E-08  CPU: 5163.8312  WU: 2722.6969 #LI:  162 #ILI:  -1 om:1.0000
Step:  29  CFL:      8522.27  fnorm: 1.093923E-08  CPU: 5375.7049  WU: 2834.4100 #LI:  122 #ILI:  -1 om:1.0000
Step:  30  CFL:      12783.4  fnorm: 8.799949E-09  CPU: 5574.2136  WU: 2939.0763 #LI:  110 #ILI:  -1 om:1.0000
FI Time : 1.89659
Jac Time : 2466.29
KSP Time : 3022.49
Min/max recon condition numbers:    1.07447    1.42953
CLv: 7.701e-08
CDv: 0.00285049
CSv: -6.29065e-15
CLp: -35.715
CDp: 0
CSp: 0
Cf at x=0.97008 and z = 0.5: 0.00271428 
Min/max recon condition numbers:    9.66068    134.202
