[n135:16344] System has detected external process binding to cores 0001
[n135:16344] MCW rank 0 bound to socket 0[core 0]: [B]
[n102:16454] MCW rank 4 bound to socket 0[core 0]: [B]
[n132:03709] MCW rank 2 bound to socket 0[core 0]: [B]
[n134:20619] MCW rank 1 bound to socket 0[core 0]: [B]
[n111:04011] MCW rank 3 bound to socket 0[core 0]: [B]
Reading local file options/h2_p4.opt for options. 
#PETSc Option Table entries:
-C 0.1
-a 4
-angle 0
-d 3
-exnut 1
-f MESH/plate_m2
-ita_history_name pp_data/h2_p4.hst
-ita_histoy_name pp_data/P5_h2_p4.hst
-ita_target_residual 1e-8
-jacobian_type recanalytic
-ksp_gmres_preallocate
-ksp_gmres_restart 100
-ksp_max_it 500
-ksp_norm_type unpreconditioned
-ksp_rtol 1e-3
-ksp_type fgmres
-mach 0.2
-max_iter 70
-mcell3d_part_file MESH/plate_m2
-mesh_type c
-no_distance_weight
-opt options/h2_p4.opt
-pc_type bjacobi
-physics TurbSA3D
-pre_order 1
-pseudolts_fixed
-recon_condition
-reynolds 5e6
-sol sol/h2_p3
-sol_out sol/h2_p4
-sub_ksp_gmres_preallocate
-sub_ksp_maxit 10
-sub_ksp_norm_type preconditioned
-sub_ksp_type gmres
-sub_pc_factor_levels 2
-sub_pc_factor_mat_ordering_type rcm
-turbsa3d_pp_file pp_data/h2_p4.postproc
-turbsa3d_problem_data flat_plate
#End of PETSc Option Table entries
Physics classes defined: AUSM2D AUSMP2D AdvDiff Advection Burgers Carreau2D Euler2DAdjoint Euler3D Newtonian2D Poisson Potential PowerLaw2D Roe2D RoeTurbSA2D RoeVisc2D RoeVisc2DAdjoint TurbSA3D ViscBurgers 
DualPhysics classes defined: AUSM2DError AUSMP2DError AdvDiffError AdvectionError BurgersError Carreau2DError Newtonian2DError PoissonError PowerLaw2DError Roe2DError RoeTurbSA2DError RoeVisc2DError ViscBurgersError 
MeshCell3D Constructor ------------------------------------------- 
Reading MESH/plate_m2.vmesh 
Reading MESH/plate_m2_npart5.part for partition data. 
[0] faces: n_interior = 63909; n_boundary = 3451; n_partition = 4253; n_total = 71613
[1] faces: n_interior = 63613; n_boundary = 4011; n_partition = 1957; n_total = 69581
[2] faces: n_interior = 66726; n_boundary = 4897; n_partition = 1055; n_total = 72678
[3] faces: n_interior = 66376; n_boundary = 4920; n_partition = 1720; n_total = 73016
[4] faces: n_interior = 65219; n_boundary = 4305; n_partition = 3185; n_total = 72709
n_global_faces = 353512
Extra Quadrature Order: cell: 0  face: 0 
Stencil size: 0, 6, 15, 30 
Global Num of CVs : 114240
[0] Num of CVs : 22587
[1] Num of CVs : 22199
[2] Num of CVs : 23234
[3] Num of CVs : 23232
[4] Num of CVs : 22988
End of MeshCell3D Constructor ------------------------------------ 
Creating a TurbSA3D Physics object. 
alpha=0.000000 psi=0. 
Min/max recon condition numbers:    9.66068    134.202
Recon Order: 4 
Recon Order: 4 
Recon Order: 4 
Recon Order: 4 
Recon Order: 4 
Min/max recon condition numbers:    9.66068    310.103
Jacobian is of order: 4 
Beginning Matrix Assembly
Control volumes: 114240, non-zeros: 2675051
Assembled Matrix
Creating a recon of order 1 for JacInteg 
Beginning Matrix Assembly
Control volumes: 114240, non-zeros: 154658
Assembled Matrix
KSP Object: 5 MPI processes
  type: fgmres
    GMRES: restart=100, using Classical (unmodified) Gram-Schmidt Orthogonalization with no iterative refinement
    GMRES: happy breakdown tolerance 1e-30
  maximum iterations=500, initial guess is zero
  tolerances:  relative=0.001, absolute=1e-16, divergence=10000.
  right preconditioning
  using UNPRECONDITIONED norm type for convergence test
PC Object: 5 MPI processes
  type: bjacobi
    block Jacobi: number of blocks = 5
    Local solve is same for all blocks, in the following KSP and PC objects:
  KSP Object:  (sub_)   1 MPI processes
    type: gmres
      GMRES: restart=30, using Classical (unmodified) Gram-Schmidt Orthogonalization with no iterative refinement
      GMRES: happy breakdown tolerance 1e-30
    maximum iterations=10000, initial guess is zero
    tolerances:  relative=1e-05, absolute=1e-50, divergence=10000.
    left preconditioning
    using PRECONDITIONED norm type for convergence test
  PC Object:  (sub_)   1 MPI processes
    type: ilu
    PC has not been set up so information may be incomplete
      ILU: out-of-place factorization
      ILU: Reusing reordering from past factorization
      2 levels of fill
      tolerance for zero pivot 2.22045e-14
      using diagonal shift to prevent zero pivot [NONZERO]
      matrix ordering: rcm
    linear system matrix = precond matrix:
    Mat Object:     1 MPI processes
      type: seqbaij
      rows=135522, cols=135522, bs=6
      total: nonzeros=5414580, allocated nonzeros=5414580
      total number of mallocs used during MatSetValues calls =0
          block size is 6
  linear system matrix followed by preconditioner matrix:
  Mat Object:   5 MPI processes
    type: mpibaij
    rows=685440, cols=685440, bs=6
    total: nonzeros=478254528, allocated nonzeros=478254528
    total number of mallocs used during MatSetValues calls =0
        block size is 6
  Mat Object:   5 MPI processes
    type: mpibaij
    rows=685440, cols=685440, bs=6
    total: nonzeros=28011456, allocated nonzeros=28011456
    total number of mallocs used during MatSetValues calls =0
        block size is 6
Initial fnorm: 6826.67 
Step:   1  CFL:          0.1  fnorm: 1.727406E+03  CPU:  67.4242  WU:  56.0493 #LI:    8 #ILI:  -1 om:1.0000
Step:   2  CFL:         0.15  fnorm: 6.628417E+02  CPU: 136.8040  WU: 113.7244 #LI:   10 #ILI:  -1 om:1.0000
Step:   3  CFL:        0.225  fnorm: 3.844473E+02  CPU: 206.3145  WU: 171.5080 #LI:   10 #ILI:  -1 om:1.0000
Step:   4  CFL:       0.3375  fnorm: 2.977912E+02  CPU: 276.7052  WU: 230.0233 #LI:   12 #ILI:  -1 om:1.0000
Step:   5  CFL:      0.50625  fnorm: 2.244067E+02  CPU: 347.6046  WU: 288.9616 #LI:   14 #ILI:  -1 om:1.0000
Step:   6  CFL:     0.759375  fnorm: 1.560081E+02  CPU: 419.0670  WU: 348.3678 #LI:   15 #ILI:  -1 om:1.0000
Step:   7  CFL:      1.13906  fnorm: 9.819004E+01  CPU: 492.2637  WU: 409.2158 #LI:   18 #ILI:  -1 om:1.0000
Step:   8  CFL:      1.70859  fnorm: 5.543818E+01  CPU: 566.7562  WU: 471.1409 #LI:   21 #ILI:  -1 om:1.0000
Step:   9  CFL:      2.56289  fnorm: 2.918427E+01  CPU: 642.1330  WU: 533.8013 #LI:   23 #ILI:  -1 om:1.0000
Step:  10  CFL:      3.84434  fnorm: 1.529175E+01  CPU: 719.6484  WU: 598.2393 #LI:   27 #ILI:  -1 om:1.0000
Step:  11  CFL:       5.7665  fnorm: 7.927163E+00  CPU: 800.4925  WU: 665.4445 #LI:   32 #ILI:  -1 om:1.0000
Step:  12  CFL:      8.64976  fnorm: 3.876801E+00  CPU: 889.8496  WU: 739.7265 #LI:   38 #ILI:  -1 om:1.0000
Step:  13  CFL:      12.9746  fnorm: 1.854277E+00  CPU: 983.9888  WU: 817.9839 #LI:   46 #ILI:  -1 om:1.0000
Step:  14  CFL:       19.462  fnorm: 9.557574E-01  CPU: 1087.6960  WU: 904.1950 #LI:   55 #ILI:  -1 om:1.0000
Step:  15  CFL:      29.1929  fnorm: 4.764753E-01  CPU: 1199.0582  WU: 996.7697 #LI:   65 #ILI:  -1 om:1.0000
Step:  16  CFL:      43.7894  fnorm: 2.034645E-01  CPU: 1319.7365  WU: 1097.0888 #LI:   77 #ILI:  -1 om:1.0000
Step:  17  CFL:      65.6841  fnorm: 8.485110E-02  CPU: 1458.3817  WU: 1212.3438 #LI:   90 #ILI:  -1 om:1.0000
Step:  18  CFL:      98.5261  fnorm: 4.104936E-02  CPU: 1608.5204  WU: 1337.1531 #LI:  100 #ILI:  -1 om:1.0000
Step:  19  CFL:      147.789  fnorm: 1.949479E-02  CPU: 1771.4102  WU: 1472.5624 #LI:  117 #ILI:  -1 om:1.0000
Step:  20  CFL:      221.684  fnorm: 7.786709E-03  CPU: 1938.8362  WU: 1611.7426 #LI:  134 #ILI:  -1 om:1.0000
Step:  21  CFL:      332.526  fnorm: 2.565561E-03  CPU: 2134.1702  WU: 1774.1226 #LI:  148 #ILI:  -1 om:1.0000
Step:  22  CFL:      498.789  fnorm: 5.989454E-04  CPU: 2333.8740  WU: 1940.1351 #LI:  159 #ILI:  -1 om:1.0000
Step:  23  CFL:      748.183  fnorm: 7.183269E-05  CPU: 2561.6100  WU: 2129.4507 #LI:  178 #ILI:  -1 om:1.0000
Step:  24  CFL:      1122.27  fnorm: 6.759471E-06  CPU: 2807.5458  WU: 2333.8956 #LI:  193 #ILI:  -1 om:1.0000
Step:  25  CFL:      1683.41  fnorm: 1.652113E-06  CPU: 3142.7550  WU: 2612.5530 #LI:  269 #ILI:  -1 om:1.0000
Step:  26  CFL:      2525.12  fnorm: 1.758514E-07  CPU: 3381.8806  WU: 2811.3366 #LI:  194 #ILI:  -1 om:1.0000
Step:  27  CFL:      3787.68  fnorm: 2.728886E-08  CPU: 3594.2098  WU: 2987.8445 #LI:  184 #ILI:  -1 om:1.0000
Step:  28  CFL:      5681.51  fnorm: 2.272866E-08  CPU: 3782.0534  WU: 3143.9978 #LI:  166 #ILI:  -1 om:1.0000
Step:  29  CFL:      8522.27  fnorm: 1.073012E-08  CPU: 3953.1280  WU: 3286.2111 #LI:  130 #ILI:  -1 om:1.0000
Step:  30  CFL:      12783.4  fnorm: 8.661661E-09  CPU: 4121.4546  WU: 3426.1399 #LI:  132 #ILI:  -1 om:1.0000
FI Time : 1.20294
Jac Time : 1936.16
KSP Time : 2114.23
Min/max recon condition numbers:    1.07447    1.42953
CLv: 7.701e-08
CDv: 0.00285049
CSv: -6.31616e-15
CLp: -35.715
CDp: 0
CSp: 0
Cf at x=0.97008 and z = 0.5: 0.00271428 
Min/max recon condition numbers:    9.66068    134.202
