Reading local file options/h2_p4_ksp.opt for options. 
#PETSc Option Table entries:
-C 0.1
-a 4
-angle 0
-d 3
-exnut 1
-f MESH/plate_m2
-ita_history_name pp_data/P5_h2_p4_nl.hst
-ita_target_residual 1e-8
-jacobian_type recanalytic
-ksp_gmres_preallocate
-ksp_gmres_restart 100
-ksp_ksp_max_it 10
-ksp_ksp_norm_type preconditioned
-ksp_ksp_type gmres
-ksp_max_it 500
-ksp_norm_type unpreconditioned
-ksp_pc_type bjacobi
-ksp_rtol 1e-3
-ksp_sub_ksp_gmres_preallocate
-ksp_sub_ksp_type preonly
-ksp_sub_pc_factor_levels 2
-ksp_sub_pc_factor_mat_ordering_type rcm
-ksp_sub_pc_type ilu
-ksp_type fgmres
-mach 0.2
-max_iter 70
-mcell3d_old_initrecon
-mcell3d_part_file NULL
-mesh_type c
-no_distance_weight
-opt options/h2_p4_ksp.opt
-pc_type ksp
-physics TurbSA3D
-pre_order 1
-pseudolts_fixed
-recon_condition
-reynolds 5e6
-sol sol/h2_p3
-sol_out sol/h2_p4
-turbsa3d_pp_file pp_data/h2_p4_ksp.postproc
-turbsa3d_problem_data flat_plate
#End of PETSc Option Table entries
Physics classes defined: AUSM2D AUSMP2D AdvDiff Advection Burgers Carreau2D Euler2DAdjoint Euler3D Newtonian2D Poisson Potential PowerLaw2D Roe2D RoeTurbSA2D RoeVisc2D RoeVisc2DAdjoint TurbSA3D ViscBurgers 
DualPhysics classes defined: AUSM2DError AUSMP2DError AdvDiffError AdvectionError BurgersError Carreau2DError Newtonian2DError PoissonError PowerLaw2DError Roe2DError RoeTurbSA2DError RoeVisc2DError ViscBurgersError 
MeshCell3D Constructor ------------------------------------------- 
Reading MESH/plate_m2.vmesh 
[0] faces: n_interior = 68006; n_boundary = 4630; n_partition = 1762; n_total = 74398
[1] faces: n_interior = 62024; n_boundary = 4195; n_partition = 1513; n_total = 67732
[2] faces: n_interior = 67759; n_boundary = 4525; n_partition = 1863; n_total = 74147
[3] faces: n_interior = 61770; n_boundary = 4361; n_partition = 1909; n_total = 68040
[4] faces: n_interior = 67461; n_boundary = 3873; n_partition = 2769; n_total = 74103
n_global_faces = 353512
Extra Quadrature Order: cell: 0  face: 0 
Stencil size: 0, 6, 15, 30 
Calling old init recon. 
Global Num of CVs : 114240
[0] Num of CVs : 23734
[1] Num of CVs : 21626
[2] Num of CVs : 23651
[3] Num of CVs : 21635
[4] Num of CVs : 23594
End of MeshCell3D Constructor ------------------------------------ 
Creating a TurbSA3D Physics object. 
alpha=0.000000 psi=0. 
Min/max recon condition numbers:    8.97334    134.202
Recon Order: 4 
Recon Order: 4 
Recon Order: 4 
Recon Order: 4 
Recon Order: 4 
Min/max recon condition numbers:    8.97334    310.103
Jacobian is of order: 4 
Beginning Matrix Assembly
Control volumes: 114240, non-zeros: 2751664
Assembled Matrix
Creating a recon of order 1 for JacInteg 
Beginning Matrix Assembly
Control volumes: 114240, non-zeros: 161508
Assembled Matrix
KSP Object: 5 MPI processes
  type: fgmres
    GMRES: restart=100, using Classical (unmodified) Gram-Schmidt Orthogonalization with no iterative refinement
    GMRES: happy breakdown tolerance 1e-30
  maximum iterations=500, initial guess is zero
  tolerances:  relative=0.001, absolute=1e-16, divergence=10000.
  right preconditioning
  using UNPRECONDITIONED norm type for convergence test
PC Object: 5 MPI processes
  type: ksp
  KSP and PC on KSP preconditioner follow
  ---------------------------------
    KSP Object:    (ksp_)     5 MPI processes
      type: gmres
        GMRES: restart=30, using Classical (unmodified) Gram-Schmidt Orthogonalization with no iterative refinement
        GMRES: happy breakdown tolerance 1e-30
      maximum iterations=10, initial guess is zero
      tolerances:  relative=1e-05, absolute=1e-50, divergence=10000.
      left preconditioning
      using PRECONDITIONED norm type for convergence test
    PC Object:    (ksp_)     5 MPI processes
      type: bjacobi
        block Jacobi: number of blocks = 5
        Local solve is same for all blocks, in the following KSP and PC objects:
      KSP Object:      (ksp_sub_)       1 MPI processes
        type: preonly
        maximum iterations=10000, initial guess is zero
        tolerances:  relative=1e-05, absolute=1e-50, divergence=10000.
        left preconditioning
        using DEFAULT norm type for convergence test
      PC Object:      (ksp_sub_)       1 MPI processes
        type: ilu
        PC has not been set up so information may be incomplete
          ILU: out-of-place factorization
          2 levels of fill
          tolerance for zero pivot 2.22045e-14
          matrix ordering: rcm
        linear system matrix = precond matrix:
        Mat Object:         1 MPI processes
          type: seqbaij
          rows=142404, cols=142404, bs=6
          total: nonzeros=5750856, allocated nonzeros=5750856
          total number of mallocs used during MatSetValues calls =0
              block size is 6
      linear system matrix = precond matrix:
      Mat Object:       5 MPI processes
        type: mpibaij
        rows=685440, cols=685440, bs=6
        total: nonzeros=28011456, allocated nonzeros=28011456
        total number of mallocs used during MatSetValues calls =0
            block size is 6
  ---------------------------------
  linear system matrix followed by preconditioner matrix:
  Mat Object:   5 MPI processes
    type: mpibaij
    rows=685440, cols=685440, bs=6
    total: nonzeros=478254528, allocated nonzeros=478254528
    total number of mallocs used during MatSetValues calls =0
        block size is 6
  Mat Object:   5 MPI processes
    type: mpibaij
    rows=685440, cols=685440, bs=6
    total: nonzeros=28011456, allocated nonzeros=28011456
    total number of mallocs used during MatSetValues calls =0
        block size is 6
Initial fnorm: 6826.67 
Step:   1  CFL:          0.1  fnorm: 1.727406E+03  CPU:  72.7986  WU:  61.5731 #LI:    8 #ILI:  -1 om:1.0000
Step:   2  CFL:         0.15  fnorm: 6.628416E+02  CPU: 148.1846  WU: 125.3346 #LI:   10 #ILI:  -1 om:1.0000
Step:   3  CFL:        0.225  fnorm: 3.844473E+02  CPU: 226.9968  WU: 191.9940 #LI:   10 #ILI:  -1 om:1.0000
Step:   4  CFL:       0.3375  fnorm: 2.977912E+02  CPU: 304.9322  WU: 257.9118 #LI:   12 #ILI:  -1 om:1.0000
Step:   5  CFL:      0.50625  fnorm: 2.244067E+02  CPU: 384.7025  WU: 325.3815 #LI:   14 #ILI:  -1 om:1.0000
Step:   6  CFL:     0.759375  fnorm: 1.560081E+02  CPU: 466.8613  WU: 394.8715 #LI:   15 #ILI:  -1 om:1.0000
Step:   7  CFL:      1.13906  fnorm: 9.819004E+01  CPU: 549.0468  WU: 464.3840 #LI:   18 #ILI:  -1 om:1.0000
Step:   8  CFL:      1.70859  fnorm: 5.543818E+01  CPU: 637.4015  WU: 539.1145 #LI:   21 #ILI:  -1 om:1.0000
Step:   9  CFL:      2.56289  fnorm: 2.918471E+01  CPU: 728.4421  WU: 616.1167 #LI:   23 #ILI:  -1 om:1.0000
Step:  10  CFL:      3.84434  fnorm: 1.529287E+01  CPU: 826.4217  WU: 698.9879 #LI:   26 #ILI:  -1 om:1.0000
Step:  11  CFL:       5.7665  fnorm: 7.928289E+00  CPU: 923.3867  WU: 781.0008 #LI:   29 #ILI:  -1 om:1.0000
Step:  12  CFL:      8.64976  fnorm: 3.877151E+00  CPU: 1021.6996  WU: 864.1539 #LI:   34 #ILI:  -1 om:1.0000
Step:  13  CFL:      12.9746  fnorm: 1.854468E+00  CPU: 1124.7092  WU: 951.2795 #LI:   39 #ILI:  -1 om:1.0000
Step:  14  CFL:       19.462  fnorm: 9.558959E-01  CPU: 1235.5347  WU: 1045.0158 #LI:   46 #ILI:  -1 om:1.0000
Step:  15  CFL:      29.1929  fnorm: 4.765133E-01  CPU: 1353.4295  WU: 1144.7313 #LI:   51 #ILI:  -1 om:1.0000
Step:  16  CFL:      43.7894  fnorm: 2.034698E-01  CPU: 1481.7583  WU: 1253.2718 #LI:   59 #ILI:  -1 om:1.0000
Step:  17  CFL:      65.6841  fnorm: 8.485051E-02  CPU: 1624.9579  WU: 1374.3901 #LI:   71 #ILI:  -1 om:1.0000
Step:  18  CFL:      98.5261  fnorm: 4.105241E-02  CPU: 1785.7760  WU: 1510.4101 #LI:   79 #ILI:  -1 om:1.0000
Step:  19  CFL:      147.789  fnorm: 1.949647E-02  CPU: 1967.8896  WU: 1664.4419 #LI:   86 #ILI:  -1 om:1.0000
Step:  20  CFL:      221.684  fnorm: 7.787079E-03  CPU: 2155.7047  WU: 1823.2959 #LI:   93 #ILI:  -1 om:1.0000
Step:  21  CFL:      332.526  fnorm: 2.565790E-03  CPU: 2345.2188  WU: 1983.5870 #LI:  109 #ILI:  -1 om:1.0000
Step:  22  CFL:      498.789  fnorm: 5.992034E-04  CPU: 2550.2737  WU: 2157.0226 #LI:  126 #ILI:  -1 om:1.0000
Step:  23  CFL:      748.183  fnorm: 7.188899E-05  CPU: 2760.9386  WU: 2335.2030 #LI:  136 #ILI:  -1 om:1.0000
Step:  24  CFL:      1122.27  fnorm: 6.757527E-06  CPU: 2985.8018  WU: 2525.3925 #LI:  150 #ILI:  -1 om:1.0000
Step:  25  CFL:      1683.41  fnorm: 1.653818E-06  CPU: 3215.3939  WU: 2719.5815 #LI:  161 #ILI:  -1 om:1.0000
Step:  26  CFL:      2525.12  fnorm: 1.763320E-07  CPU: 3426.6353  WU: 2898.2496 #LI:  147 #ILI:  -1 om:1.0000
Step:  27  CFL:      3787.68  fnorm: 2.724548E-08  CPU: 3607.8763  WU: 3051.5433 #LI:  144 #ILI:  -1 om:1.0000
Step:  28  CFL:      5681.51  fnorm: 2.287064E-08  CPU: 3763.8140  WU: 3183.4355 #LI:  134 #ILI:  -1 om:1.0000
Step:  29  CFL:      8522.27  fnorm: 1.090611E-08  CPU: 3917.8579  WU: 3313.7258 #LI:  107 #ILI:  -1 om:1.0000
Step:  30  CFL:      12783.4  fnorm: 8.662299E-09  CPU: 4069.2251  WU: 3441.7523 #LI:  106 #ILI:  -1 om:1.0000
FI Time : 1.18231
Jac Time : 2084.68
KSP Time : 1912.7
Min/max recon condition numbers:    1.07374    1.42953
CLv: 7.701e-08
CDv: 0.00285049
CSv: -6.29452e-15
CLp: -35.715
CDp: 0
CSp: 0
Cf at x=0.97008 and z = 0.5: 0.00271428 
Min/max recon condition numbers:    8.97334    134.202
30  CFL:      12783.4  fnorm: 8.661965E-09  CPU: 4256.0685  WU: 3433.6429 #LI:  125 #ILI:  -1 om:1.0000
FI Time : 1.23952
Jac Time : 2089.41
KSP Time : 2085.91
Min/max recon condition numbers:    1.07374    1.42953
CLv: 7.701e-08
CDv: 0.00285049
CSv: -6.31893e-15
CLp: -35.715
CDp: 0
CSp: 0
Cf at x=0.97008 and z = 0.5: 0.00271428 
Min/max recon condition numbers:    8.97334    134.202
