Reading local file options/h2_p4_lines.opt for options. 
#PETSc Option Table entries:
-C 0.1
-a 4
-angle 0
-d 3
-exnut 1
-f MESH/plate_m2
-ita_history_name pp_data/P7_h2_p4_lines.hst
-ita_target_residual 1e-8
-jacobian_type recanalytic
-ksp_gmres_preallocate
-ksp_gmres_restart 100
-ksp_ksp_max_it 10
-ksp_ksp_type gmres
-ksp_max_it 500
-ksp_norm_type unpreconditioned
-ksp_pc_type bjacobi
-ksp_rtol 1e-3
-ksp_sub_ksp_gmres_preallocate
-ksp_sub_pc_factor_levels 2
-ksp_sub_pc_factor_mat_ordering_type lines
-ksp_sub_pc_type ilu
-ksp_type fgmres
-mach 0.2
-max_iter 70
-mcell3d_old_initrecon
-mcell3d_part_file MESH/plate_m2
-mesh_type c
-mu 1e-5
-no_distance_weight
-opt options/h2_p4_lines.opt
-pc_type ksp
-physics TurbSA3D
-pre_order 1
-pseudolts_fixed
-recon_condition
-reynolds 5e6
-sol sol/h2_p3
-sol_out sol/h2_p4
-turbsa3d_pp_file pp_data/h2_p4_lines.postproc
-turbsa3d_problem_data flat_plate
-vv 1
#End of PETSc Option Table entries
Physics classes defined: AUSM2D AUSMP2D AdvDiff Advection Burgers Carreau2D Euler2DAdjoint Euler3D Newtonian2D Poisson Potential PowerLaw2D Roe2D RoeTurbSA2D RoeVisc2D RoeVisc2DAdjoint TurbSA3D ViscBurgers 
DualPhysics classes defined: AUSM2DError AUSMP2DError AdvDiffError AdvectionError BurgersError Carreau2DError Newtonian2DError PoissonError PowerLaw2DError Roe2DError RoeTurbSA2DError RoeVisc2DError ViscBurgersError 
MeshCell3D Constructor ------------------------------------------- 
Reading MESH/plate_m2.vmesh 
Reading MESH/plate_m2_npart7.part for partition data. 
[0] faces: n_interior = 45910; n_boundary = 3360; n_partition = 1084; n_total = 50354
[1] faces: n_interior = 44893; n_boundary = 2220; n_partition = 3166; n_total = 50279
[2] faces: n_interior = 45581; n_boundary = 4125; n_partition = 1997; n_total = 51703
[3] faces: n_interior = 45675; n_boundary = 3817; n_partition = 1445; n_total = 50937
[4] faces: n_interior = 47004; n_boundary = 2415; n_partition = 4401; n_total = 53820
[5] faces: n_interior = 46978; n_boundary = 2995; n_partition = 1491; n_total = 51464
[6] faces: n_interior = 47329; n_boundary = 2652; n_partition = 3532; n_total = 53513
n_global_faces = 353512
Extra Quadrature Order: cell: 0  face: 0 
Stencil size: 0, 6, 15, 30 
Calling old init recon. 
Global Num of CVs : 114240
[0] Num of CVs : 16044
[1] Num of CVs : 15862
[2] Num of CVs : 16214
[3] Num of CVs : 16102
[4] Num of CVs : 16804
[5] Num of CVs : 16407
[6] Num of CVs : 16807
End of MeshCell3D Constructor ------------------------------------ 
Creating a TurbSA3D Physics object. 
alpha=0.000000 psi=0. 
Min/max recon condition numbers:    9.95799    134.202
Recon Order: 4 
Recon Order: 4 
Recon Order: 4 
Recon Order: 4 
Recon Order: 4 
Recon Order: 4 
Recon Order: 4 
Min/max recon condition numbers:    9.95799    310.103
Jacobian is of order: 4 
Beginning Matrix Assembly
Control volumes: 114240, non-zeros: 1846536
Assembled Matrix
Min/max recon condition numbers:    1.07447    1.99859
Physics space dimensions: 3 
Creating a Advection Physics object. 
Physics space dimensions: 3 
Creating a Poisson Physics object. 
Physics space dimensions: 3 
Beginning Matrix Assembly
Control volumes: 114240, non-zeros: 108948
Assembled Matrix
FOUND WIEGHTS. 
FOUND WIEGHTS. 
FOUND WIEGHTS. 
FOUND WIEGHTS. 
FOUND WIEGHTS. 
FOUND WIEGHTS. 
FOUND WIEGHTS. 
Creating a recon of order 1 for JacInteg 
Beginning Matrix Assembly
Control volumes: 114240, non-zeros: 108948
Assembled Matrix
KSP Object: 7 MPI processes
  type: fgmres
    GMRES: restart=100, using Classical (unmodified) Gram-Schmidt Orthogonalization with no iterative refinement
    GMRES: happy breakdown tolerance 1e-30
  maximum iterations=500, initial guess is zero
  tolerances:  relative=0.001, absolute=1e-16, divergence=10000.
  right preconditioning
  using UNPRECONDITIONED norm type for convergence test
PC Object: 7 MPI processes
  type: ksp
  KSP and PC on KSP preconditioner follow
  ---------------------------------
    KSP Object:    (ksp_)     7 MPI processes
      type: gmres
        GMRES: restart=30, using Classical (unmodified) Gram-Schmidt Orthogonalization with no iterative refinement
        GMRES: happy breakdown tolerance 1e-30
      maximum iterations=10, initial guess is zero
      tolerances:  relative=1e-05, absolute=1e-50, divergence=10000.
      left preconditioning
      using PRECONDITIONED norm type for convergence test
    PC Object:    (ksp_)     7 MPI processes
      type: bjacobi
        block Jacobi: number of blocks = 7
        Local solve is same for all blocks, in the following KSP and PC objects:
      KSP Object:      (ksp_sub_)       1 MPI processes
        type: preonly
        maximum iterations=10000, initial guess is zero
        tolerances:  relative=1e-05, absolute=1e-50, divergence=10000.
        left preconditioning
        using DEFAULT norm type for convergence test
      PC Object:      (ksp_sub_)       1 MPI processes
        type: ilu
        PC has not been set up so information may be incomplete
          ILU: out-of-place factorization
          2 levels of fill
          tolerance for zero pivot 2.22045e-14
          matrix ordering: lines
        linear system matrix = precond matrix:
        Mat Object:         1 MPI processes
          type: seqbaij
          rows=96264, cols=96264, bs=6
          total: nonzeros=3883104, allocated nonzeros=3883104
          total number of mallocs used during MatSetValues calls =0
              block size is 6
      linear system matrix = precond matrix:
      Mat Object:       7 MPI processes
        type: mpibaij
        rows=685440, cols=685440, bs=6
        total: nonzeros=28011456, allocated nonzeros=28011456
        total number of mallocs used during MatSetValues calls =0
            block size is 6
  ---------------------------------
  linear system matrix followed by preconditioner matrix:
  Mat Object:   7 MPI processes
    type: mpibaij
    rows=685440, cols=685440, bs=6
    total: nonzeros=478254528, allocated nonzeros=478254528
    total number of mallocs used during MatSetValues calls =0
        block size is 6
  Mat Object:   7 MPI processes
    type: mpibaij
    rows=685440, cols=685440, bs=6
    total: nonzeros=28011456, allocated nonzeros=28011456
    total number of mallocs used during MatSetValues calls =0
        block size is 6
Initial fnorm: 6826.67 
reordering using the lines ... 
reordering using the lines ... 
reordering using the lines ... 
reordering using the lines ... 
reordering using the lines ... 
reordering using the lines ... 
reordering using the lines ... 
Step:   1  CFL:          0.1  fnorm: 1.727406E+03  CPU:  53.4250  WU:   7.1791 #LI:    8 #ILI:  -1 om:1.0000
Step:   2  CFL:         0.15  fnorm: 6.628416E+02  CPU: 109.0114  WU:  14.6487 #LI:   10 #ILI:  -1 om:1.0000
Step:   3  CFL:        0.225  fnorm: 3.844473E+02  CPU: 165.4617  WU:  22.2344 #LI:   10 #ILI:  -1 om:1.0000
Step:   4  CFL:       0.3375  fnorm: 2.977912E+02  CPU: 222.5903  WU:  29.9112 #LI:   12 #ILI:  -1 om:1.0000
Step:   5  CFL:      0.50625  fnorm: 2.244067E+02  CPU: 280.2819  WU:  37.6636 #LI:   14 #ILI:  -1 om:1.0000
Step:   6  CFL:     0.759375  fnorm: 1.560081E+02  CPU: 341.4276  WU:  45.8802 #LI:   15 #ILI:  -1 om:1.0000
Step:   7  CFL:      1.13906  fnorm: 9.819004E+01  CPU: 402.2985  WU:  54.0599 #LI:   18 #ILI:  -1 om:1.0000
Step:   8  CFL:      1.70859  fnorm: 5.543819E+01  CPU: 466.6527  WU:  62.7077 #LI:   21 #ILI:  -1 om:1.0000
Step:   9  CFL:      2.56289  fnorm: 2.918472E+01  CPU: 538.5117  WU:  72.3639 #LI:   23 #ILI:  -1 om:1.0000
Step:  10  CFL:      3.84434  fnorm: 1.529288E+01  CPU: 614.9294  WU:  82.6328 #LI:   26 #ILI:  -1 om:1.0000
Step:  11  CFL:       5.7665  fnorm: 7.928292E+00  CPU: 694.7428  WU:  93.3579 #LI:   29 #ILI:  -1 om:1.0000
Step:  12  CFL:      8.64976  fnorm: 3.877153E+00  CPU: 782.1120  WU: 105.0984 #LI:   34 #ILI:  -1 om:1.0000
Step:  13  CFL:      12.9746  fnorm: 1.854462E+00  CPU: 871.0209  WU: 117.0457 #LI:   39 #ILI:  -1 om:1.0000
Step:  14  CFL:       19.462  fnorm: 9.558932E-01  CPU: 960.9582  WU: 129.1313 #LI:   45 #ILI:  -1 om:1.0000
Step:  15  CFL:      29.1929  fnorm: 4.765093E-01  CPU: 1056.6368  WU: 141.9884 #LI:   51 #ILI:  -1 om:1.0000
Step:  16  CFL:      43.7894  fnorm: 2.034749E-01  CPU: 1162.4279  WU: 156.2043 #LI:   57 #ILI:  -1 om:1.0000
Step:  17  CFL:      65.6841  fnorm: 8.485484E-02  CPU: 1278.1916  WU: 171.7604 #LI:   66 #ILI:  -1 om:1.0000
Step:  18  CFL:      98.5261  fnorm: 4.105387E-02  CPU: 1392.9164  WU: 187.1768 #LI:   74 #ILI:  -1 om:1.0000
Step:  19  CFL:      147.789  fnorm: 1.949760E-02  CPU: 1512.3717  WU: 203.2290 #LI:   83 #ILI:  -1 om:1.0000
Step:  20  CFL:      221.684  fnorm: 7.788028E-03  CPU: 1644.6084  WU: 220.9986 #LI:   92 #ILI:  -1 om:1.0000
Step:  21  CFL:      332.526  fnorm: 2.566092E-03  CPU: 1791.1863  WU: 240.6954 #LI:  104 #ILI:  -1 om:1.0000
Step:  22  CFL:      498.789  fnorm: 5.989191E-04  CPU: 1953.8576  WU: 262.5548 #LI:  118 #ILI:  -1 om:1.0000
Step:  23  CFL:      748.183  fnorm: 7.185491E-05  CPU: 2124.7537  WU: 285.5194 #LI:  126 #ILI:  -1 om:1.0000
Step:  24  CFL:      1122.27  fnorm: 6.761653E-06  CPU: 2293.9187  WU: 308.2514 #LI:  141 #ILI:  -1 om:1.0000
Step:  25  CFL:      1683.41  fnorm: 1.652936E-06  CPU: 2463.0885  WU: 330.9841 #LI:  152 #ILI:  -1 om:1.0000
Step:  26  CFL:      2525.12  fnorm: 1.762723E-07  CPU: 2622.5277  WU: 352.4091 #LI:  139 #ILI:  -1 om:1.0000
Step:  27  CFL:      3787.68  fnorm: 2.747063E-08  CPU: 2749.5851  WU: 369.4828 #LI:  136 #ILI:  -1 om:1.0000
Step:  28  CFL:      5681.51  fnorm: 2.275048E-08  CPU: 2885.9883  WU: 387.8124 #LI:  129 #ILI:  -1 om:1.0000
Step:  29  CFL:      8522.27  fnorm: 1.083204E-08  CPU: 2996.8176  WU: 402.7053 #LI:  115 #ILI:  -1 om:1.0000
Step:  30  CFL:      12783.4  fnorm: 8.823967E-09  CPU: 3111.0115  WU: 418.0505 #LI:  116 #ILI:  -1 om:1.0000
FI Time : 7.44171
Jac Time : 1530.4
KSP Time : 1518.21
Min/max recon condition numbers:    1.07447    1.42953
CLv: 7.701e-08
CDv: 0.00285049
CSv: -6.28583e-15
CLp: -35.715
CDp: 0
CSp: 0
Cf at x=0.97008 and z = 0.5: 0.00271428 
Min/max recon condition numbers:    9.95799    134.202
