Reading local file options/h2_p4_ksp.opt for options. 
#PETSc Option Table entries:
-C 0.1
-a 4
-angle 0
-d 3
-exnut 1
-f MESH/plate_m2
-ita_history_name pp_data/P8_h2_p4_nl.hst
-ita_target_residual 1e-8
-jacobian_type recanalytic
-ksp_gmres_preallocate
-ksp_gmres_restart 100
-ksp_ksp_max_it 10
-ksp_ksp_norm_type preconditioned
-ksp_ksp_type gmres
-ksp_max_it 500
-ksp_norm_type unpreconditioned
-ksp_pc_type bjacobi
-ksp_rtol 1e-3
-ksp_sub_ksp_gmres_preallocate
-ksp_sub_ksp_type preonly
-ksp_sub_pc_factor_levels 2
-ksp_sub_pc_factor_mat_ordering_type rcm
-ksp_sub_pc_type ilu
-ksp_type fgmres
-mach 0.2
-max_iter 70
-mcell3d_old_initrecon
-mcell3d_part_file NULL
-mesh_type c
-no_distance_weight
-opt options/h2_p4_ksp.opt
-pc_type ksp
-physics TurbSA3D
-pre_order 1
-pseudolts_fixed
-recon_condition
-reynolds 5e6
-sol sol/h2_p3
-sol_out sol/h2_p4
-turbsa3d_pp_file pp_data/h2_p4_ksp.postproc
-turbsa3d_problem_data flat_plate
#End of PETSc Option Table entries
Physics classes defined: AUSM2D AUSMP2D AdvDiff Advection Burgers Carreau2D Euler2DAdjoint Euler3D Newtonian2D Poisson Potential PowerLaw2D Roe2D RoeTurbSA2D RoeVisc2D RoeVisc2DAdjoint TurbSA3D ViscBurgers 
DualPhysics classes defined: AUSM2DError AUSMP2DError AdvDiffError AdvectionError BurgersError Carreau2DError Newtonian2DError PoissonError PowerLaw2DError Roe2DError RoeTurbSA2DError RoeVisc2DError ViscBurgersError 
MeshCell3D Constructor ------------------------------------------- 
Reading MESH/plate_m2.vmesh 
[0] faces: n_interior = 41651; n_boundary = 2481; n_partition = 1979; n_total = 46111
[1] faces: n_interior = 36507; n_boundary = 2135; n_partition = 2149; n_total = 40791
[2] faces: n_interior = 40206; n_boundary = 2554; n_partition = 1838; n_total = 44598
[3] faces: n_interior = 40077; n_boundary = 2388; n_partition = 2256; n_total = 44721
[4] faces: n_interior = 41802; n_boundary = 2961; n_partition = 1245; n_total = 46008
[5] faces: n_interior = 41943; n_boundary = 3020; n_partition = 1492; n_total = 46455
[6] faces: n_interior = 40977; n_boundary = 3024; n_partition = 1182; n_total = 45183
[7] faces: n_interior = 42027; n_boundary = 3021; n_partition = 1335; n_total = 46383
n_global_faces = 353512
Extra Quadrature Order: cell: 0  face: 0 
Stencil size: 0, 6, 15, 30 
Calling old init recon. 
Global Num of CVs : 114240
[0] Num of CVs : 14627
[1] Num of CVs : 12883
[2] Num of CVs : 14134
[3] Num of CVs : 14133
[4] Num of CVs : 14635
[5] Num of CVs : 14733
[6] Num of CVs : 14360
[7] Num of CVs : 14735
End of MeshCell3D Constructor ------------------------------------ 
Creating a TurbSA3D Physics object. 
alpha=0.000000 psi=0. 
Min/max recon condition numbers:    9.34682    134.202
Recon Order: 4 
Recon Order: 4 
Recon Order: 4 
Recon Order: 4 
Recon Order: 4 
Recon Order: 4 
Recon Order: 4 
Recon Order: 4 
Min/max recon condition numbers:    9.34682    310.103
Jacobian is of order: 4 
Beginning Matrix Assembly
Control volumes: 114240, non-zeros: 1717493
Assembled Matrix
Creating a recon of order 1 for JacInteg 
Beginning Matrix Assembly
Control volumes: 114240, non-zeros: 99908
Assembled Matrix
KSP Object: 8 MPI processes
  type: fgmres
    GMRES: restart=100, using Classical (unmodified) Gram-Schmidt Orthogonalization with no iterative refinement
    GMRES: happy breakdown tolerance 1e-30
  maximum iterations=500, initial guess is zero
  tolerances:  relative=0.001, absolute=1e-16, divergence=10000.
  right preconditioning
  using UNPRECONDITIONED norm type for convergence test
PC Object: 8 MPI processes
  type: ksp
  KSP and PC on KSP preconditioner follow
  ---------------------------------
    KSP Object:    (ksp_)     8 MPI processes
      type: gmres
        GMRES: restart=30, using Classical (unmodified) Gram-Schmidt Orthogonalization with no iterative refinement
        GMRES: happy breakdown tolerance 1e-30
      maximum iterations=10, initial guess is zero
      tolerances:  relative=1e-05, absolute=1e-50, divergence=10000.
      left preconditioning
      using PRECONDITIONED norm type for convergence test
    PC Object:    (ksp_)     8 MPI processes
      type: bjacobi
        block Jacobi: number of blocks = 8
        Local solve is same for all blocks, in the following KSP and PC objects:
      KSP Object:      (ksp_sub_)       1 MPI processes
        type: preonly
        maximum iterations=10000, initial guess is zero
        tolerances:  relative=1e-05, absolute=1e-50, divergence=10000.
        left preconditioning
        using DEFAULT norm type for convergence test
      PC Object:      (ksp_sub_)       1 MPI processes
        type: ilu
        PC has not been set up so information may be incomplete
          ILU: out-of-place factorization
          2 levels of fill
          tolerance for zero pivot 2.22045e-14
          matrix ordering: rcm
        linear system matrix = precond matrix:
        Mat Object:         1 MPI processes
          type: seqbaij
          rows=87762, cols=87762, bs=6
          total: nonzeros=3525444, allocated nonzeros=3525444
          total number of mallocs used during MatSetValues calls =0
              block size is 6
      linear system matrix = precond matrix:
      Mat Object:       8 MPI processes
        type: mpibaij
        rows=685440, cols=685440, bs=6
        total: nonzeros=28011456, allocated nonzeros=28011456
        total number of mallocs used during MatSetValues calls =0
            block size is 6
  ---------------------------------
  linear system matrix followed by preconditioner matrix:
  Mat Object:   8 MPI processes
    type: mpibaij
    rows=685440, cols=685440, bs=6
    total: nonzeros=478254528, allocated nonzeros=478254528
    total number of mallocs used during MatSetValues calls =0
        block size is 6
  Mat Object:   8 MPI processes
    type: mpibaij
    rows=685440, cols=685440, bs=6
    total: nonzeros=28011456, allocated nonzeros=28011456
    total number of mallocs used during MatSetValues calls =0
        block size is 6
Initial fnorm: 6826.67 
Step:   1  CFL:          0.1  fnorm: 1.727406E+03  CPU:  46.0942  WU:   3.8088 #LI:    8 #ILI:  -1 om:1.0000
Step:   2  CFL:         0.15  fnorm: 6.628416E+02  CPU:  93.6152  WU:   7.7354 #LI:   10 #ILI:  -1 om:1.0000
Step:   3  CFL:        0.225  fnorm: 3.844473E+02  CPU: 141.7321  WU:  11.7113 #LI:   10 #ILI:  -1 om:1.0000
Step:   4  CFL:       0.3375  fnorm: 2.977912E+02  CPU: 190.7415  WU:  15.7610 #LI:   12 #ILI:  -1 om:1.0000
Step:   5  CFL:      0.50625  fnorm: 2.244067E+02  CPU: 242.5679  WU:  20.0434 #LI:   14 #ILI:  -1 om:1.0000
Step:   6  CFL:     0.759375  fnorm: 1.560081E+02  CPU: 293.2177  WU:  24.2286 #LI:   15 #ILI:  -1 om:1.0000
Step:   7  CFL:      1.13906  fnorm: 9.819003E+01  CPU: 345.6396  WU:  28.5602 #LI:   18 #ILI:  -1 om:1.0000
Step:   8  CFL:      1.70859  fnorm: 5.543819E+01  CPU: 399.5375  WU:  33.0138 #LI:   21 #ILI:  -1 om:1.0000
Step:   9  CFL:      2.56289  fnorm: 2.918473E+01  CPU: 454.3490  WU:  37.5428 #LI:   23 #ILI:  -1 om:1.0000
Step:  10  CFL:      3.84434  fnorm: 1.529288E+01  CPU: 511.1165  WU:  42.2335 #LI:   26 #ILI:  -1 om:1.0000
Step:  11  CFL:       5.7665  fnorm: 7.928290E+00  CPU: 577.0041  WU:  47.6778 #LI:   29 #ILI:  -1 om:1.0000
Step:  12  CFL:      8.64976  fnorm: 3.877165E+00  CPU: 646.2353  WU:  53.3984 #LI:   34 #ILI:  -1 om:1.0000
Step:  13  CFL:      12.9746  fnorm: 1.854462E+00  CPU: 720.6404  WU:  59.5465 #LI:   39 #ILI:  -1 om:1.0000
Step:  14  CFL:       19.462  fnorm: 9.558937E-01  CPU: 806.3097  WU:  66.6254 #LI:   45 #ILI:  -1 om:1.0000
Step:  15  CFL:      29.1929  fnorm: 4.765133E-01  CPU: 890.8692  WU:  73.6125 #LI:   50 #ILI:  -1 om:1.0000
Step:  16  CFL:      43.7894  fnorm: 2.034748E-01  CPU: 977.0414  WU:  80.7329 #LI:   55 #ILI:  -1 om:1.0000
Step:  17  CFL:      65.6841  fnorm: 8.485220E-02  CPU: 1068.7221  WU:  88.3085 #LI:   63 #ILI:  -1 om:1.0000
Step:  18  CFL:      98.5261  fnorm: 4.105298E-02  CPU: 1172.2081  WU:  96.8595 #LI:   71 #ILI:  -1 om:1.0000
Step:  19  CFL:      147.789  fnorm: 1.949669E-02  CPU: 1272.8935  WU: 105.1792 #LI:   82 #ILI:  -1 om:1.0000
Step:  20  CFL:      221.684  fnorm: 7.787856E-03  CPU: 1376.9464  WU: 113.7770 #LI:   95 #ILI:  -1 om:1.0000
Step:  21  CFL:      332.526  fnorm: 2.565747E-03  CPU: 1506.5263  WU: 124.4842 #LI:  123 #ILI:  -1 om:1.0000
Step:  22  CFL:      498.789  fnorm: 5.990408E-04  CPU: 1660.4373  WU: 137.2019 #LI:  148 #ILI:  -1 om:1.0000
Step:  23  CFL:      748.183  fnorm: 7.185065E-05  CPU: 1827.6763  WU: 151.0208 #LI:  164 #ILI:  -1 om:1.0000
Step:  24  CFL:      1122.27  fnorm: 6.760910E-06  CPU: 2014.3569  WU: 166.4463 #LI:  182 #ILI:  -1 om:1.0000
Step:  25  CFL:      1683.41  fnorm: 1.653364E-06  CPU: 2211.4921  WU: 182.7355 #LI:  217 #ILI:  -1 om:1.0000
Step:  26  CFL:      2525.12  fnorm: 1.763430E-07  CPU: 2373.3231  WU: 196.1076 #LI:  181 #ILI:  -1 om:1.0000
Step:  27  CFL:      3787.68  fnorm: 2.732745E-08  CPU: 2549.0152  WU: 210.6251 #LI:  178 #ILI:  -1 om:1.0000
Step:  28  CFL:      5681.51  fnorm: 2.289989E-08  CPU: 2690.5175  WU: 222.3174 #LI:  155 #ILI:  -1 om:1.0000
Step:  29  CFL:      8522.27  fnorm: 1.092748E-08  CPU: 2791.3628  WU: 230.6502 #LI:  117 #ILI:  -1 om:1.0000
Step:  30  CFL:      12783.4  fnorm: 8.847756E-09  CPU: 2903.0519  WU: 239.8791 #LI:  108 #ILI:  -1 om:1.0000
FI Time : 12.1021
Jac Time : 1305.7
KSP Time : 1551.38
Min/max recon condition numbers:    1.07374    1.42953
CLv: 7.701e-08
CDv: 0.00285049
CSv: -6.28082e-15
CLp: -35.715
CDp: 0
CSp: 0
Cf at x=0.97008 and z = 0.5: 0.00271428 
Min/max recon condition numbers:    9.34682    134.202
