[n154:05732] System has detected external process binding to cores 0001
[n154:05732] MCW rank 0 bound to socket 0[core 0]: [B]
[n121:16517] MCW rank 2 bound to socket 0[core 0]: [B]
[n065:13748] MCW rank 8 bound to socket 0[core 0]: [B]
[n101:32710] MCW rank 4 bound to socket 0[core 0]: [B]
[n137:28700] MCW rank 1 bound to socket 0[core 0]: [B]
[n022:28702] MCW rank 6 bound to socket 0[core 0]: [B]
[n024:09682] MCW rank 5 bound to socket 0[core 0]: [B]
[n103:30542] MCW rank 3 bound to socket 0[core 0]: [B]
[n010:29546] MCW rank 7 bound to socket 0[core 0]: [B]
Reading local file options/h2_p4.opt for options. 
#PETSc Option Table entries:
-C 0.1
-a 4
-angle 0
-d 3
-exnut 1
-f MESH/plate_m2
-ita_history_name pp_data/h2_p4.hst
-ita_histoy_name pp_data/P9_h2_p4.hst
-ita_target_residual 1e-8
-jacobian_type recanalytic
-ksp_gmres_preallocate
-ksp_gmres_restart 100
-ksp_max_it 500
-ksp_norm_type unpreconditioned
-ksp_rtol 1e-3
-ksp_type fgmres
-mach 0.2
-max_iter 70
-mcell3d_part_file MESH/plate_m2
-mesh_type c
-no_distance_weight
-opt options/h2_p4.opt
-pc_type bjacobi
-physics TurbSA3D
-pre_order 1
-pseudolts_fixed
-recon_condition
-reynolds 5e6
-sol sol/h2_p3
-sol_out sol/h2_p4
-sub_ksp_gmres_preallocate
-sub_ksp_maxit 10
-sub_ksp_norm_type preconditioned
-sub_ksp_type gmres
-sub_pc_factor_levels 2
-sub_pc_factor_mat_ordering_type rcm
-turbsa3d_pp_file pp_data/h2_p4.postproc
-turbsa3d_problem_data flat_plate
#End of PETSc Option Table entries
Physics classes defined: AUSM2D AUSMP2D AdvDiff Advection Burgers Carreau2D Euler2DAdjoint Euler3D Newtonian2D Poisson Potential PowerLaw2D Roe2D RoeTurbSA2D RoeVisc2D RoeVisc2DAdjoint TurbSA3D ViscBurgers 
DualPhysics classes defined: AUSM2DError AUSMP2DError AdvDiffError AdvectionError BurgersError Carreau2DError Newtonian2DError PoissonError PowerLaw2DError Roe2DError RoeTurbSA2DError RoeVisc2DError ViscBurgersError 
MeshCell3D Constructor ------------------------------------------- 
Reading MESH/plate_m2.vmesh 
Reading MESH/plate_m2_npart9.part for partition data. 
[0] faces: n_interior = 35094; n_boundary = 3276; n_partition = 1620; n_total = 39990
[1] faces: n_interior = 36659; n_boundary = 1905; n_partition = 2909; n_total = 41473
[2] faces: n_interior = 35105; n_boundary = 1994; n_partition = 1926; n_total = 39025
[3] faces: n_interior = 35583; n_boundary = 3226; n_partition = 1148; n_total = 39957
[4] faces: n_interior = 35344; n_boundary = 2055; n_partition = 3187; n_total = 40586
[5] faces: n_interior = 35142; n_boundary = 2254; n_partition = 1412; n_total = 38808
[6] faces: n_interior = 36281; n_boundary = 2951; n_partition = 1335; n_total = 40567
[7] faces: n_interior = 36312; n_boundary = 2014; n_partition = 3794; n_total = 42120
[8] faces: n_interior = 35345; n_boundary = 1909; n_partition = 4795; n_total = 42049
n_global_faces = 353512
Extra Quadrature Order: cell: 0  face: 0 
Stencil size: 0, 6, 15, 30 
Global Num of CVs : 114240
[0] Num of CVs : 12514
[1] Num of CVs : 13022
[2] Num of CVs : 12355
[3] Num of CVs : 12590
[4] Num of CVs : 12655
[5] Num of CVs : 12325
[6] Num of CVs : 12808
[7] Num of CVs : 13072
[8] Num of CVs : 12899
End of MeshCell3D Constructor ------------------------------------ 
Creating a TurbSA3D Physics object. 
alpha=0.000000 psi=0. 
Min/max recon condition numbers:    8.97334    134.202
Recon Order: 4 
Recon Order: 4 
Recon Order: 4 
Recon Order: 4 
Recon Order: 4 
Recon Order: 4 
Recon Order: 4 
Recon Order: 4 
Recon Order: 4 
Min/max recon condition numbers:    8.97334    310.103
Jacobian is of order: 4 
Beginning Matrix Assembly
Control volumes: 114240, non-zeros: 1401314
Assembled Matrix
Creating a recon of order 1 for JacInteg 
Beginning Matrix Assembly
Control volumes: 114240, non-zeros: 84322
Assembled Matrix
KSP Object: 9 MPI processes
  type: fgmres
    GMRES: restart=100, using Classical (unmodified) Gram-Schmidt Orthogonalization with no iterative refinement
    GMRES: happy breakdown tolerance 1e-30
  maximum iterations=500, initial guess is zero
  tolerances:  relative=0.001, absolute=1e-16, divergence=10000.
  right preconditioning
  using UNPRECONDITIONED norm type for convergence test
PC Object: 9 MPI processes
  type: bjacobi
    block Jacobi: number of blocks = 9
    Local solve is same for all blocks, in the following KSP and PC objects:
  KSP Object:  (sub_)   1 MPI processes
    type: gmres
      GMRES: restart=30, using Classical (unmodified) Gram-Schmidt Orthogonalization with no iterative refinement
      GMRES: happy breakdown tolerance 1e-30
    maximum iterations=10000, initial guess is zero
    tolerances:  relative=1e-05, absolute=1e-50, divergence=10000.
    left preconditioning
    using PRECONDITIONED norm type for convergence test
  PC Object:  (sub_)   1 MPI processes
    type: ilu
    PC has not been set up so information may be incomplete
      ILU: out-of-place factorization
      ILU: Reusing reordering from past factorization
      2 levels of fill
      tolerance for zero pivot 2.22045e-14
      using diagonal shift to prevent zero pivot [NONZERO]
      matrix ordering: rcm
    linear system matrix = precond matrix:
    Mat Object:     1 MPI processes
      type: seqbaij
      rows=75084, cols=75084, bs=6
      total: nonzeros=2977272, allocated nonzeros=2977272
      total number of mallocs used during MatSetValues calls =0
          block size is 6
  linear system matrix followed by preconditioner matrix:
  Mat Object:   9 MPI processes
    type: mpibaij
    rows=685440, cols=685440, bs=6
    total: nonzeros=478254528, allocated nonzeros=478254528
    total number of mallocs used during MatSetValues calls =0
        block size is 6
  Mat Object:   9 MPI processes
    type: mpibaij
    rows=685440, cols=685440, bs=6
    total: nonzeros=28011456, allocated nonzeros=28011456
    total number of mallocs used during MatSetValues calls =0
        block size is 6
Initial fnorm: 6826.67 
Step:   1  CFL:          0.1  fnorm: 1.727408E+03  CPU:  41.1106  WU:  51.9531 #LI:    8 #ILI:  -1 om:1.0000
Step:   2  CFL:         0.15  fnorm: 6.628424E+02  CPU:  83.8106  WU: 105.9147 #LI:   10 #ILI:  -1 om:1.0000
Step:   3  CFL:        0.225  fnorm: 3.844473E+02  CPU: 126.5290  WU: 159.8995 #LI:   10 #ILI:  -1 om:1.0000
Step:   4  CFL:       0.3375  fnorm: 2.977909E+02  CPU: 170.5743  WU: 215.5612 #LI:   12 #ILI:  -1 om:1.0000
Step:   5  CFL:      0.50625  fnorm: 2.244064E+02  CPU: 214.6698  WU: 271.2864 #LI:   14 #ILI:  -1 om:1.0000
Step:   6  CFL:     0.759375  fnorm: 1.560079E+02  CPU: 259.1582  WU: 327.5080 #LI:   15 #ILI:  -1 om:1.0000
Step:   7  CFL:      1.13906  fnorm: 9.819058E+01  CPU: 305.3716  WU: 385.9097 #LI:   18 #ILI:  -1 om:1.0000
Step:   8  CFL:      1.70859  fnorm: 5.543833E+01  CPU: 353.0837  WU: 446.2054 #LI:   22 #ILI:  -1 om:1.0000
Step:   9  CFL:      2.56289  fnorm: 2.918583E+01  CPU: 403.2212  WU: 509.5660 #LI:   27 #ILI:  -1 om:1.0000
Step:  10  CFL:      3.84434  fnorm: 1.529236E+01  CPU: 455.4901  WU: 575.6202 #LI:   33 #ILI:  -1 om:1.0000
Step:  11  CFL:       5.7665  fnorm: 7.927548E+00  CPU: 511.0549  WU: 645.8396 #LI:   39 #ILI:  -1 om:1.0000
Step:  12  CFL:      8.64976  fnorm: 3.877223E+00  CPU: 568.9718  WU: 719.0313 #LI:   44 #ILI:  -1 om:1.0000
Step:  13  CFL:      12.9746  fnorm: 1.854498E+00  CPU: 632.9221  WU: 799.8478 #LI:   55 #ILI:  -1 om:1.0000
Step:  14  CFL:       19.462  fnorm: 9.558347E-01  CPU: 703.8456  WU: 889.4765 #LI:   67 #ILI:  -1 om:1.0000
Step:  15  CFL:      29.1929  fnorm: 4.765172E-01  CPU: 780.7961  WU: 986.7219 #LI:   77 #ILI:  -1 om:1.0000
Step:  16  CFL:      43.7894  fnorm: 2.034785E-01  CPU: 866.3229  WU: 1094.8053 #LI:   91 #ILI:  -1 om:1.0000
Step:  17  CFL:      65.6841  fnorm: 8.485348E-02  CPU: 962.4973  WU: 1216.3445 #LI:  114 #ILI:  -1 om:1.0000
Step:  18  CFL:      98.5261  fnorm: 4.105169E-02  CPU: 1070.2214  WU: 1352.4797 #LI:  138 #ILI:  -1 om:1.0000
Step:  19  CFL:      147.789  fnorm: 1.949570E-02  CPU: 1196.6053  WU: 1512.1958 #LI:  166 #ILI:  -1 om:1.0000
Step:  20  CFL:      221.684  fnorm: 7.785863E-03  CPU: 1338.9053  WU: 1692.0257 #LI:  199 #ILI:  -1 om:1.0000
Step:  21  CFL:      332.526  fnorm: 2.563916E-03  CPU: 1519.2558  WU: 1919.9415 #LI:  260 #ILI:  -1 om:1.0000
Step:  22  CFL:      498.789  fnorm: 5.980907E-04  CPU: 1715.0205  WU: 2167.3368 #LI:  276 #ILI:  -1 om:1.0000
Step:  23  CFL:      748.183  fnorm: 7.162474E-05  CPU: 1963.1505  WU: 2480.9082 #LI:  357 #ILI:  -1 om:1.0000
Step:  24  CFL:      1122.27  fnorm: 6.754506E-06  CPU: 2296.7134  WU: 2902.4443 #LI:  500 #ILI:  -1 om:1.0000
Step:  25  CFL:      1683.41  fnorm: 5.726389E-06  CPU: 2617.9973  WU: 3308.4632 #LI:  500 #ILI:  -1 om:1.0000
Step:  26  CFL:      2525.12  fnorm: 4.028170E-07  CPU: 2964.8745  WU: 3746.8251 #LI:  500 #ILI:  -1 om:1.0000
Step:  27  CFL:      3787.68  fnorm: 3.711591E-08  CPU: 3317.3299  WU: 4192.2364 #LI:  500 #ILI:  -1 om:1.0000
Step:  28  CFL:      5681.51  fnorm: 2.538235E-08  CPU: 3639.2803  WU: 4599.0974 #LI:  467 #ILI:  -1 om:1.0000
Step:  29  CFL:      8522.27  fnorm: 1.347395E-08  CPU: 3791.7872  WU: 4791.8261 #LI:  184 #ILI:  -1 om:1.0000
Step:  30  CFL:      12783.4  fnorm: 8.971190E-09  CPU: 3934.1409  WU: 4971.7240 #LI:  156 #ILI:  -1 om:1.0000
FI Time : 0.791303
Jac Time : 1179.91
KSP Time : 2703.37
--------------------------------------------------------------------------
MPI_ABORT was invoked on rank 0 in communicator MPI_COMM_WORLD 
with errorcode 59.

NOTE: invoking MPI_ABORT causes Open MPI to kill all MPI processes.
You may or may not see output from other processes, depending on
exactly when Open MPI kills them.
--------------------------------------------------------------------------
[0]PETSC ERROR: ------------------------------------------------------------------------
[0]PETSC ERROR: Caught signal number 15 Terminate: Some process (or the batch system) has told this process to end
[0]PETSC ERROR: Try option -start_in_debugger or -on_error_attach_debugger
[0]PETSC ERROR: or see http://www.mcs.anl.gov/petsc/documentation/faq.html#valgrind
[0]PETSC ERROR: or try http://valgrind.org on GNU/linux and Apple Mac OS X to find memory corruption errors
[0]PETSC ERROR: configure using --with-debugging=yes, recompile, link, and run 
[0]PETSC ERROR: to get more information on the crash.
[0]PETSC ERROR: --------------------- Error Message --------------------------------------------------------------
[0]PETSC ERROR: Signal received
[0]PETSC ERROR: See http://www.mcs.anl.gov/petsc/documentation/faq.html for trouble shooting.
[0]PETSC ERROR: Petsc Release Version 3.7.5, Jan, 01, 2017 
[0]PETSC ERROR: /home/hooshi/code/ANSLib/hooshi/apps/solver/Solver on a arch-gcc-ompi-opt-cxx-parmetis named n154 by hooshi Mon May  8 13:18:19 2017
[0]PETSC ERROR: Configure options --with-mpi --download-fblaslapack --download-metis --download-parmetis --with-cc=mpicc --with-clanguage=C++ --with-cxx=mpicxx --with-fc=mpif90 --with-shared-libraries --with-debugging=0 COPTFLAGS="-O3 -march=native -mtune=native" CXXOPTFLAGS="-O3 -march=native -mtune=native" FOPTFLAGS="-O3 -march=native -mtune=native"
[0]PETSC ERROR: #1 User provided function() line 0 in  unknown file
[2]PETSC ERROR: ------------------------------------------------------------------------
[2]PETSC ERROR: Caught signal number 15 Terminate: Some process (or the batch system) has told this process to end
[2]PETSC ERROR: Try option -start_in_debugger or -on_error_attach_debugger
[2]PETSC ERROR: or see http://www.mcs.anl.gov/petsc/documentation/faq.html#valgrind
[2]PETSC ERROR: or try http://valgrind.org on GNU/linux and Apple Mac OS X to find memory corruption errors
[2]PETSC ERROR: configure using --with-debugging=yes, recompile, link, and run 
[2]PETSC ERROR: to get more information on the crash.
[2]PETSC ERROR: --------------------- Error Message --------------------------------------------------------------
[2]PETSC ERROR: Signal received
[2]PETSC ERROR: See http://www.mcs.anl.gov/petsc/documentation/faq.html for trouble shooting.
[2]PETSC ERROR: Petsc Release Version 3.7.5, Jan, 01, 2017 
[2]PETSC ERROR: /home/hooshi/code/ANSLib/hooshi/apps/solver/Solver on a arch-gcc-ompi-opt-cxx-parmetis named n121 by hooshi Mon May  8 13:18:19 2017
[2]PETSC ERROR: Configure options --with-mpi --download-fblaslapack --download-metis --download-parmetis --with-cc=mpicc --with-clanguage=C++ --with-cxx=mpicxx --with-fc=mpif90 --with-shared-libraries --with-debugging=0 COPTFLAGS="-O3 -march=native -mtune=native" CXXOPTFLAGS="-O3 -march=native -mtune=native" FOPTFLAGS="-O3 -march=native -mtune=native"
[2]PETSC ERROR: #1 User provided function() line 0 in  unknown file
[7]PETSC ERROR: ------------------------------------------------------------------------
[7]PETSC ERROR: Caught signal number 15 Terminate: Some process (or the batch system) has told this process to end
[7]PETSC ERROR: Try option -start_in_debugger or -on_error_attach_debugger
[7]PETSC ERROR: or see http://www.mcs.anl.gov/petsc/documentation/faq.html#valgrind
[7]PETSC ERROR: or try http://valgrind.org on GNU/linux and Apple Mac OS X to find memory corruption errors
[7]PETSC ERROR: configure using --with-debugging=yes, recompile, link, and run 
[7]PETSC ERROR: to get more information on the crash.
[7]PETSC ERROR: --------------------- Error Message --------------------------------------------------------------
[7]PETSC ERROR: Signal received
[7]PETSC ERROR: See http://www.mcs.anl.gov/petsc/documentation/faq.html for trouble shooting.
[7]PETSC ERROR: Petsc Release Version 3.7.5, Jan, 01, 2017 
[7]PETSC ERROR: /home/hooshi/code/ANSLib/hooshi/apps/solver/Solver on a arch-gcc-ompi-opt-cxx-parmetis named n010 by hooshi Mon May  8 13:18:19 2017
[7]PETSC ERROR: Configure options --with-mpi --download-fblaslapack --download-metis --download-parmetis --with-cc=mpicc --with-clanguage=C++ --with-cxx=mpicxx --with-fc=mpif90 --with-shared-libraries --with-debugging=0 COPTFLAGS="-O3 -march=native -mtune=native" CXXOPTFLAGS="-O3 -march=native -mtune=native" FOPTFLAGS="-O3 -march=native -mtune=native"
[7]PETSC ERROR: #1 User provided function() line 0 in  unknown file
[6]PETSC ERROR: ------------------------------------------------------------------------
[6]PETSC ERROR: Caught signal number 15 Terminate: Some process (or the batch system) has told this process to end
[6]PETSC ERROR: Try option -start_in_debugger or -on_error_attach_debugger
[6]PETSC ERROR: or see http://www.mcs.anl.gov/petsc/documentation/faq.html#valgrind
[6]PETSC ERROR: or try http://valgrind.org on GNU/linux and Apple Mac OS X to find memory corruption errors
[6]PETSC ERROR: configure using --with-debugging=yes, recompile, link, and run 
[6]PETSC ERROR: to get more information on the crash.
[6]PETSC ERROR: --------------------- Error Message --------------------------------------------------------------
[6]PETSC ERROR: Signal received
[6]PETSC ERROR: See http://www.mcs.anl.gov/petsc/documentation/faq.html for trouble shooting.
[6]PETSC ERROR: Petsc Release Version 3.7.5, Jan, 01, 2017 
[6]PETSC ERROR: /home/hooshi/code/ANSLib/hooshi/apps/solver/Solver on a arch-gcc-ompi-opt-cxx-parmetis named n022 by hooshi Mon May  8 13:18:19 2017
[6]PETSC ERROR: Configure options --with-mpi --download-fblaslapack --download-metis --download-parmetis --with-cc=mpicc --with-clanguage=C++ --with-cxx=mpicxx --with-fc=mpif90 --with-shared-libraries --with-debugging=0 COPTFLAGS="-O3 -march=native -mtune=native" CXXOPTFLAGS="-O3 -march=native -mtune=native" FOPTFLAGS="-O3 -march=native -mtune=native"
[6]PETSC ERROR: #1 User provided function() line 0 in  unknown file
[5]PETSC ERROR: ------------------------------------------------------------------------
[5]PETSC ERROR: Caught signal number 15 Terminate: Some process (or the batch system) has told this process to end
[5]PETSC ERROR: Try option -start_in_debugger or -on_error_attach_debugger
[5]PETSC ERROR: or see http://www.mcs.anl.gov/petsc/documentation/faq.html#valgrind
[5]PETSC ERROR: or try http://valgrind.org on GNU/linux and Apple Mac OS X to find memory corruption errors
[5]PETSC ERROR: configure using --with-debugging=yes, recompile, link, and run 
[5]PETSC ERROR: to get more information on the crash.
[5]PETSC ERROR: --------------------- Error Message --------------------------------------------------------------
[5]PETSC ERROR: Signal received
[5]PETSC ERROR: See http://www.mcs.anl.gov/petsc/documentation/faq.html for trouble shooting.
[5]PETSC ERROR: Petsc Release Version 3.7.5, Jan, 01, 2017 
[5]PETSC ERROR: /home/hooshi/code/ANSLib/hooshi/apps/solver/Solver on a arch-gcc-ompi-opt-cxx-parmetis named n024 by hooshi Mon May  8 13:18:19 2017
[5]PETSC ERROR: Configure options --with-mpi --download-fblaslapack --download-metis --download-parmetis --with-cc=mpicc --with-clanguage=C++ --with-cxx=mpicxx --with-fc=mpif90 --with-shared-libraries --with-debugging=0 COPTFLAGS="-O3 -march=native -mtune=native" CXXOPTFLAGS="-O3 -march=native -mtune=native" FOPTFLAGS="-O3 -march=native -mtune=native"
[5]PETSC ERROR: #1 User provided function() line 0 in  unknown file
[8]PETSC ERROR: ------------------------------------------------------------------------
[8]PETSC ERROR: Caught signal number 15 Terminate: Some process (or the batch system) has told this process to end
[8]PETSC ERROR: Try option -start_in_debugger or -on_error_attach_debugger
[8]PETSC ERROR: or see http://www.mcs.anl.gov/petsc/documentation/faq.html#valgrind
[8]PETSC ERROR: or try http://valgrind.org on GNU/linux and Apple Mac OS X to find memory corruption errors
[8]PETSC ERROR: configure using --with-debugging=yes, recompile, link, and run 
[8]PETSC ERROR: to get more information on the crash.
[8]PETSC ERROR: --------------------- Error Message --------------------------------------------------------------
[8]PETSC ERROR: Signal received
[8]PETSC ERROR: See http://www.mcs.anl.gov/petsc/documentation/faq.html for trouble shooting.
[8]PETSC ERROR: Petsc Release Version 3.7.5, Jan, 01, 2017 
[8]PETSC ERROR: /home/hooshi/code/ANSLib/hooshi/apps/solver/Solver on a arch-gcc-ompi-opt-cxx-parmetis named n065 by hooshi Mon May  8 13:18:19 2017
[8]PETSC ERROR: Configure options --with-mpi --download-fblaslapack --download-metis --download-parmetis --with-cc=mpicc --with-clanguage=C++ --with-cxx=mpicxx --with-fc=mpif90 --with-shared-libraries --with-debugging=0 COPTFLAGS="-O3 -march=native -mtune=native" CXXOPTFLAGS="-O3 -march=native -mtune=native" FOPTFLAGS="-O3 -march=native -mtune=native"
[8]PETSC ERROR: #1 User provided function() line 0 in  unknown file
[4]PETSC ERROR: ------------------------------------------------------------------------
[4]PETSC ERROR: Caught signal number 15 Terminate: Some process (or the batch system) has told this process to end
[4]PETSC ERROR: Try option -start_in_debugger or -on_error_attach_debugger
[4]PETSC ERROR: or see http://www.mcs.anl.gov/petsc/documentation/faq.html#valgrind
[4]PETSC ERROR: or try http://valgrind.org on GNU/linux and Apple Mac OS X to find memory corruption errors
[4]PETSC ERROR: configure using --with-debugging=yes, recompile, link, and run 
[4]PETSC ERROR: to get more information on the crash.
[4]PETSC ERROR: --------------------- Error Message --------------------------------------------------------------
[4]PETSC ERROR: Signal received
[4]PETSC ERROR: See http://www.mcs.anl.gov/petsc/documentation/faq.html for trouble shooting.
[4]PETSC ERROR: Petsc Release Version 3.7.5, Jan, 01, 2017 
[4]PETSC ERROR: /home/hooshi/code/ANSLib/hooshi/apps/solver/Solver on a arch-gcc-ompi-opt-cxx-parmetis named n101 by hooshi Mon May  8 13:18:19 2017
[4]PETSC ERROR: Configure options --with-mpi --download-fblaslapack --download-metis --download-parmetis --with-cc=mpicc --with-clanguage=C++ --with-cxx=mpicxx --with-fc=mpif90 --with-shared-libraries --with-debugging=0 COPTFLAGS="-O3 -march=native -mtune=native" CXXOPTFLAGS="-O3 -march=native -mtune=native" FOPTFLAGS="-O3 -march=native -mtune=native"
[4]PETSC ERROR: #1 User provided function() line 0 in  unknown file
--------------------------------------------------------------------------
mpiexec noticed that process rank 1 with PID 28702 on node n137 exited on signal 7 (Bus error).
--------------------------------------------------------------------------
[3]PETSC ERROR: ------------------------------------------------------------------------
[3]PETSC ERROR: Caught signal number 15 Terminate: Some process (or the batch system) has told this process to end
[3]PETSC ERROR: Try option -start_in_debugger or -on_error_attach_debugger
[3]PETSC ERROR: or see http://www.mcs.anl.gov/petsc/documentation/faq.html#valgrind
[3]PETSC ERROR: or try http://valgrind.org on GNU/linux and Apple Mac OS X to find memory corruption errors
[3]PETSC ERROR: configure using --with-debugging=yes, recompile, link, and run 
[3]PETSC ERROR: to get more information on the crash.
[3]PETSC ERROR: --------------------- Error Message --------------------------------------------------------------
[3]PETSC ERROR: Signal received
[3]PETSC ERROR: See http://www.mcs.anl.gov/petsc/documentation/faq.html for trouble shooting.
[3]PETSC ERROR: Petsc Release Version 3.7.5, Jan, 01, 2017 
[3]PETSC ERROR: /home/hooshi/code/ANSLib/hooshi/apps/solver/Solver on a arch-gcc-ompi-opt-cxx-parmetis named n103 by hooshi Mon May  8 13:18:19 2017
[3]PETSC ERROR: Configure options --with-mpi --download-fblaslapack --download-metis --download-parmetis --with-cc=mpicc --with-clanguage=C++ --with-cxx=mpicxx --with-fc=mpif90 --with-shared-libraries --with-debugging=0 COPTFLAGS="-O3 -march=native -mtune=native" CXXOPTFLAGS="-O3 -march=native -mtune=native" FOPTFLAGS="-O3 -march=native -mtune=native"
[3]PETSC ERROR: #1 User provided function() line 0 in  unknown file
[n154:05732] 7 more processes have sent help message help-mpi-api.txt / mpi-abort
[n154:05732] Set MCA parameter "orte_base_help_aggregate" to 0 to see all help / error messages
