Reading local file options/h2_p4_lines.opt for options. 
#PETSc Option Table entries:
-C 0.1
-a 4
-angle 0
-d 3
-exnut 1
-f MESH/plate_m2
-ita_history_name pp_data/P9_h2_p4_lines.hst
-ita_target_residual 1e-8
-jacobian_type recanalytic
-ksp_gmres_preallocate
-ksp_gmres_restart 100
-ksp_ksp_max_it 10
-ksp_ksp_type gmres
-ksp_max_it 500
-ksp_norm_type unpreconditioned
-ksp_pc_type bjacobi
-ksp_rtol 1e-3
-ksp_sub_ksp_gmres_preallocate
-ksp_sub_pc_factor_levels 2
-ksp_sub_pc_factor_mat_ordering_type lines
-ksp_sub_pc_type ilu
-ksp_type fgmres
-mach 0.2
-max_iter 70
-mcell3d_old_initrecon
-mcell3d_part_file MESH/plate_m2
-mesh_type c
-mu 1e-5
-no_distance_weight
-opt options/h2_p4_lines.opt
-pc_type ksp
-physics TurbSA3D
-pre_order 1
-pseudolts_fixed
-recon_condition
-reynolds 5e6
-sol sol/h2_p3
-sol_out sol/h2_p4
-turbsa3d_pp_file pp_data/h2_p4_lines.postproc
-turbsa3d_problem_data flat_plate
-vv 1
#End of PETSc Option Table entries
Physics classes defined: AUSM2D AUSMP2D AdvDiff Advection Burgers Carreau2D Euler2DAdjoint Euler3D Newtonian2D Poisson Potential PowerLaw2D Roe2D RoeTurbSA2D RoeVisc2D RoeVisc2DAdjoint TurbSA3D ViscBurgers 
DualPhysics classes defined: AUSM2DError AUSMP2DError AdvDiffError AdvectionError BurgersError Carreau2DError Newtonian2DError PoissonError PowerLaw2DError Roe2DError RoeTurbSA2DError RoeVisc2DError ViscBurgersError 
MeshCell3D Constructor ------------------------------------------- 
Reading MESH/plate_m2.vmesh 
Reading MESH/plate_m2_npart9.part for partition data. 
[0] faces: n_interior = 35094; n_boundary = 3276; n_partition = 1620; n_total = 39990
[1] faces: n_interior = 36659; n_boundary = 1905; n_partition = 2909; n_total = 41473
[2] faces: n_interior = 35105; n_boundary = 1994; n_partition = 1926; n_total = 39025
[3] faces: n_interior = 35583; n_boundary = 3226; n_partition = 1148; n_total = 39957
[4] faces: n_interior = 35344; n_boundary = 2055; n_partition = 3187; n_total = 40586
[5] faces: n_interior = 35142; n_boundary = 2254; n_partition = 1412; n_total = 38808
[6] faces: n_interior = 36281; n_boundary = 2951; n_partition = 1335; n_total = 40567
[7] faces: n_interior = 36312; n_boundary = 2014; n_partition = 3794; n_total = 42120
[8] faces: n_interior = 35345; n_boundary = 1909; n_partition = 4795; n_total = 42049
n_global_faces = 353512
Extra Quadrature Order: cell: 0  face: 0 
Stencil size: 0, 6, 15, 30 
Calling old init recon. 
Global Num of CVs : 114240
[0] Num of CVs : 12514
[1] Num of CVs : 13022
[2] Num of CVs : 12355
[3] Num of CVs : 12590
[4] Num of CVs : 12655
[5] Num of CVs : 12325
[6] Num of CVs : 12808
[7] Num of CVs : 13072
[8] Num of CVs : 12899
End of MeshCell3D Constructor ------------------------------------ 
Creating a TurbSA3D Physics object. 
alpha=0.000000 psi=0. 
Min/max recon condition numbers:    8.97334    134.202
Recon Order: 4 
Recon Order: 4 
Recon Order: 4 
Recon Order: 4 
Recon Order: 4 
Recon Order: 4 
Recon Order: 4 
Recon Order: 4 
Recon Order: 4 
Min/max recon condition numbers:    8.97334    310.103
Jacobian is of order: 4 
Beginning Matrix Assembly
Control volumes: 114240, non-zeros: 1401314
Assembled Matrix
Min/max recon condition numbers:    1.07374    1.99859
Physics space dimensions: 3 
Creating a Advection Physics object. 
Physics space dimensions: 3 
Creating a Poisson Physics object. 
Physics space dimensions: 3 
Beginning Matrix Assembly
Control volumes: 114240, non-zeros: 84322
Assembled Matrix
FOUND WIEGHTS. 
FOUND WIEGHTS. 
FOUND WIEGHTS. 
FOUND WIEGHTS. 
FOUND WIEGHTS. 
FOUND WIEGHTS. 
FOUND WIEGHTS. 
FOUND WIEGHTS. 
FOUND WIEGHTS. 
Creating a recon of order 1 for JacInteg 
Beginning Matrix Assembly
Control volumes: 114240, non-zeros: 84322
Assembled Matrix
KSP Object: 9 MPI processes
  type: fgmres
    GMRES: restart=100, using Classical (unmodified) Gram-Schmidt Orthogonalization with no iterative refinement
    GMRES: happy breakdown tolerance 1e-30
  maximum iterations=500, initial guess is zero
  tolerances:  relative=0.001, absolute=1e-16, divergence=10000.
  right preconditioning
  using UNPRECONDITIONED norm type for convergence test
PC Object: 9 MPI processes
  type: ksp
  KSP and PC on KSP preconditioner follow
  ---------------------------------
    KSP Object:    (ksp_)     9 MPI processes
      type: gmres
        GMRES: restart=30, using Classical (unmodified) Gram-Schmidt Orthogonalization with no iterative refinement
        GMRES: happy breakdown tolerance 1e-30
      maximum iterations=10, initial guess is zero
      tolerances:  relative=1e-05, absolute=1e-50, divergence=10000.
      left preconditioning
      using PRECONDITIONED norm type for convergence test
    PC Object:    (ksp_)     9 MPI processes
      type: bjacobi
        block Jacobi: number of blocks = 9
        Local solve is same for all blocks, in the following KSP and PC objects:
      KSP Object:      (ksp_sub_)       1 MPI processes
        type: preonly
        maximum iterations=10000, initial guess is zero
        tolerances:  relative=1e-05, absolute=1e-50, divergence=10000.
        left preconditioning
        using DEFAULT norm type for convergence test
      PC Object:      (ksp_sub_)       1 MPI processes
        type: ilu
        PC has not been set up so information may be incomplete
          ILU: out-of-place factorization
          2 levels of fill
          tolerance for zero pivot 2.22045e-14
          matrix ordering: lines
        linear system matrix = precond matrix:
        Mat Object:         1 MPI processes
          type: seqbaij
          rows=75084, cols=75084, bs=6
          total: nonzeros=2977272, allocated nonzeros=2977272
          total number of mallocs used during MatSetValues calls =0
              block size is 6
      linear system matrix = precond matrix:
      Mat Object:       9 MPI processes
        type: mpibaij
        rows=685440, cols=685440, bs=6
        total: nonzeros=28011456, allocated nonzeros=28011456
        total number of mallocs used during MatSetValues calls =0
            block size is 6
  ---------------------------------
  linear system matrix followed by preconditioner matrix:
  Mat Object:   9 MPI processes
    type: mpibaij
    rows=685440, cols=685440, bs=6
    total: nonzeros=478254528, allocated nonzeros=478254528
    total number of mallocs used during MatSetValues calls =0
        block size is 6
  Mat Object:   9 MPI processes
    type: mpibaij
    rows=685440, cols=685440, bs=6
    total: nonzeros=28011456, allocated nonzeros=28011456
    total number of mallocs used during MatSetValues calls =0
        block size is 6
Initial fnorm: 6826.67 
reordering using the lines ... 
reordering using the lines ... 
reordering using the lines ... 
reordering using the lines ... 
reordering using the lines ... 
reordering using the lines ... 
reordering using the lines ... 
reordering using the lines ... 
reordering using the lines ... 
Step:   1  CFL:          0.1  fnorm: 1.727406E+03  CPU:  42.6536  WU:  33.9808 #LI:    8 #ILI:  -1 om:1.0000
Step:   2  CFL:         0.15  fnorm: 6.628416E+02  CPU:  87.0415  WU:  69.3432 #LI:   10 #ILI:  -1 om:1.0000
Step:   3  CFL:        0.225  fnorm: 3.844473E+02  CPU: 131.4281  WU: 104.7046 #LI:   10 #ILI:  -1 om:1.0000
Step:   4  CFL:       0.3375  fnorm: 2.977912E+02  CPU: 176.2005  WU: 140.3733 #LI:   12 #ILI:  -1 om:1.0000
Step:   5  CFL:      0.50625  fnorm: 2.244067E+02  CPU: 222.2301  WU: 177.0437 #LI:   14 #ILI:  -1 om:1.0000
Step:   6  CFL:     0.759375  fnorm: 1.560081E+02  CPU: 270.2730  WU: 215.3179 #LI:   15 #ILI:  -1 om:1.0000
Step:   7  CFL:      1.13906  fnorm: 9.819004E+01  CPU: 318.7993  WU: 253.9773 #LI:   18 #ILI:  -1 om:1.0000
Step:   8  CFL:      1.70859  fnorm: 5.543819E+01  CPU: 371.2502  WU: 295.7632 #LI:   21 #ILI:  -1 om:1.0000
Step:   9  CFL:      2.56289  fnorm: 2.918472E+01  CPU: 423.7955  WU: 337.6244 #LI:   23 #ILI:  -1 om:1.0000
Step:  10  CFL:      3.84434  fnorm: 1.529288E+01  CPU: 478.0948  WU: 380.8829 #LI:   26 #ILI:  -1 om:1.0000
Step:  11  CFL:       5.7665  fnorm: 7.928291E+00  CPU: 533.4026  WU: 424.9449 #LI:   29 #ILI:  -1 om:1.0000
Step:  12  CFL:      8.64976  fnorm: 3.877155E+00  CPU: 590.0938  WU: 470.1089 #LI:   34 #ILI:  -1 om:1.0000
Step:  13  CFL:      12.9746  fnorm: 1.854459E+00  CPU: 652.6400  WU: 519.9375 #LI:   39 #ILI:  -1 om:1.0000
Step:  14  CFL:       19.462  fnorm: 9.558953E-01  CPU: 724.2908  WU: 577.0194 #LI:   45 #ILI:  -1 om:1.0000
Step:  15  CFL:      29.1929  fnorm: 4.765102E-01  CPU: 806.9944  WU: 642.9067 #LI:   51 #ILI:  -1 om:1.0000
Step:  16  CFL:      43.7894  fnorm: 2.034773E-01  CPU: 890.0018  WU: 709.0360 #LI:   57 #ILI:  -1 om:1.0000
Step:  17  CFL:      65.6841  fnorm: 8.485480E-02  CPU: 976.8093  WU: 778.1928 #LI:   66 #ILI:  -1 om:1.0000
Step:  18  CFL:      98.5261  fnorm: 4.105373E-02  CPU: 1071.4297  WU: 853.5739 #LI:   74 #ILI:  -1 om:1.0000
Step:  19  CFL:      147.789  fnorm: 1.949735E-02  CPU: 1176.4696  WU: 937.2558 #LI:   83 #ILI:  -1 om:1.0000
Step:  20  CFL:      221.684  fnorm: 7.788029E-03  CPU: 1279.1657  WU: 1019.0706 #LI:   92 #ILI:  -1 om:1.0000
Step:  21  CFL:      332.526  fnorm: 2.565785E-03  CPU: 1383.0384  WU: 1101.8226 #LI:  104 #ILI:  -1 om:1.0000
Step:  22  CFL:      498.789  fnorm: 5.989468E-04  CPU: 1500.2178  WU: 1195.1758 #LI:  118 #ILI:  -1 om:1.0000
Step:  23  CFL:      748.183  fnorm: 7.187167E-05  CPU: 1622.7521  WU: 1292.7949 #LI:  127 #ILI:  -1 om:1.0000
Step:  24  CFL:      1122.27  fnorm: 6.760276E-06  CPU: 1759.6996  WU: 1401.8966 #LI:  139 #ILI:  -1 om:1.0000
Step:  25  CFL:      1683.41  fnorm: 1.652751E-06  CPU: 1894.2822  WU: 1509.1143 #LI:  150 #ILI:  -1 om:1.0000
Step:  26  CFL:      2525.12  fnorm: 1.762670E-07  CPU: 2025.7788  WU: 1613.8734 #LI:  139 #ILI:  -1 om:1.0000
Step:  27  CFL:      3787.68  fnorm: 2.728558E-08  CPU: 2168.9426  WU: 1727.9275 #LI:  137 #ILI:  -1 om:1.0000
Step:  28  CFL:      5681.51  fnorm: 2.262934E-08  CPU: 2301.0444  WU: 1833.1688 #LI:  128 #ILI:  -1 om:1.0000
Step:  29  CFL:      8522.27  fnorm: 1.057110E-08  CPU: 2511.1167  WU: 2000.5267 #LI:  110 #ILI:  -1 om:1.0000
Step:  30  CFL:      12783.4  fnorm: 8.645748E-09  CPU: 2612.0952  WU: 2080.9730 #LI:   93 #ILI:  -1 om:1.0000
FI Time : 1.25523
Jac Time : 1199.36
KSP Time : 1279.02
Min/max recon condition numbers:    1.07374    1.42953
CLv: 7.701e-08
CDv: 0.00285049
CSv: -6.31023e-15
CLp: -35.715
CDp: 0
CSp: 0
Cf at x=0.97008 and z = 0.5: 0.00271428 
Min/max recon condition numbers:    8.97334    134.202
