Reading local file options/a4_medium_onlyone_rcm.opt for options. 
#PETSc Option Table entries:
-a 4
-angle 10
-B MESH/225-65/n0012_225-65
-C 0.01
-d 2
-exnut 1
-f MESH/225-65/n0012_225-65
-fec MESH/225-65/n0012_225-65
-ita_history_name hst/a4_medium_onlyone_rcm.hst
-ita_target_residual 1e-5
-jacobian_type recanalytic
-ksp_converged_reason
-ksp_max_it 500
-ksp_rtol 1e-3
-ksp_type gmres
-mach 0.15
-max_iter 80
-mesh_type c
-no_distance_weight
-pc_factor_levels 0
-pc_factor_mat_ordering_type rcm
-pc_type ilu
-physics RoeTurbSA2D
-pre_order 1
-pseudolts_fixed
-recon_condition
-reynolds 6000000
-sol sol/a3_medium
-sol_out sol/xxx
#End of PETSc Option Table entries
Physics classes defined: AUSM2D AUSMP2D AdvDiff Advection Burgers Carreau2D Euler2DAdjoint Euler3D Newtonian2D Poisson Potential PowerLaw2D Roe2D RoeTurbSA2D RoeVisc2D RoeVisc2DAdjoint TurbSA3D ViscBurgers 
DualPhysics classes defined: AUSM2DError AUSMP2DError AdvDiffError AdvectionError BurgersError Carreau2DError Newtonian2DError PoissonError PowerLaw2DError Roe2DError RoeTurbSA2DError RoeVisc2DError ViscBurgersError 
Creating a GRUMMP Geometry in Rank [0] 
Number of points: 480 
Number of edges: 353 
Serendipity interpolation functions are being used for quad elements
ccell2d stencil size: 0, 0, 4, 9, 15
Creating a RoeTurbSA2D Physics object. 
Compressible2DDerived created!!!
flux function 0 
AOA = 0.174533
Min/max recon condition numbers:    7.26496    12354.6
Recon Order: 4 
Min/max recon condition numbers:    7.26496    12354.6
Jacobian is of order: 4 
Beginning Matrix Assembly
Control volumes: 25088, non-zeros: 807395
Assembled Matrix
Creating a recon of order 1 for JacInteg 
Beginning Matrix Assembly
Control volumes: 25088, non-zeros: 103456
Assembled Matrix
KSP Object: 1 MPI processes
  type: gmres
    GMRES: restart=100, using Classical (unmodified) Gram-Schmidt Orthogonalization with no iterative refinement
    GMRES: happy breakdown tolerance 1e-30
  maximum iterations=500, initial guess is zero
  tolerances:  relative=0.001, absolute=1e-16, divergence=10000.
  left preconditioning
  using PRECONDITIONED norm type for convergence test
PC Object: 1 MPI processes
  type: ilu
    ILU: out-of-place factorization
    ILU: Reusing reordering from past factorization
    0 levels of fill
    tolerance for zero pivot 2.22045e-14
    using diagonal shift on blocks to prevent zero pivot [INBLOCKS]
    matrix ordering: rcm
    factor fill ratio given 1., needed 1.
      Factored matrix follows:
        Mat Object:         1 MPI processes
          type: seqbaij
          rows=125440, cols=125440, bs=5
          package used to perform factorization: petsc
          total: nonzeros=2586400, allocated nonzeros=2586400
          total number of mallocs used during MatSetValues calls =0
              block size is 5
  linear system matrix followed by preconditioner matrix:
  Mat Object:   1 MPI processes
    type: seqbaij
    rows=125440, cols=125440, bs=5
    total: nonzeros=20184875, allocated nonzeros=20184875
    total number of mallocs used during MatSetValues calls =0
        block size is 5
  Mat Object:   1 MPI processes
    type: seqbaij
    rows=125440, cols=125440, bs=5
    total: nonzeros=2586400, allocated nonzeros=2586400
    total number of mallocs used during MatSetValues calls =0
        block size is 5
Initial fnorm: 384.256 
Linear solve converged due to CONVERGED_RTOL iterations 12
Step:   1  CFL:         0.01  fnorm: 2.079609E+02  CPU:   6.9749  WU:  23.4343 #LI:   12 #ILI:  -1 om:1.0000
Linear solve converged due to CONVERGED_RTOL iterations 9
Step:   2  CFL:        0.015  fnorm: 1.701356E+02  CPU:  14.0394  WU:  47.1696 #LI:    9 #ILI:  -1 om:1.0000
Linear solve converged due to CONVERGED_RTOL iterations 7
Step:   3  CFL:       0.0225  fnorm: 1.527851E+02  CPU:  21.0488  WU:  70.7200 #LI:    7 #ILI:  -1 om:1.0000
Linear solve converged due to CONVERGED_RTOL iterations 7
Step:   4  CFL:      0.03375  fnorm: 1.364369E+02  CPU:  28.0745  WU:  94.3248 #LI:    7 #ILI:  -1 om:1.0000
Linear solve converged due to CONVERGED_RTOL iterations 7
Step:   5  CFL:     0.050625  fnorm: 1.219561E+02  CPU:  35.0908  WU: 117.8985 #LI:    7 #ILI:  -1 om:1.0000
Linear solve converged due to CONVERGED_RTOL iterations 10
Step:   6  CFL:    0.0759375  fnorm: 1.072637E+02  CPU:  42.1701  WU: 141.6834 #LI:   10 #ILI:  -1 om:1.0000
Linear solve converged due to CONVERGED_RTOL iterations 12
Step:   7  CFL:     0.113906  fnorm: 9.227195E+01  CPU:  49.3231  WU: 165.7163 #LI:   12 #ILI:  -1 om:1.0000
Linear solve converged due to CONVERGED_RTOL iterations 12
Step:   8  CFL:     0.170859  fnorm: 7.812788E+01  CPU:  56.4694  WU: 189.7264 #LI:   12 #ILI:  -1 om:1.0000
Linear solve converged due to CONVERGED_RTOL iterations 14
Step:   9  CFL:     0.256289  fnorm: 6.536018E+01  CPU:  63.6328  WU: 213.7939 #LI:   14 #ILI:  -1 om:1.0000
Linear solve converged due to CONVERGED_RTOL iterations 15
Step:  10  CFL:     0.384434  fnorm: 5.436528E+01  CPU:  70.8052  WU: 237.8918 #LI:   15 #ILI:  -1 om:1.0000
Linear solve converged due to CONVERGED_RTOL iterations 14
Step:  11  CFL:      0.57665  fnorm: 4.499102E+01  CPU:  78.0361  WU: 262.1864 #LI:   14 #ILI:  -1 om:1.0000
Linear solve converged due to CONVERGED_RTOL iterations 16
Step:  12  CFL:     0.864976  fnorm: 3.672715E+01  CPU:  85.2444  WU: 286.4047 #LI:   16 #ILI:  -1 om:1.0000
Linear solve converged due to CONVERGED_RTOL iterations 20
Step:  13  CFL:      1.29746  fnorm: 2.931643E+01  CPU:  92.5231  WU: 310.8598 #LI:   20 #ILI:  -1 om:1.0000
Linear solve converged due to CONVERGED_RTOL iterations 25
Step:  14  CFL:       1.9462  fnorm: 2.273926E+01  CPU:  99.9332  WU: 335.7565 #LI:   25 #ILI:  -1 om:1.0000
Linear solve converged due to CONVERGED_RTOL iterations 29
Step:  15  CFL:      2.91929  fnorm: 1.724132E+01  CPU: 107.3940  WU: 360.8232 #LI:   29 #ILI:  -1 om:1.0000
Linear solve converged due to CONVERGED_RTOL iterations 33
Step:  16  CFL:      4.37894  fnorm: 1.301664E+01  CPU: 114.9375  WU: 386.1679 #LI:   33 #ILI:  -1 om:1.0000
Linear solve converged due to CONVERGED_RTOL iterations 39
Step:  17  CFL:      6.56841  fnorm: 9.832471E+00  CPU: 122.6595  WU: 412.1122 #LI:   39 #ILI:  -1 om:1.0000
Linear solve converged due to CONVERGED_RTOL iterations 48
Step:  18  CFL:      9.85261  fnorm: 7.205895E+00  CPU: 130.6276  WU: 438.8837 #LI:   48 #ILI:  -1 om:1.0000
Linear solve converged due to CONVERGED_RTOL iterations 63
Step:  19  CFL:      14.7789  fnorm: 5.165964E+00  CPU: 138.8975  WU: 466.6688 #LI:   63 #ILI:  -1 om:1.0000
Linear solve converged due to CONVERGED_RTOL iterations 85
Step:  20  CFL:      22.1684  fnorm: 3.549939E+00  CPU: 147.8352  WU: 496.6979 #LI:   85 #ILI:  -1 om:1.0000
Linear solve converged due to CONVERGED_RTOL iterations 113
Step:  21  CFL:      33.2526  fnorm: 2.208482E+00  CPU: 157.4731  WU: 529.0795 #LI:  113 #ILI:  -1 om:1.0000
Linear solve converged due to CONVERGED_RTOL iterations 147
Step:  22  CFL:      49.8789  fnorm: 1.373842E+00  CPU: 167.8514  WU: 563.9485 #LI:  147 #ILI:  -1 om:1.0000
Linear solve converged due to CONVERGED_RTOL iterations 223
Step:  23  CFL:      74.8183  fnorm: 8.309030E-01  CPU: 180.1517  WU: 605.2753 #LI:  223 #ILI:  -1 om:1.0000
Linear solve converged due to CONVERGED_RTOL iterations 276
Step:  24  CFL:      112.227  fnorm: 8.196250E-01  CPU: 194.3111  WU: 652.8479 #LI:  276 #ILI:  -1 om:0.5000
Linear solve converged due to CONVERGED_RTOL iterations 278
Step:  25  CFL:      112.227  fnorm: 5.814019E-01  CPU: 207.8651  WU: 698.3870 #LI:  278 #ILI:  -1 om:1.0000
Linear solve converged due to CONVERGED_RTOL iterations 379
Step:  26  CFL:      168.341  fnorm: 6.235319E-01  CPU: 223.8904  WU: 752.2287 #LI:  379 #ILI:  -1 om:1.0000
Linear solve did not converge due to DIVERGED_ITS iterations 500
Step:  27  CFL:      252.512  fnorm: 5.274822E-01  CPU: 242.9577  WU: 816.2911 #LI:  500 #ILI:  -1 om:1.0000
Linear solve did not converge due to DIVERGED_ITS iterations 500
Step:  28  CFL:      378.768  fnorm: 1.330822E-01  CPU: 262.0055  WU: 880.2882 #LI:  500 #ILI:  -1 om:1.0000
Linear solve did not converge due to DIVERGED_ITS iterations 500
Step:  29  CFL:      568.151  fnorm: 1.626412E-01  CPU: 281.9434  WU: 947.2757 #LI:  500 #ILI:  -1 om:0.5000
Linear solve did not converge due to DIVERGED_ITS iterations 500
Step:  30  CFL:      568.151  fnorm: 1.240966E-01  CPU: 301.1846  WU: 1011.9226 #LI:  500 #ILI:  -1 om:1.0000
Linear solve did not converge due to DIVERGED_ITS iterations 500
Step:  31  CFL:      852.227  fnorm: 1.436411E-01  CPU: 320.3981  WU: 1076.4763 #LI:  500 #ILI:  -1 om:1.0000
Linear solve did not converge due to DIVERGED_ITS iterations 500
Step:  32  CFL:      1278.34  fnorm: 1.474082E-01  CPU: 340.1900  WU: 1142.9732 #LI:  500 #ILI:  -1 om:0.5000
Linear solve did not converge due to DIVERGED_ITS iterations 500
Step:  33  CFL:      1278.34  fnorm: 1.703858E-01  CPU: 360.6562  WU: 1211.7358 #LI:  500 #ILI:  -1 om:0.2500
Linear solve did not converge due to DIVERGED_ITS iterations 500
Step:  34  CFL:      1278.34  fnorm: 1.945335E-01  CPU: 380.3584  WU: 1277.9314 #LI:  500 #ILI:  -1 om:0.5000
Linear solve did not converge due to DIVERGED_ITS iterations 500
Step:  35  CFL:      1278.34  fnorm: 1.012958E-01  CPU: 399.4519  WU: 1342.0817 #LI:  500 #ILI:  -1 om:1.0000
Linear solve did not converge due to DIVERGED_ITS iterations 500
Step:  36  CFL:      1917.51  fnorm: 4.961220E-02  CPU: 419.0119  WU: 1407.7998 #LI:  500 #ILI:  -1 om:1.0000
Linear solve did not converge due to DIVERGED_ITS iterations 500
Step:  37  CFL:      2876.27  fnorm: 4.994301E-02  CPU: 438.6211  WU: 1473.6829 #LI:  500 #ILI:  -1 om:1.0000
Linear solve did not converge due to DIVERGED_ITS iterations 500
Step:  38  CFL:       4314.4  fnorm: 1.278429E-02  CPU: 458.0514  WU: 1538.9649 #LI:  500 #ILI:  -1 om:1.0000
Linear solve did not converge due to DIVERGED_ITS iterations 500
Step:  39  CFL:       6471.6  fnorm: 6.939158E-03  CPU: 477.1928  WU: 1603.2762 #LI:  500 #ILI:  -1 om:1.0000
Linear solve did not converge due to DIVERGED_ITS iterations 500
Step:  40  CFL:       9707.4  fnorm: 1.652086E-03  CPU: 496.4281  WU: 1667.9034 #LI:  500 #ILI:  -1 om:1.0000
Linear solve did not converge due to DIVERGED_ITS iterations 500
Step:  41  CFL:      14561.1  fnorm: 2.767583E-04  CPU: 515.5460  WU: 1732.1357 #LI:  500 #ILI:  -1 om:1.0000
Linear solve did not converge due to DIVERGED_ITS iterations 500
Step:  42  CFL:      21841.6  fnorm: 7.749338E-05  CPU: 534.6934  WU: 1796.4674 #LI:  500 #ILI:  -1 om:1.0000
Linear solve did not converge due to DIVERGED_ITS iterations 500
Step:  43  CFL:      32762.5  fnorm: 3.543924E-05  CPU: 553.7780  WU: 1860.5879 #LI:  500 #ILI:  -1 om:1.0000
Linear solve did not converge due to DIVERGED_ITS iterations 500
Step:  44  CFL:      49143.7  fnorm: 5.816473E-06  CPU: 572.9007  WU: 1924.8363 #LI:  500 #ILI:  -1 om:1.0000
FI Time : 0.297636
Jac Time : 286.861
KSP Time : 264.211
Min/max recon condition numbers:    1.00029     11.045
Number of CVs: 25088
Order: 4
Viscous ForceX: 6.48647e-05
Viscous ForceY: 9.69573e-06
ForceX: -0.0020791
ForceY: 0.012144
Lift coeff due to pressure: 1.09516
Lift coeff due to viscosity: -0.000152463
Drag coeff due to pressure: 0.00544617
Drag coeff due to viscosity: 0.00582781
C_L         C_D         C_D (shear) #NLI    #LI     
1.0952e+00  5.4462e-03  5.8278e-03  44      10893   
Min/max recon condition numbers:    7.26496    12354.6
