Reading local file options/a4_fine_onlyone_rcm.opt for options. 
#PETSc Option Table entries:
-a 4
-angle 10
-B MESH/449-129/n0012_449-129
-C 0.01
-d 2
-exnut 1
-f MESH/449-129/n0012_449-129
-fec MESH/449-129/n0012_449-129
-ita_history_name hst/a4_fine_onlyone_rcm.hst
-ita_target_residual 1e-5
-jacobian_type recanalytic
-ksp_converged_reason
-ksp_max_it 500
-ksp_rtol 1e-3
-ksp_type gmres
-mach 0.15
-max_iter 80
-mesh_type c
-no_distance_weight
-pc_factor_levels 0
-pc_factor_mat_ordering_type rcm
-pc_type ilu
-physics RoeTurbSA2D
-pre_order 1
-pseudolts_fixed
-recon_condition
-reynolds 6000000
-sol sol/a3_fine
-sol_out sol/xxx
#End of PETSc Option Table entries
Physics classes defined: AUSM2D AUSMP2D AdvDiff Advection Burgers Carreau2D Euler2DAdjoint Euler3D Newtonian2D Poisson Potential PowerLaw2D Roe2D RoeTurbSA2D RoeVisc2D RoeVisc2DAdjoint TurbSA3D ViscBurgers 
DualPhysics classes defined: AUSM2DError AUSMP2DError AdvDiffError AdvectionError BurgersError Carreau2DError Newtonian2DError PoissonError PowerLaw2DError Roe2DError RoeTurbSA2DError RoeVisc2DError ViscBurgersError 
Creating a GRUMMP Geometry in Rank [0] 
Number of points: 960 
Number of edges: 705 
Serendipity interpolation functions are being used for quad elements
ccell2d stencil size: 0, 0, 4, 9, 15
Creating a RoeTurbSA2D Physics object. 
Compressible2DDerived created!!!
flux function 0 
AOA = 0.174533
Min/max recon condition numbers:    7.01299    7533.88
Recon Order: 4 
Min/max recon condition numbers:    7.01299    7533.88
Jacobian is of order: 4 
Beginning Matrix Assembly
Control volumes: 100352, non-zeros: 3241955
Assembled Matrix
Creating a recon of order 1 for JacInteg 
Beginning Matrix Assembly
Control volumes: 100352, non-zeros: 414784
Assembled Matrix
KSP Object: 1 MPI processes
  type: gmres
    GMRES: restart=100, using Classical (unmodified) Gram-Schmidt Orthogonalization with no iterative refinement
    GMRES: happy breakdown tolerance 1e-30
  maximum iterations=500, initial guess is zero
  tolerances:  relative=0.001, absolute=1e-16, divergence=10000.
  left preconditioning
  using PRECONDITIONED norm type for convergence test
PC Object: 1 MPI processes
  type: ilu
    ILU: out-of-place factorization
    ILU: Reusing reordering from past factorization
    0 levels of fill
    tolerance for zero pivot 2.22045e-14
    using diagonal shift on blocks to prevent zero pivot [INBLOCKS]
    matrix ordering: rcm
    factor fill ratio given 1., needed 1.
      Factored matrix follows:
        Mat Object:         1 MPI processes
          type: seqbaij
          rows=501760, cols=501760, bs=5
          package used to perform factorization: petsc
          total: nonzeros=10369600, allocated nonzeros=10369600
          total number of mallocs used during MatSetValues calls =0
              block size is 5
  linear system matrix followed by preconditioner matrix:
  Mat Object:   1 MPI processes
    type: seqbaij
    rows=501760, cols=501760, bs=5
    total: nonzeros=81048875, allocated nonzeros=81048875
    total number of mallocs used during MatSetValues calls =0
        block size is 5
  Mat Object:   1 MPI processes
    type: seqbaij
    rows=501760, cols=501760, bs=5
    total: nonzeros=10369600, allocated nonzeros=10369600
    total number of mallocs used during MatSetValues calls =0
        block size is 5
Initial fnorm: 264.263 
Linear solve converged due to CONVERGED_RTOL iterations 9
Step:   1  CFL:         0.01  fnorm: 1.901970E+02  CPU:  28.4991  WU:  23.2343 #LI:    9 #ILI:  -1 om:1.0000
Linear solve converged due to CONVERGED_RTOL iterations 8
Step:   2  CFL:        0.015  fnorm: 1.565118E+02  CPU:  57.4746  WU:  46.8570 #LI:    8 #ILI:  -1 om:1.0000
Linear solve converged due to CONVERGED_RTOL iterations 6
Step:   3  CFL:       0.0225  fnorm: 1.293572E+02  CPU:  86.1945  WU:  70.2713 #LI:    6 #ILI:  -1 om:1.0000
Linear solve converged due to CONVERGED_RTOL iterations 7
Step:   4  CFL:      0.03375  fnorm: 1.107087E+02  CPU: 114.7746  WU:  93.5717 #LI:    7 #ILI:  -1 om:1.0000
Linear solve converged due to CONVERGED_RTOL iterations 8
Step:   5  CFL:     0.050625  fnorm: 9.574584E+01  CPU: 144.6179  WU: 117.9018 #LI:    8 #ILI:  -1 om:1.0000
Linear solve converged due to CONVERGED_RTOL iterations 9
Step:   6  CFL:    0.0759375  fnorm: 7.916759E+01  CPU: 174.5155  WU: 142.2762 #LI:    9 #ILI:  -1 om:1.0000
Linear solve converged due to CONVERGED_RTOL iterations 10
Step:   7  CFL:     0.113906  fnorm: 6.376399E+01  CPU: 203.8610  WU: 166.2006 #LI:   10 #ILI:  -1 om:1.0000
Linear solve converged due to CONVERGED_RTOL iterations 12
Step:   8  CFL:     0.170859  fnorm: 5.128722E+01  CPU: 233.5736  WU: 190.4243 #LI:   12 #ILI:  -1 om:1.0000
Linear solve converged due to CONVERGED_RTOL iterations 15
Step:   9  CFL:     0.256289  fnorm: 3.994638E+01  CPU: 264.0036  WU: 215.2327 #LI:   15 #ILI:  -1 om:1.0000
Linear solve converged due to CONVERGED_RTOL iterations 17
Step:  10  CFL:     0.384434  fnorm: 2.998869E+01  CPU: 294.6445  WU: 240.2131 #LI:   17 #ILI:  -1 om:1.0000
Linear solve converged due to CONVERGED_RTOL iterations 18
Step:  11  CFL:      0.57665  fnorm: 2.207793E+01  CPU: 325.0485  WU: 265.0004 #LI:   18 #ILI:  -1 om:1.0000
Linear solve converged due to CONVERGED_RTOL iterations 21
Step:  12  CFL:     0.864976  fnorm: 1.573630E+01  CPU: 354.8597  WU: 289.3045 #LI:   21 #ILI:  -1 om:1.0000
Linear solve converged due to CONVERGED_RTOL iterations 19
Step:  13  CFL:      1.29746  fnorm: 1.086531E+01  CPU: 385.1925  WU: 314.0337 #LI:   19 #ILI:  -1 om:1.0000
Linear solve converged due to CONVERGED_RTOL iterations 22
Step:  14  CFL:       1.9462  fnorm: 7.249077E+00  CPU: 415.9129  WU: 339.0789 #LI:   22 #ILI:  -1 om:1.0000
Linear solve converged due to CONVERGED_RTOL iterations 25
Step:  15  CFL:      2.91929  fnorm: 4.713890E+00  CPU: 447.1999  WU: 364.5861 #LI:   25 #ILI:  -1 om:1.0000
Linear solve converged due to CONVERGED_RTOL iterations 32
Step:  16  CFL:      4.37894  fnorm: 3.282357E+00  CPU: 478.5401  WU: 390.1367 #LI:   32 #ILI:  -1 om:1.0000
Linear solve converged due to CONVERGED_RTOL iterations 42
Step:  17  CFL:      6.56841  fnorm: 2.544430E+00  CPU: 512.2765  WU: 417.6407 #LI:   42 #ILI:  -1 om:1.0000
Linear solve converged due to CONVERGED_RTOL iterations 55
Step:  18  CFL:      9.85261  fnorm: 2.118373E+00  CPU: 546.5938  WU: 445.6184 #LI:   55 #ILI:  -1 om:1.0000
Linear solve converged due to CONVERGED_RTOL iterations 69
Step:  19  CFL:      14.7789  fnorm: 1.807724E+00  CPU: 583.9402  WU: 476.0656 #LI:   69 #ILI:  -1 om:1.0000
Linear solve converged due to CONVERGED_RTOL iterations 115
Step:  20  CFL:      22.1684  fnorm: 1.516708E+00  CPU: 626.5921  WU: 510.8382 #LI:  115 #ILI:  -1 om:1.0000
Linear solve converged due to CONVERGED_RTOL iterations 169
Step:  21  CFL:      33.2526  fnorm: 1.294608E+00  CPU: 674.7883  WU: 550.1308 #LI:  169 #ILI:  -1 om:1.0000
Linear solve converged due to CONVERGED_RTOL iterations 209
Step:  22  CFL:      49.8789  fnorm: 1.018222E+00  CPU: 727.6904  WU: 593.2600 #LI:  209 #ILI:  -1 om:1.0000
Linear solve converged due to CONVERGED_RTOL iterations 288
Step:  23  CFL:      74.8183  fnorm: 7.695436E-01  CPU: 786.5244  WU: 641.2252 #LI:  288 #ILI:  -1 om:1.0000
Linear solve converged due to CONVERGED_RTOL iterations 443
Step:  24  CFL:      112.227  fnorm: 8.665148E-01  CPU: 864.5535  WU: 704.8396 #LI:  443 #ILI:  -1 om:1.0000
Linear solve did not converge due to DIVERGED_ITS iterations 500
Step:  25  CFL:      168.341  fnorm: 3.697357E-01  CPU: 947.1150  WU: 772.1491 #LI:  500 #ILI:  -1 om:1.0000
Linear solve did not converge due to DIVERGED_ITS iterations 500
Step:  26  CFL:      252.512  fnorm: 2.883093E-01  CPU: 1030.4177  WU: 840.0627 #LI:  500 #ILI:  -1 om:1.0000
Linear solve did not converge due to DIVERGED_ITS iterations 500
Step:  27  CFL:      378.768  fnorm: 1.646089E-01  CPU: 1112.4018  WU: 906.9014 #LI:  500 #ILI:  -1 om:1.0000
Linear solve did not converge due to DIVERGED_ITS iterations 500
Step:  28  CFL:      568.151  fnorm: 1.901813E-01  CPU: 1194.2709  WU: 973.6464 #LI:  500 #ILI:  -1 om:1.0000
Linear solve did not converge due to DIVERGED_ITS iterations 500
Step:  29  CFL:      852.227  fnorm: 1.585736E-01  CPU: 1275.9774  WU: 1040.2588 #LI:  500 #ILI:  -1 om:1.0000
Linear solve did not converge due to DIVERGED_ITS iterations 500
Step:  30  CFL:      1278.34  fnorm: 1.251751E-01  CPU: 1357.8997  WU: 1107.0472 #LI:  500 #ILI:  -1 om:1.0000
Linear solve did not converge due to DIVERGED_ITS iterations 500
Step:  31  CFL:      1917.51  fnorm: 6.180293E-02  CPU: 1440.4226  WU: 1174.3251 #LI:  500 #ILI:  -1 om:1.0000
Linear solve did not converge due to DIVERGED_ITS iterations 500
Step:  32  CFL:      2876.27  fnorm: 6.084521E-02  CPU: 1521.5401  WU: 1240.4573 #LI:  500 #ILI:  -1 om:1.0000
Linear solve did not converge due to DIVERGED_ITS iterations 500
Step:  33  CFL:       4314.4  fnorm: 6.655336E-02  CPU: 1604.9882  WU: 1308.4896 #LI:  500 #ILI:  -1 om:0.5000
Linear solve did not converge due to DIVERGED_ITS iterations 500
Step:  34  CFL:       4314.4  fnorm: 7.275863E-02  CPU: 1688.3497  WU: 1376.4512 #LI:  500 #ILI:  -1 om:0.5000
Linear solve did not converge due to DIVERGED_ITS iterations 500
Step:  35  CFL:       4314.4  fnorm: 6.733319E-02  CPU: 1769.3806  WU: 1442.5128 #LI:  500 #ILI:  -1 om:1.0000
Linear solve did not converge due to DIVERGED_ITS iterations 500
Step:  36  CFL:       6471.6  fnorm: 6.564975E-02  CPU: 1850.0199  WU: 1508.2551 #LI:  500 #ILI:  -1 om:1.0000
Linear solve did not converge due to DIVERGED_ITS iterations 500
Step:  37  CFL:       9707.4  fnorm: 6.723830E-02  CPU: 1930.9145  WU: 1574.2057 #LI:  500 #ILI:  -1 om:1.0000
Linear solve did not converge due to DIVERGED_ITS iterations 500
Step:  38  CFL:      14561.1  fnorm: 6.869404E-02  CPU: 2011.8300  WU: 1640.1731 #LI:  500 #ILI:  -1 om:1.0000
Linear solve did not converge due to DIVERGED_ITS iterations 500
Step:  39  CFL:      21841.6  fnorm: 6.964439E-02  CPU: 2092.6538  WU: 1706.0659 #LI:  500 #ILI:  -1 om:1.0000
Linear solve did not converge due to DIVERGED_ITS iterations 500
Step:  40  CFL:      32762.5  fnorm: 7.034810E-02  CPU: 2174.7161  WU: 1772.9683 #LI:  500 #ILI:  -1 om:1.0000
Linear solve did not converge due to DIVERGED_ITS iterations 500
Step:  41  CFL:      49143.7  fnorm: 7.093834E-02  CPU: 2259.4362  WU: 1842.0376 #LI:  500 #ILI:  -1 om:1.0000
Linear solve did not converge due to DIVERGED_ITS iterations 500
Step:  42  CFL:      73715.5  fnorm: 7.135164E-02  CPU: 2342.7678  WU: 1909.9749 #LI:  500 #ILI:  -1 om:1.0000
Linear solve did not converge due to DIVERGED_ITS iterations 500
Step:  43  CFL:       110573  fnorm: 7.248246E-02  CPU: 2425.3557  WU: 1977.3059 #LI:  500 #ILI:  -1 om:1.0000
Linear solve did not converge due to DIVERGED_ITS iterations 500
Step:  44  CFL:       165860  fnorm: 7.414437E-02  CPU: 2508.4379  WU: 2045.0399 #LI:  500 #ILI:  -1 om:1.0000
Linear solve did not converge due to DIVERGED_ITS iterations 500
Step:  45  CFL:       248790  fnorm: 7.949650E-02  CPU: 2592.5130  WU: 2113.5833 #LI:  500 #ILI:  -1 om:1.0000
Linear solve did not converge due to DIVERGED_ITS iterations 500
Step:  46  CFL:       373185  fnorm: 8.051259E-02  CPU: 2676.4190  WU: 2181.9888 #LI:  500 #ILI:  -1 om:1.0000
Linear solve did not converge due to DIVERGED_ITS iterations 500
Step:  47  CFL:       559777  fnorm: 8.087469E-02  CPU: 2760.8293  WU: 2250.8055 #LI:  500 #ILI:  -1 om:1.0000
Linear solve did not converge due to DIVERGED_ITS iterations 500
Step:  48  CFL:       839666  fnorm: 8.085010E-02  CPU: 2843.8028  WU: 2318.4508 #LI:  500 #ILI:  -1 om:1.0000
Linear solve did not converge due to DIVERGED_ITS iterations 500
Step:  49  CFL:   1.2595e+06  fnorm: 8.127270E-02  CPU: 2927.8906  WU: 2387.0046 #LI:  500 #ILI:  -1 om:1.0000
Linear solve did not converge due to DIVERGED_ITS iterations 500
Step:  50  CFL:  1.88925e+06  fnorm: 8.147879E-02  CPU: 3010.9274  WU: 2454.7016 #LI:  500 #ILI:  -1 om:1.0000
Linear solve did not converge due to DIVERGED_ITS iterations 500
Step:  51  CFL:  2.83387e+06  fnorm: 8.138808E-02  CPU: 3094.0247  WU: 2522.4478 #LI:  500 #ILI:  -1 om:1.0000
Linear solve did not converge due to DIVERGED_ITS iterations 500
Step:  52  CFL:  4.25081e+06  fnorm: 8.150129E-02  CPU: 3177.2623  WU: 2590.3085 #LI:  500 #ILI:  -1 om:1.0000
Linear solve did not converge due to DIVERGED_ITS iterations 500
Step:  53  CFL:  6.37622e+06  fnorm: 8.151278E-02  CPU: 3262.6180  WU: 2659.8959 #LI:  500 #ILI:  -1 om:1.0000
Linear solve did not converge due to DIVERGED_ITS iterations 500
Step:  54  CFL:  9.56432e+06  fnorm: 8.149023E-02  CPU: 3346.9868  WU: 2728.6788 #LI:  500 #ILI:  -1 om:1.0000
