Reading local file options/a4_fine_full_qmd.opt for options. 
#PETSc Option Table entries:
-a 4
-angle 10
-B MESH/449-129/n0012_449-129
-C 0.01
-d 2
-exnut 1
-f MESH/449-129/n0012_449-129
-fec MESH/449-129/n0012_449-129
-ita_history_name hst/a4_fine_full_qmd.hst
-ita_target_residual 1e-5
-jacobian_type recanalytic
-ksp_converged_reason
-ksp_max_it 500
-ksp_rtol 1e-3
-ksp_type gmres
-mach 0.15
-max_iter 80
-mesh_type c
-no_distance_weight
-pc_factor_levels 3
-pc_factor_mat_ordering_type qmd
-pc_type ilu
-physics RoeTurbSA2D
-pseudolts_fixed
-recon_condition
-reynolds 6000000
-sol sol/a3_fine
-sol_out sol/xxx
#End of PETSc Option Table entries
Physics classes defined: AUSM2D AUSMP2D AdvDiff Advection Burgers Carreau2D Euler2DAdjoint Euler3D Newtonian2D Poisson Potential PowerLaw2D Roe2D RoeTurbSA2D RoeVisc2D RoeVisc2DAdjoint TurbSA3D ViscBurgers 
DualPhysics classes defined: AUSM2DError AUSMP2DError AdvDiffError AdvectionError BurgersError Carreau2DError Newtonian2DError PoissonError PowerLaw2DError Roe2DError RoeTurbSA2DError RoeVisc2DError ViscBurgersError 
Creating a GRUMMP Geometry in Rank [0] 
Number of points: 960 
Number of edges: 705 
Serendipity interpolation functions are being used for quad elements
ccell2d stencil size: 0, 0, 4, 9, 15
Creating a RoeTurbSA2D Physics object. 
Compressible2DDerived created!!!
flux function 0 
AOA = 0.174533
Min/max recon condition numbers:    7.01299    7533.88
Recon Order: 4 
Min/max recon condition numbers:    7.01299    7533.88
Jacobian is of order: 4 
Beginning Matrix Assembly
Control volumes: 100352, non-zeros: 3241955
Assembled Matrix
KSP Object: 1 MPI processes
  type: gmres
    GMRES: restart=100, using Classical (unmodified) Gram-Schmidt Orthogonalization with no iterative refinement
    GMRES: happy breakdown tolerance 1e-30
  maximum iterations=500, initial guess is zero
  tolerances:  relative=0.001, absolute=1e-16, divergence=10000.
  left preconditioning
  using PRECONDITIONED norm type for convergence test
PC Object: 1 MPI processes
  type: ilu
    ILU: out-of-place factorization
    ILU: Reusing reordering from past factorization
    3 levels of fill
    tolerance for zero pivot 2.22045e-14
    using diagonal shift on blocks to prevent zero pivot [INBLOCKS]
    matrix ordering: qmd
    factor fill ratio given 1., needed 5.39086
      Factored matrix follows:
        Mat Object:         1 MPI processes
          type: seqbaij
          rows=501760, cols=501760, bs=5
          package used to perform factorization: petsc
          total: nonzeros=436922875, allocated nonzeros=436922875
          total number of mallocs used during MatSetValues calls =0
              block size is 5
  linear system matrix = precond matrix:
  Mat Object:   1 MPI processes
    type: seqbaij
    rows=501760, cols=501760, bs=5
    total: nonzeros=81048875, allocated nonzeros=81048875
    total number of mallocs used during MatSetValues calls =0
        block size is 5
Initial fnorm: 264.263 
Linear solve converged due to CONVERGED_RTOL iterations 4
Step:   1  CFL:         0.01  fnorm: 1.902160E+02  CPU:  65.5416  WU:  54.0645 #LI:    4 #ILI:  -1 om:1.0000
Linear solve converged due to CONVERGED_RTOL iterations 1
Step:   2  CFL:        0.015  fnorm: 1.565255E+02  CPU: 130.5882  WU: 107.7208 #LI:    1 #ILI:  -1 om:1.0000
Linear solve converged due to CONVERGED_RTOL iterations 1
Step:   3  CFL:       0.0225  fnorm: 1.293256E+02  CPU: 197.0420  WU: 162.5378 #LI:    1 #ILI:  -1 om:1.0000
Linear solve converged due to CONVERGED_RTOL iterations 1
Step:   4  CFL:      0.03375  fnorm: 1.106949E+02  CPU: 262.4337  WU: 216.4787 #LI:    1 #ILI:  -1 om:1.0000
Linear solve converged due to CONVERGED_RTOL iterations 1
Step:   5  CFL:     0.050625  fnorm: 9.574351E+01  CPU: 328.8544  WU: 271.2684 #LI:    1 #ILI:  -1 om:1.0000
Linear solve converged due to CONVERGED_RTOL iterations 1
Step:   6  CFL:    0.0759375  fnorm: 7.917516E+01  CPU: 396.6548  WU: 327.1963 #LI:    1 #ILI:  -1 om:1.0000
Linear solve converged due to CONVERGED_RTOL iterations 2
Step:   7  CFL:     0.113906  fnorm: 6.377090E+01  CPU: 464.1223  WU: 382.8494 #LI:    2 #ILI:  -1 om:1.0000
Linear solve converged due to CONVERGED_RTOL iterations 2
Step:   8  CFL:     0.170859  fnorm: 5.128887E+01  CPU: 529.1285  WU: 436.4723 #LI:    2 #ILI:  -1 om:1.0000
Linear solve converged due to CONVERGED_RTOL iterations 3
Step:   9  CFL:     0.256289  fnorm: 3.994847E+01  CPU: 594.2034  WU: 490.1519 #LI:    3 #ILI:  -1 om:1.0000
Linear solve converged due to CONVERGED_RTOL iterations 3
Step:  10  CFL:     0.384434  fnorm: 2.999375E+01  CPU: 659.3479  WU: 543.8890 #LI:    3 #ILI:  -1 om:1.0000
Linear solve converged due to CONVERGED_RTOL iterations 3
Step:  11  CFL:      0.57665  fnorm: 2.208473E+01  CPU: 724.5296  WU: 597.6566 #LI:    3 #ILI:  -1 om:1.0000
Linear solve converged due to CONVERGED_RTOL iterations 4
Step:  12  CFL:     0.864976  fnorm: 1.573832E+01  CPU: 790.5115  WU: 652.0843 #LI:    4 #ILI:  -1 om:1.0000
Linear solve converged due to CONVERGED_RTOL iterations 4
Step:  13  CFL:      1.29746  fnorm: 1.091427E+01  CPU: 856.5349  WU: 706.5463 #LI:    4 #ILI:  -1 om:1.0000
Linear solve converged due to CONVERGED_RTOL iterations 4
Step:  14  CFL:       1.9462  fnorm: 7.483384E+00  CPU: 922.9166  WU: 761.3039 #LI:    4 #ILI:  -1 om:1.0000
Linear solve converged due to CONVERGED_RTOL iterations 5
Step:  15  CFL:      2.91929  fnorm: 5.030409E+00  CPU: 989.2785  WU: 816.0451 #LI:    5 #ILI:  -1 om:1.0000
Linear solve converged due to CONVERGED_RTOL iterations 5
Step:  16  CFL:      4.37894  fnorm: 4.192454E+00  CPU: 1055.5300  WU: 870.6952 #LI:    5 #ILI:  -1 om:1.0000
Linear solve converged due to CONVERGED_RTOL iterations 5
Step:  17  CFL:      6.56841  fnorm: 4.291367E+00  CPU: 1121.5383  WU: 925.1448 #LI:    5 #ILI:  -1 om:1.0000
Linear solve converged due to CONVERGED_RTOL iterations 6
Step:  18  CFL:      9.85261  fnorm: 3.975786E+00  CPU: 1187.9207  WU: 979.9029 #LI:    6 #ILI:  -1 om:1.0000
Linear solve converged due to CONVERGED_RTOL iterations 8
Step:  19  CFL:      14.7789  fnorm: 2.919937E+00  CPU: 1254.7205  WU: 1035.0053 #LI:    8 #ILI:  -1 om:1.0000
Linear solve converged due to CONVERGED_RTOL iterations 9
Step:  20  CFL:      22.1684  fnorm: 3.109684E+00  CPU: 1322.1566  WU: 1090.6326 #LI:    9 #ILI:  -1 om:1.0000
Linear solve converged due to CONVERGED_RTOL iterations 12
Step:  21  CFL:      33.2526  fnorm: 3.452804E+00  CPU: 1390.0274  WU: 1146.6185 #LI:   12 #ILI:  -1 om:1.0000
Linear solve converged due to CONVERGED_RTOL iterations 14
Step:  22  CFL:      49.8789  fnorm: 3.371362E+00  CPU: 1461.8000  WU: 1205.8230 #LI:   14 #ILI:  -1 om:0.5000
Linear solve converged due to CONVERGED_RTOL iterations 18
Step:  23  CFL:      49.8789  fnorm: 2.950044E+00  CPU: 1532.1490  WU: 1263.8531 #LI:   18 #ILI:  -1 om:1.0000
Linear solve converged due to CONVERGED_RTOL iterations 36
Step:  24  CFL:      74.8183  fnorm: 1.924308E+00  CPU: 1608.0853  WU: 1326.4921 #LI:   36 #ILI:  -1 om:1.0000
Linear solve converged due to CONVERGED_RTOL iterations 40
Step:  25  CFL:      112.227  fnorm: 2.117795E+00  CPU: 1684.9848  WU: 1389.9257 #LI:   40 #ILI:  -1 om:1.0000
Linear solve converged due to CONVERGED_RTOL iterations 47
Step:  26  CFL:      168.341  fnorm: 1.249310E+00  CPU: 1764.3218  WU: 1455.3699 #LI:   47 #ILI:  -1 om:1.0000
Linear solve converged due to CONVERGED_RTOL iterations 71
Step:  27  CFL:      252.512  fnorm: 1.474760E+00  CPU: 1852.9370  WU: 1528.4677 #LI:   71 #ILI:  -1 om:1.0000
Linear solve converged due to CONVERGED_RTOL iterations 80
Step:  28  CFL:      378.768  fnorm: 1.208088E+00  CPU: 1944.4403  WU: 1603.9477 #LI:   80 #ILI:  -1 om:1.0000
Linear solve converged due to CONVERGED_RTOL iterations 148
Step:  29  CFL:      568.151  fnorm: 7.469932E-01  CPU: 2056.9439  WU: 1696.7507 #LI:  148 #ILI:  -1 om:1.0000
Linear solve converged due to CONVERGED_RTOL iterations 191
Step:  30  CFL:      852.227  fnorm: 3.248132E-01  CPU: 2185.6868  WU: 1802.9494 #LI:  191 #ILI:  -1 om:1.0000
Linear solve converged due to CONVERGED_RTOL iterations 199
Step:  31  CFL:      1278.34  fnorm: 2.125436E-01  CPU: 2316.4533  WU: 1910.8172 #LI:  199 #ILI:  -1 om:1.0000
Linear solve converged due to CONVERGED_RTOL iterations 339
Step:  32  CFL:      1917.51  fnorm: 5.499260E-02  CPU: 2491.8563  WU: 2055.5052 #LI:  339 #ILI:  -1 om:1.0000
Linear solve converged due to CONVERGED_RTOL iterations 479
Step:  33  CFL:      2876.27  fnorm: 1.638826E-02  CPU: 2717.5438  WU: 2241.6724 #LI:  479 #ILI:  -1 om:1.0000
Linear solve did not converge due to DIVERGED_ITS iterations 500
Step:  34  CFL:       4314.4  fnorm: 1.740965E-02  CPU: 2951.6952  WU: 2434.8214 #LI:  500 #ILI:  -1 om:1.0000
Linear solve converged due to CONVERGED_RTOL iterations 498
Step:  35  CFL:       6471.6  fnorm: 7.202600E-03  CPU: 3180.6298  WU: 2623.6670 #LI:  498 #ILI:  -1 om:1.0000
Linear solve converged due to CONVERGED_RTOL iterations 396
Step:  36  CFL:       9707.4  fnorm: 2.210581E-03  CPU: 3376.1010  WU: 2784.9091 #LI:  396 #ILI:  -1 om:1.0000
Linear solve did not converge due to DIVERGED_ITS iterations 500
Step:  37  CFL:      14561.1  fnorm: 2.253025E-04  CPU: 3605.7544  WU: 2974.3477 #LI:  500 #ILI:  -1 om:1.0000
Linear solve did not converge due to DIVERGED_ITS iterations 500
Step:  38  CFL:      21841.6  fnorm: 1.474475E-05  CPU: 3838.7218  WU: 3166.5200 #LI:  500 #ILI:  -1 om:1.0000
Linear solve did not converge due to DIVERGED_ITS iterations 500
Step:  39  CFL:      32762.5  fnorm: 1.213101E-06  CPU: 4068.5879  WU: 3356.1341 #LI:  500 #ILI:  -1 om:1.0000
FI Time : 1.21228
Jac Time : 878.106
KSP Time : 3122.44
Min/max recon condition numbers:    1.00115    10.6521
Number of CVs: 100352
Order: 4
Viscous ForceX: 6.89477e-05
Viscous ForceY: 1.28056e-05
ForceX: -0.00206225
ForceY: 0.0120941
Lift coeff due to pressure: 1.09053
Lift coeff due to viscosity: 5.67474e-05
Drag coeff due to pressure: 0.00615111
Drag coeff due to viscosity: 0.00623323
C_L         C_D         C_D (shear) #NLI    #LI     
1.0905e+00  6.1511e-03  6.2332e-03  39      4640    
Min/max recon condition numbers:    7.01299    7533.88
