Reading local file options/a4_medium_full_qmd.opt for options. 
#PETSc Option Table entries:
-a 4
-angle 10
-B MESH/225-65/n0012_225-65
-C 0.01
-d 2
-exnut 1
-f MESH/225-65/n0012_225-65
-fec MESH/225-65/n0012_225-65
-ita_history_name hst/a4_medium_full_qmd.hst
-ita_target_residual 1e-5
-jacobian_type recanalytic
-ksp_converged_reason
-ksp_max_it 500
-ksp_rtol 1e-3
-ksp_type gmres
-mach 0.15
-max_iter 80
-mesh_type c
-no_distance_weight
-pc_factor_levels 3
-pc_factor_mat_ordering_type qmd
-pc_type ilu
-physics RoeTurbSA2D
-pseudolts_fixed
-recon_condition
-reynolds 6000000
-sol sol/a3_medium
-sol_out sol/xxx
#End of PETSc Option Table entries
Physics classes defined: AUSM2D AUSMP2D AdvDiff Advection Burgers Carreau2D Euler2DAdjoint Euler3D Newtonian2D Poisson Potential PowerLaw2D Roe2D RoeTurbSA2D RoeVisc2D RoeVisc2DAdjoint TurbSA3D ViscBurgers 
DualPhysics classes defined: AUSM2DError AUSMP2DError AdvDiffError AdvectionError BurgersError Carreau2DError Newtonian2DError PoissonError PowerLaw2DError Roe2DError RoeTurbSA2DError RoeVisc2DError ViscBurgersError 
Creating a GRUMMP Geometry in Rank [0] 
Number of points: 480 
Number of edges: 353 
Serendipity interpolation functions are being used for quad elements
ccell2d stencil size: 0, 0, 4, 9, 15
Creating a RoeTurbSA2D Physics object. 
Compressible2DDerived created!!!
flux function 0 
AOA = 0.174533
Min/max recon condition numbers:    7.26496    12354.6
Recon Order: 4 
Min/max recon condition numbers:    7.26496    12354.6
Jacobian is of order: 4 
Beginning Matrix Assembly
Control volumes: 25088, non-zeros: 807395
Assembled Matrix
KSP Object: 1 MPI processes
  type: gmres
    GMRES: restart=100, using Classical (unmodified) Gram-Schmidt Orthogonalization with no iterative refinement
    GMRES: happy breakdown tolerance 1e-30
  maximum iterations=500, initial guess is zero
  tolerances:  relative=0.001, absolute=1e-16, divergence=10000.
  left preconditioning
  using PRECONDITIONED norm type for convergence test
PC Object: 1 MPI processes
  type: ilu
    ILU: out-of-place factorization
    ILU: Reusing reordering from past factorization
    3 levels of fill
    tolerance for zero pivot 2.22045e-14
    using diagonal shift on blocks to prevent zero pivot [INBLOCKS]
    matrix ordering: qmd
    factor fill ratio given 1., needed 5.22802
      Factored matrix follows:
        Mat Object:         1 MPI processes
          type: seqbaij
          rows=125440, cols=125440, bs=5
          package used to perform factorization: petsc
          total: nonzeros=105526850, allocated nonzeros=105526850
          total number of mallocs used during MatSetValues calls =0
              block size is 5
  linear system matrix = precond matrix:
  Mat Object:   1 MPI processes
    type: seqbaij
    rows=125440, cols=125440, bs=5
    total: nonzeros=20184875, allocated nonzeros=20184875
    total number of mallocs used during MatSetValues calls =0
        block size is 5
Initial fnorm: 384.256 
Linear solve converged due to CONVERGED_RTOL iterations 3
Step:   1  CFL:         0.01  fnorm: 2.079298E+02  CPU:  15.2897  WU:  52.2780 #LI:    3 #ILI:  -1 om:1.0000
Linear solve converged due to CONVERGED_RTOL iterations 2
Step:   2  CFL:        0.015  fnorm: 1.701339E+02  CPU:  30.7612  WU: 105.1773 #LI:    2 #ILI:  -1 om:1.0000
Linear solve converged due to CONVERGED_RTOL iterations 1
Step:   3  CFL:       0.0225  fnorm: 1.527743E+02  CPU:  46.0945  WU: 157.6041 #LI:    1 #ILI:  -1 om:1.0000
Linear solve converged due to CONVERGED_RTOL iterations 2
Step:   4  CFL:      0.03375  fnorm: 1.364410E+02  CPU:  61.4929  WU: 210.2537 #LI:    2 #ILI:  -1 om:1.0000
Linear solve converged due to CONVERGED_RTOL iterations 2
Step:   5  CFL:     0.050625  fnorm: 1.219569E+02  CPU:  76.8429  WU: 262.7378 #LI:    2 #ILI:  -1 om:1.0000
Linear solve converged due to CONVERGED_RTOL iterations 2
Step:   6  CFL:    0.0759375  fnorm: 1.072652E+02  CPU:  92.2761  WU: 315.5061 #LI:    2 #ILI:  -1 om:1.0000
Linear solve converged due to CONVERGED_RTOL iterations 3
Step:   7  CFL:     0.113906  fnorm: 9.227231E+01  CPU: 107.6842  WU: 368.1889 #LI:    3 #ILI:  -1 om:1.0000
Linear solve converged due to CONVERGED_RTOL iterations 3
Step:   8  CFL:     0.170859  fnorm: 7.812364E+01  CPU: 123.4252  WU: 422.0097 #LI:    3 #ILI:  -1 om:1.0000
Linear solve converged due to CONVERGED_RTOL iterations 3
Step:   9  CFL:     0.256289  fnorm: 6.535746E+01  CPU: 139.3651  WU: 476.5107 #LI:    3 #ILI:  -1 om:1.0000
Linear solve converged due to CONVERGED_RTOL iterations 3
Step:  10  CFL:     0.384434  fnorm: 5.436877E+01  CPU: 154.7773  WU: 529.2075 #LI:    3 #ILI:  -1 om:1.0000
Linear solve converged due to CONVERGED_RTOL iterations 3
Step:  11  CFL:      0.57665  fnorm: 4.498214E+01  CPU: 170.3158  WU: 582.3359 #LI:    3 #ILI:  -1 om:1.0000
Linear solve converged due to CONVERGED_RTOL iterations 3
Step:  12  CFL:     0.864976  fnorm: 3.673469E+01  CPU: 185.7091  WU: 634.9680 #LI:    3 #ILI:  -1 om:1.0000
Linear solve converged due to CONVERGED_RTOL iterations 3
Step:  13  CFL:      1.29746  fnorm: 2.931873E+01  CPU: 201.1643  WU: 687.8119 #LI:    3 #ILI:  -1 om:1.0000
Linear solve converged due to CONVERGED_RTOL iterations 3
Step:  14  CFL:       1.9462  fnorm: 2.274191E+01  CPU: 216.6186  WU: 740.6525 #LI:    3 #ILI:  -1 om:1.0000
Linear solve converged due to CONVERGED_RTOL iterations 4
Step:  15  CFL:      2.91929  fnorm: 1.724402E+01  CPU: 232.0593  WU: 793.4465 #LI:    4 #ILI:  -1 om:1.0000
Linear solve converged due to CONVERGED_RTOL iterations 4
Step:  16  CFL:      4.37894  fnorm: 1.302777E+01  CPU: 247.5401  WU: 846.3778 #LI:    4 #ILI:  -1 om:1.0000
Linear solve converged due to CONVERGED_RTOL iterations 5
Step:  17  CFL:      6.56841  fnorm: 9.841353E+00  CPU: 263.1363  WU: 899.7036 #LI:    5 #ILI:  -1 om:1.0000
Linear solve converged due to CONVERGED_RTOL iterations 6
Step:  18  CFL:      9.85261  fnorm: 7.229081E+00  CPU: 278.8585  WU: 953.4603 #LI:    6 #ILI:  -1 om:1.0000
Linear solve converged due to CONVERGED_RTOL iterations 8
Step:  19  CFL:      14.7789  fnorm: 5.193233E+00  CPU: 294.7611  WU: 1007.8338 #LI:    8 #ILI:  -1 om:1.0000
Linear solve converged due to CONVERGED_RTOL iterations 9
Step:  20  CFL:      22.1684  fnorm: 3.671385E+00  CPU: 310.6028  WU: 1061.9988 #LI:    9 #ILI:  -1 om:1.0000
Linear solve converged due to CONVERGED_RTOL iterations 12
Step:  21  CFL:      33.2526  fnorm: 2.375090E+00  CPU: 326.7933  WU: 1117.3568 #LI:   12 #ILI:  -1 om:1.0000
Linear solve converged due to CONVERGED_RTOL iterations 13
Step:  22  CFL:      49.8789  fnorm: 2.148679E+00  CPU: 342.8709  WU: 1172.3285 #LI:   13 #ILI:  -1 om:1.0000
Linear solve converged due to CONVERGED_RTOL iterations 17
Step:  23  CFL:      74.8183  fnorm: 1.486077E+00  CPU: 359.3058  WU: 1228.5220 #LI:   17 #ILI:  -1 om:1.0000
Linear solve converged due to CONVERGED_RTOL iterations 18
Step:  24  CFL:      112.227  fnorm: 1.541435E+00  CPU: 375.8386  WU: 1285.0504 #LI:   18 #ILI:  -1 om:1.0000
Linear solve converged due to CONVERGED_RTOL iterations 22
Step:  25  CFL:      168.341  fnorm: 7.131320E-01  CPU: 392.7185  WU: 1342.7652 #LI:   22 #ILI:  -1 om:1.0000
Linear solve converged due to CONVERGED_RTOL iterations 36
Step:  26  CFL:      252.512  fnorm: 5.300693E-01  CPU: 410.5059  WU: 1403.5831 #LI:   36 #ILI:  -1 om:1.0000
Linear solve converged due to CONVERGED_RTOL iterations 51
Step:  27  CFL:      378.768  fnorm: 4.288010E-01  CPU: 430.3388  WU: 1471.3948 #LI:   51 #ILI:  -1 om:0.5000
Linear solve converged due to CONVERGED_RTOL iterations 52
Step:  28  CFL:      378.768  fnorm: 5.033533E-01  CPU: 449.3435  WU: 1536.3746 #LI:   52 #ILI:  -1 om:1.0000
Linear solve converged due to CONVERGED_RTOL iterations 57
Step:  29  CFL:      568.151  fnorm: 3.711530E-01  CPU: 468.6534  WU: 1602.3983 #LI:   57 #ILI:  -1 om:1.0000
Linear solve converged due to CONVERGED_RTOL iterations 66
Step:  30  CFL:      852.227  fnorm: 9.656047E-02  CPU: 488.7773  WU: 1671.2052 #LI:   66 #ILI:  -1 om:1.0000
Linear solve converged due to CONVERGED_RTOL iterations 75
Step:  31  CFL:      1278.34  fnorm: 3.421960E-02  CPU: 509.5252  WU: 1742.1453 #LI:   75 #ILI:  -1 om:1.0000
Linear solve converged due to CONVERGED_RTOL iterations 74
Step:  32  CFL:      1917.51  fnorm: 2.016182E-02  CPU: 530.1582  WU: 1812.6927 #LI:   74 #ILI:  -1 om:1.0000
Linear solve converged due to CONVERGED_RTOL iterations 74
Step:  33  CFL:      2876.27  fnorm: 7.962892E-03  CPU: 550.8678  WU: 1883.5022 #LI:   74 #ILI:  -1 om:1.0000
Linear solve converged due to CONVERGED_RTOL iterations 76
Step:  34  CFL:       4314.4  fnorm: 2.339128E-03  CPU: 571.6764  WU: 1954.6499 #LI:   76 #ILI:  -1 om:1.0000
Linear solve converged due to CONVERGED_RTOL iterations 78
Step:  35  CFL:       6471.6  fnorm: 6.660707E-04  CPU: 592.8155  WU: 2026.9276 #LI:   78 #ILI:  -1 om:1.0000
Linear solve converged due to CONVERGED_RTOL iterations 83
Step:  36  CFL:       9707.4  fnorm: 7.196527E-05  CPU: 614.3534  WU: 2100.5691 #LI:   83 #ILI:  -1 om:1.0000
Linear solve converged due to CONVERGED_RTOL iterations 80
Step:  37  CFL:      14561.1  fnorm: 7.034451E-06  CPU: 635.5569  WU: 2173.0670 #LI:   80 #ILI:  -1 om:1.0000
FI Time : 0.29247
Jac Time : 203.887
KSP Time : 416.019
Min/max recon condition numbers:    1.00029     11.045
Number of CVs: 25088
Order: 4
Viscous ForceX: 6.48647e-05
Viscous ForceY: 9.69573e-06
ForceX: -0.0020791
ForceY: 0.012144
Lift coeff due to pressure: 1.09516
Lift coeff due to viscosity: -0.000152463
Drag coeff due to pressure: 0.00544617
Drag coeff due to viscosity: 0.00582781
C_L         C_D         C_D (shear) #NLI    #LI     
1.0952e+00  5.4462e-03  5.8278e-03  37      956     
Min/max recon condition numbers:    7.26496    12354.6
