Reading local file options/a4_medium_ksp_lines.opt for options. 
#PETSc Option Table entries:
-a 4
-angle 10
-B MESH/225-65/n0012_225-65
-C 0.01
-d 2
-exnut 1
-f MESH/225-65/n0012_225-65
-fec MESH/225-65/n0012_225-65
-ita_history_name hst/a4_medium_ksp_lines.hst
-ita_target_residual 1e-5
-jacobian_type recanalytic
-ksp_converged_reason
-ksp_ksp_max_it 10
-ksp_ksp_type gmres
-ksp_max_it 500
-ksp_pc_factor_levels 0
-ksp_pc_factor_mat_ordering_type lines
-ksp_pc_type ilu
-ksp_rtol 1e-3
-ksp_type fgmres
-mach 0.15
-max_iter 80
-mesh_type c
-mu 1e-5
-no_distance_weight
-pc_type ksp
-physics RoeTurbSA2D
-pre_order 1
-pseudolts_fixed
-recon_condition
-reynolds 6000000
-sol sol/a3_medium
-sol_out sol/xxx
-vv 1
#End of PETSc Option Table entries
Physics classes defined: AUSM2D AUSMP2D AdvDiff Advection Burgers Carreau2D Euler2DAdjoint Euler3D Newtonian2D Poisson Potential PowerLaw2D Roe2D RoeTurbSA2D RoeVisc2D RoeVisc2DAdjoint TurbSA3D ViscBurgers 
DualPhysics classes defined: AUSM2DError AUSMP2DError AdvDiffError AdvectionError BurgersError Carreau2DError Newtonian2DError PoissonError PowerLaw2DError Roe2DError RoeTurbSA2DError RoeVisc2DError ViscBurgersError 
Creating a GRUMMP Geometry in Rank [0] 
Number of points: 480 
Number of edges: 353 
Serendipity interpolation functions are being used for quad elements
ccell2d stencil size: 0, 0, 4, 9, 15
Creating a RoeTurbSA2D Physics object. 
Compressible2DDerived created!!!
flux function 0 
AOA = 0.174533
Min/max recon condition numbers:    7.26496    12354.6
Recon Order: 4 
Min/max recon condition numbers:    7.26496    12354.6
Jacobian is of order: 4 
Beginning Matrix Assembly
Control volumes: 25088, non-zeros: 807395
Assembled Matrix
Min/max recon condition numbers:    1.00029     11.045
Physics space dimensions: 2 
Creating a Advection Physics object. 
Physics space dimensions: 2 
Creating a Poisson Physics object. 
Physics space dimensions: 2 
Beginning Matrix Assembly
Control volumes: 25088, non-zeros: 103456
Assembled Matrix
FOUND WIEGHTS. 
Creating a recon of order 1 for JacInteg 
Beginning Matrix Assembly
Control volumes: 25088, non-zeros: 103456
Assembled Matrix
reordering using the lines ... 
KSP Object: 1 MPI processes
  type: fgmres
    GMRES: restart=100, using Classical (unmodified) Gram-Schmidt Orthogonalization with no iterative refinement
    GMRES: happy breakdown tolerance 1e-30
  maximum iterations=500, initial guess is zero
  tolerances:  relative=0.001, absolute=1e-16, divergence=10000.
  right preconditioning
  using UNPRECONDITIONED norm type for convergence test
PC Object: 1 MPI processes
  type: ksp
  KSP and PC on KSP preconditioner follow
  ---------------------------------
    KSP Object:    (ksp_)     1 MPI processes
      type: gmres
        GMRES: restart=30, using Classical (unmodified) Gram-Schmidt Orthogonalization with no iterative refinement
        GMRES: happy breakdown tolerance 1e-30
      maximum iterations=10, initial guess is zero
      tolerances:  relative=1e-05, absolute=1e-50, divergence=10000.
      left preconditioning
      using PRECONDITIONED norm type for convergence test
    PC Object:    (ksp_)     1 MPI processes
      type: ilu
        ILU: out-of-place factorization
        0 levels of fill
        tolerance for zero pivot 2.22045e-14
        matrix ordering: lines
        factor fill ratio given 1., needed 1.
          Factored matrix follows:
            Mat Object:             1 MPI processes
              type: seqbaij
              rows=125440, cols=125440, bs=5
              package used to perform factorization: petsc
              total: nonzeros=2586400, allocated nonzeros=2586400
              total number of mallocs used during MatSetValues calls =0
                  block size is 5
      linear system matrix = precond matrix:
      Mat Object:       1 MPI processes
        type: seqbaij
        rows=125440, cols=125440, bs=5
        total: nonzeros=2586400, allocated nonzeros=2586400
        total number of mallocs used during MatSetValues calls =0
            block size is 5
  ---------------------------------
  linear system matrix followed by preconditioner matrix:
  Mat Object:   1 MPI processes
    type: seqbaij
    rows=125440, cols=125440, bs=5
    total: nonzeros=20184875, allocated nonzeros=20184875
    total number of mallocs used during MatSetValues calls =0
        block size is 5
  Mat Object:   1 MPI processes
    type: seqbaij
    rows=125440, cols=125440, bs=5
    total: nonzeros=2586400, allocated nonzeros=2586400
    total number of mallocs used during MatSetValues calls =0
        block size is 5
Initial fnorm: 384.256 
Linear solve converged due to CONVERGED_RTOL iterations 8
Step:   1  CFL:         0.01  fnorm: 2.079197E+02  CPU:   7.1822  WU:  24.4119 #LI:    8 #ILI:  -1 om:1.0000
Linear solve converged due to CONVERGED_RTOL iterations 9
Step:   2  CFL:        0.015  fnorm: 1.701317E+02  CPU:  14.5001  WU:  49.2852 #LI:    9 #ILI:  -1 om:1.0000
Linear solve converged due to CONVERGED_RTOL iterations 8
Step:   3  CFL:       0.0225  fnorm: 1.527743E+02  CPU:  21.7948  WU:  74.0796 #LI:    8 #ILI:  -1 om:1.0000
Linear solve converged due to CONVERGED_RTOL iterations 8
Step:   4  CFL:      0.03375  fnorm: 1.364385E+02  CPU:  29.0860  WU:  98.8619 #LI:    8 #ILI:  -1 om:1.0000
Linear solve converged due to CONVERGED_RTOL iterations 9
Step:   5  CFL:     0.050625  fnorm: 1.219545E+02  CPU:  36.4533  WU: 123.9030 #LI:    9 #ILI:  -1 om:1.0000
Linear solve converged due to CONVERGED_RTOL iterations 10
Step:   6  CFL:    0.0759375  fnorm: 1.072624E+02  CPU:  43.8531  WU: 149.0546 #LI:   10 #ILI:  -1 om:1.0000
Linear solve converged due to CONVERGED_RTOL iterations 10
Step:   7  CFL:     0.113906  fnorm: 9.227016E+01  CPU:  51.2622  WU: 174.2378 #LI:   10 #ILI:  -1 om:1.0000
^[[A^[[A^[[ALinear solve converged due to CONVERGED_RTOL iterations 11
Step:   8  CFL:     0.170859  fnorm: 7.812349E+01  CPU:  58.7249  WU: 199.6032 #LI:   11 #ILI:  -1 om:1.0000
Linear solve converged due to CONVERGED_RTOL iterations 12
Step:   9  CFL:     0.256289  fnorm: 6.535768E+01  CPU:  66.4144  WU: 225.7397 #LI:   12 #ILI:  -1 om:1.0000
Linear solve converged due to CONVERGED_RTOL iterations 13
Step:  10  CFL:     0.384434  fnorm: 5.436864E+01  CPU:  74.0044  WU: 251.5376 #LI:   13 #ILI:  -1 om:1.0000
Linear solve converged due to CONVERGED_RTOL iterations 15
Step:  11  CFL:      0.57665  fnorm: 4.498132E+01  CPU:  81.9943  WU: 278.6948 #LI:   15 #ILI:  -1 om:1.0000
Linear solve converged due to CONVERGED_RTOL iterations 17
Step:  12  CFL:     0.864976  fnorm: 3.673393E+01  CPU:  90.1681  WU: 306.4773 #LI:   17 #ILI:  -1 om:1.0000
Linear solve converged due to CONVERGED_RTOL iterations 18
Step:  13  CFL:      1.29746  fnorm: 2.931785E+01  CPU:  98.5938  WU: 335.1161 #LI:   18 #ILI:  -1 om:1.0000
Linear solve converged due to CONVERGED_RTOL iterations 21
Step:  14  CFL:       1.9462  fnorm: 2.273791E+01  CPU: 107.5809  WU: 365.6628 #LI:   21 #ILI:  -1 om:1.0000
Linear solve converged due to CONVERGED_RTOL iterations 23
Step:  15  CFL:      2.91929  fnorm: 1.724140E+01  CPU: 116.4474  WU: 395.7995 #LI:   23 #ILI:  -1 om:1.0000
Linear solve converged due to CONVERGED_RTOL iterations 25
Step:  16  CFL:      4.37894  fnorm: 1.301417E+01  CPU: 125.1186  WU: 425.2727 #LI:   25 #ILI:  -1 om:1.0000
Linear solve converged due to CONVERGED_RTOL iterations 28
Step:  17  CFL:      6.56841  fnorm: 9.825416E+00  CPU: 134.0000  WU: 455.4601 #LI:   28 #ILI:  -1 om:1.0000
Linear solve converged due to CONVERGED_RTOL iterations 31
Step:  18  CFL:      9.85261  fnorm: 7.196850E+00  CPU: 143.1030  WU: 486.4006 #LI:   31 #ILI:  -1 om:1.0000
Linear solve converged due to CONVERGED_RTOL iterations 34
Step:  19  CFL:      14.7789  fnorm: 5.158941E+00  CPU: 152.5863  WU: 518.6339 #LI:   34 #ILI:  -1 om:1.0000
Linear solve converged due to CONVERGED_RTOL iterations 37
Step:  20  CFL:      22.1684  fnorm: 3.526089E+00  CPU: 162.2698  WU: 551.5479 #LI:   37 #ILI:  -1 om:1.0000
Linear solve converged due to CONVERGED_RTOL iterations 42
Step:  21  CFL:      33.2526  fnorm: 2.198726E+00  CPU: 172.2731  WU: 585.5487 #LI:   42 #ILI:  -1 om:1.0000
Linear solve converged due to CONVERGED_RTOL iterations 49
Step:  22  CFL:      49.8789  fnorm: 1.224333E+00  CPU: 182.8095  WU: 621.3614 #LI:   49 #ILI:  -1 om:1.0000
Linear solve converged due to CONVERGED_RTOL iterations 54
Step:  23  CFL:      74.8183  fnorm: 5.944570E-01  CPU: 193.6950  WU: 658.3608 #LI:   54 #ILI:  -1 om:1.0000
Linear solve converged due to CONVERGED_RTOL iterations 61
Step:  24  CFL:      112.227  fnorm: 2.677903E-01  CPU: 204.9894  WU: 696.7500 #LI:   61 #ILI:  -1 om:1.0000
Linear solve converged due to CONVERGED_RTOL iterations 65
Step:  25  CFL:      168.341  fnorm: 1.282370E-01  CPU: 216.7879  WU: 736.8524 #LI:   65 #ILI:  -1 om:1.0000
Linear solve converged due to CONVERGED_RTOL iterations 70
Step:  26  CFL:      252.512  fnorm: 7.874859E-02  CPU: 228.5437  WU: 776.8098 #LI:   70 #ILI:  -1 om:1.0000
Linear solve converged due to CONVERGED_RTOL iterations 77
Step:  27  CFL:      378.768  fnorm: 6.026910E-02  CPU: 240.8017  WU: 818.4743 #LI:   77 #ILI:  -1 om:1.0000
Linear solve converged due to CONVERGED_RTOL iterations 91
Step:  28  CFL:      568.151  fnorm: 3.905955E-02  CPU: 254.2411  WU: 864.1541 #LI:   91 #ILI:  -1 om:1.0000
Linear solve converged due to CONVERGED_RTOL iterations 120
Step:  29  CFL:      852.227  fnorm: 1.800069E-02  CPU: 269.8593  WU: 917.2397 #LI:  120 #ILI:  -1 om:1.0000
Linear solve converged due to CONVERGED_RTOL iterations 132
Step:  30  CFL:      1278.34  fnorm: 6.332188E-03  CPU: 285.8791  WU: 971.6901 #LI:  132 #ILI:  -1 om:1.0000
Linear solve converged due to CONVERGED_RTOL iterations 153
Step:  31  CFL:      1917.51  fnorm: 1.829304E-03  CPU: 303.3919  WU: 1031.2154 #LI:  153 #ILI:  -1 om:1.0000
Linear solve converged due to CONVERGED_RTOL iterations 161
Step:  32  CFL:      2876.27  fnorm: 4.149799E-04  CPU: 321.5746  WU: 1093.0178 #LI:  161 #ILI:  -1 om:1.0000
Linear solve converged due to CONVERGED_RTOL iterations 174
Step:  33  CFL:       4314.4  fnorm: 7.125408E-05  CPU: 340.7813  WU: 1158.3005 #LI:  174 #ILI:  -1 om:1.0000
Linear solve converged due to CONVERGED_RTOL iterations 191
Step:  34  CFL:       6471.6  fnorm: 9.718066E-06  CPU: 361.4777  WU: 1228.6466 #LI:  191 #ILI:  -1 om:1.0000
FI Time : 0.294208
Jac Time : 229.624
KSP Time : 117.961
Min/max recon condition numbers:    1.00029     11.045
Number of CVs: 25088
Order: 4
Viscous ForceX: 6.48645e-05
Viscous ForceY: 9.69568e-06
ForceX: -0.00207909
ForceY: 0.0121439
Lift coeff due to pressure: 1.09515
Lift coeff due to viscosity: -0.000152465
Drag coeff due to pressure: 0.00544652
Drag coeff due to viscosity: 0.0058278
C_L         C_D         C_D (shear) #NLI    #LI     
1.0952e+00  5.4465e-03  5.8278e-03  34      1787    
Min/max recon condition numbers:    7.26496    12354.6
