Reading local file options/a4_medium_ksp_rcm.opt for options. 
#PETSc Option Table entries:
-a 4
-angle 10
-B MESH/225-65/n0012_225-65
-C 0.01
-d 2
-exnut 1
-f MESH/225-65/n0012_225-65
-fec MESH/225-65/n0012_225-65
-ita_history_name hst/a4_medium_ksp_rcm.hst
-ita_target_residual 1e-5
-jacobian_type recanalytic
-ksp_converged_reason
-ksp_ksp_max_it 10
-ksp_ksp_type gmres
-ksp_max_it 500
-ksp_pc_factor_levels 0
-ksp_pc_factor_mat_ordering_type rcm
-ksp_pc_type ilu
-ksp_rtol 1e-3
-ksp_type fgmres
-mach 0.15
-max_iter 80
-mesh_type c
-no_distance_weight
-pc_type ksp
-physics RoeTurbSA2D
-pre_order 1
-pseudolts_fixed
-recon_condition
-reynolds 6000000
-sol sol/a3_medium
-sol_out sol/xxx
#End of PETSc Option Table entries
Physics classes defined: AUSM2D AUSMP2D AdvDiff Advection Burgers Carreau2D Euler2DAdjoint Euler3D Newtonian2D Poisson Potential PowerLaw2D Roe2D RoeTurbSA2D RoeVisc2D RoeVisc2DAdjoint TurbSA3D ViscBurgers 
DualPhysics classes defined: AUSM2DError AUSMP2DError AdvDiffError AdvectionError BurgersError Carreau2DError Newtonian2DError PoissonError PowerLaw2DError Roe2DError RoeTurbSA2DError RoeVisc2DError ViscBurgersError 
Creating a GRUMMP Geometry in Rank [0] 
Number of points: 480 
Number of edges: 353 
Serendipity interpolation functions are being used for quad elements
ccell2d stencil size: 0, 0, 4, 9, 15
Creating a RoeTurbSA2D Physics object. 
Compressible2DDerived created!!!
flux function 0 
AOA = 0.174533
Min/max recon condition numbers:    7.26496    12354.6
Recon Order: 4 
Min/max recon condition numbers:    7.26496    12354.6
Jacobian is of order: 4 
Beginning Matrix Assembly
Control volumes: 25088, non-zeros: 807395
Assembled Matrix
Creating a recon of order 1 for JacInteg 
Beginning Matrix Assembly
Control volumes: 25088, non-zeros: 103456
Assembled Matrix
KSP Object: 1 MPI processes
  type: fgmres
    GMRES: restart=100, using Classical (unmodified) Gram-Schmidt Orthogonalization with no iterative refinement
    GMRES: happy breakdown tolerance 1e-30
  maximum iterations=500, initial guess is zero
  tolerances:  relative=0.001, absolute=1e-16, divergence=10000.
  right preconditioning
  using UNPRECONDITIONED norm type for convergence test
PC Object: 1 MPI processes
  type: ksp
  KSP and PC on KSP preconditioner follow
  ---------------------------------
    KSP Object:    (ksp_)     1 MPI processes
      type: gmres
        GMRES: restart=30, using Classical (unmodified) Gram-Schmidt Orthogonalization with no iterative refinement
        GMRES: happy breakdown tolerance 1e-30
      maximum iterations=10, initial guess is zero
      tolerances:  relative=1e-05, absolute=1e-50, divergence=10000.
      left preconditioning
      using PRECONDITIONED norm type for convergence test
    PC Object:    (ksp_)     1 MPI processes
      type: ilu
        ILU: out-of-place factorization
        0 levels of fill
        tolerance for zero pivot 2.22045e-14
        matrix ordering: rcm
        factor fill ratio given 1., needed 1.
          Factored matrix follows:
            Mat Object:             1 MPI processes
              type: seqbaij
              rows=125440, cols=125440, bs=5
              package used to perform factorization: petsc
              total: nonzeros=2586400, allocated nonzeros=2586400
              total number of mallocs used during MatSetValues calls =0
                  block size is 5
      linear system matrix = precond matrix:
      Mat Object:       1 MPI processes
        type: seqbaij
        rows=125440, cols=125440, bs=5
        total: nonzeros=2586400, allocated nonzeros=2586400
        total number of mallocs used during MatSetValues calls =0
            block size is 5
  ---------------------------------
  linear system matrix followed by preconditioner matrix:
  Mat Object:   1 MPI processes
    type: seqbaij
    rows=125440, cols=125440, bs=5
    total: nonzeros=20184875, allocated nonzeros=20184875
    total number of mallocs used during MatSetValues calls =0
        block size is 5
  Mat Object:   1 MPI processes
    type: seqbaij
    rows=125440, cols=125440, bs=5
    total: nonzeros=2586400, allocated nonzeros=2586400
    total number of mallocs used during MatSetValues calls =0
        block size is 5
Initial fnorm: 384.256 
Linear solve converged due to CONVERGED_RTOL iterations 8
Step:   1  CFL:         0.01  fnorm: 2.079197E+02  CPU:   7.4907  WU:  24.9369 #LI:    8 #ILI:  -1 om:1.0000
Linear solve converged due to CONVERGED_RTOL iterations 9
Step:   2  CFL:        0.015  fnorm: 1.701317E+02  CPU:  15.2404  WU:  50.7362 #LI:    9 #ILI:  -1 om:1.0000
Linear solve converged due to CONVERGED_RTOL iterations 8
Step:   3  CFL:       0.0225  fnorm: 1.527743E+02  CPU:  22.8587  WU:  76.0981 #LI:    8 #ILI:  -1 om:1.0000
Linear solve converged due to CONVERGED_RTOL iterations 8
Step:   4  CFL:      0.03375  fnorm: 1.364385E+02  CPU:  30.4839  WU: 101.4827 #LI:    8 #ILI:  -1 om:1.0000
Linear solve converged due to CONVERGED_RTOL iterations 9
Step:   5  CFL:     0.050625  fnorm: 1.219545E+02  CPU:  38.2111  WU: 127.2071 #LI:    9 #ILI:  -1 om:1.0000
Linear solve converged due to CONVERGED_RTOL iterations 10
Step:   6  CFL:    0.0759375  fnorm: 1.072624E+02  CPU:  46.0162  WU: 153.1909 #LI:   10 #ILI:  -1 om:1.0000
Linear solve converged due to CONVERGED_RTOL iterations 10
Step:   7  CFL:     0.113906  fnorm: 9.227016E+01  CPU:  53.8772  WU: 179.3605 #LI:   10 #ILI:  -1 om:1.0000
Linear solve converged due to CONVERGED_RTOL iterations 11
Step:   8  CFL:     0.170859  fnorm: 7.812349E+01  CPU:  61.7255  WU: 205.4880 #LI:   11 #ILI:  -1 om:1.0000
Linear solve converged due to CONVERGED_RTOL iterations 12
Step:   9  CFL:     0.256289  fnorm: 6.535768E+01  CPU:  69.7233  WU: 232.1132 #LI:   12 #ILI:  -1 om:1.0000
Linear solve converged due to CONVERGED_RTOL iterations 13
Step:  10  CFL:     0.384434  fnorm: 5.436864E+01  CPU:  77.8240  WU: 259.0810 #LI:   13 #ILI:  -1 om:1.0000
Linear solve converged due to CONVERGED_RTOL iterations 15
Step:  11  CFL:      0.57665  fnorm: 4.498132E+01  CPU:  85.9504  WU: 286.1340 #LI:   15 #ILI:  -1 om:1.0000
Linear solve converged due to CONVERGED_RTOL iterations 17
Step:  12  CFL:     0.864976  fnorm: 3.673393E+01  CPU:  94.3540  WU: 314.1102 #LI:   17 #ILI:  -1 om:1.0000
Linear solve converged due to CONVERGED_RTOL iterations 18
Step:  13  CFL:      1.29746  fnorm: 2.931785E+01  CPU: 103.1345  WU: 343.3410 #LI:   18 #ILI:  -1 om:1.0000
Linear solve converged due to CONVERGED_RTOL iterations 21
Step:  14  CFL:       1.9462  fnorm: 2.273791E+01  CPU: 111.7753  WU: 372.1069 #LI:   21 #ILI:  -1 om:1.0000
Linear solve converged due to CONVERGED_RTOL iterations 23
Step:  15  CFL:      2.91929  fnorm: 1.724140E+01  CPU: 120.5972  WU: 401.4754 #LI:   23 #ILI:  -1 om:1.0000
Linear solve converged due to CONVERGED_RTOL iterations 25
Step:  16  CFL:      4.37894  fnorm: 1.301417E+01  CPU: 129.5822  WU: 431.3869 #LI:   25 #ILI:  -1 om:1.0000
Linear solve converged due to CONVERGED_RTOL iterations 28
Step:  17  CFL:      6.56841  fnorm: 9.825411E+00  CPU: 139.0399  WU: 462.8723 #LI:   28 #ILI:  -1 om:1.0000
Linear solve converged due to CONVERGED_RTOL iterations 32
Step:  18  CFL:      9.85261  fnorm: 7.196825E+00  CPU: 148.7588  WU: 495.2272 #LI:   32 #ILI:  -1 om:1.0000
Linear solve converged due to CONVERGED_RTOL iterations 35
Step:  19  CFL:      14.7789  fnorm: 5.158928E+00  CPU: 158.4168  WU: 527.3793 #LI:   35 #ILI:  -1 om:1.0000
Linear solve converged due to CONVERGED_RTOL iterations 41
Step:  20  CFL:      22.1684  fnorm: 3.526111E+00  CPU: 168.4003  WU: 560.6150 #LI:   41 #ILI:  -1 om:1.0000
Linear solve converged due to CONVERGED_RTOL iterations 46
Step:  21  CFL:      33.2526  fnorm: 2.198735E+00  CPU: 178.7801  WU: 595.1699 #LI:   46 #ILI:  -1 om:1.0000
Linear solve converged due to CONVERGED_RTOL iterations 54
Step:  22  CFL:      49.8789  fnorm: 1.224319E+00  CPU: 190.0996  WU: 632.8533 #LI:   54 #ILI:  -1 om:1.0000
Linear solve converged due to CONVERGED_RTOL iterations 65
Step:  23  CFL:      74.8183  fnorm: 5.944432E-01  CPU: 201.8729  WU: 672.0473 #LI:   65 #ILI:  -1 om:1.0000
Linear solve converged due to CONVERGED_RTOL iterations 71
Step:  24  CFL:      112.227  fnorm: 2.677941E-01  CPU: 214.1018  WU: 712.7579 #LI:   71 #ILI:  -1 om:1.0000
Linear solve converged due to CONVERGED_RTOL iterations 71
Step:  25  CFL:      168.341  fnorm: 1.282593E-01  CPU: 226.4210  WU: 753.7693 #LI:   71 #ILI:  -1 om:1.0000
Linear solve converged due to CONVERGED_RTOL iterations 70
Step:  26  CFL:      252.512  fnorm: 7.877162E-02  CPU: 238.5954  WU: 794.2985 #LI:   70 #ILI:  -1 om:1.0000
Linear solve converged due to CONVERGED_RTOL iterations 78
Step:  27  CFL:      378.768  fnorm: 6.033198E-02  CPU: 251.4451  WU: 837.0761 #LI:   78 #ILI:  -1 om:1.0000
Linear solve converged due to CONVERGED_RTOL iterations 96
Step:  28  CFL:      568.151  fnorm: 3.904017E-02  CPU: 265.5604  WU: 884.0669 #LI:   96 #ILI:  -1 om:1.0000
Linear solve converged due to CONVERGED_RTOL iterations 135
Step:  29  CFL:      852.227  fnorm: 1.798699E-02  CPU: 282.4064  WU: 940.1481 #LI:  135 #ILI:  -1 om:1.0000
Linear solve converged due to CONVERGED_RTOL iterations 139
Step:  30  CFL:      1278.34  fnorm: 6.332427E-03  CPU: 299.7653  WU: 997.9371 #LI:  139 #ILI:  -1 om:1.0000
Linear solve converged due to CONVERGED_RTOL iterations 155
Step:  31  CFL:      1917.51  fnorm: 1.830408E-03  CPU: 318.4905  WU: 1060.2744 #LI:  155 #ILI:  -1 om:1.0000
Linear solve converged due to CONVERGED_RTOL iterations 162
Step:  32  CFL:      2876.27  fnorm: 4.151075E-04  CPU: 337.6979  WU: 1124.2168 #LI:  162 #ILI:  -1 om:1.0000
Linear solve converged due to CONVERGED_RTOL iterations 175
Step:  33  CFL:       4314.4  fnorm: 7.117035E-05  CPU: 357.8973  WU: 1191.4619 #LI:  175 #ILI:  -1 om:1.0000
Linear solve converged due to CONVERGED_RTOL iterations 186
Step:  34  CFL:       6471.6  fnorm: 9.704827E-06  CPU: 378.7779  WU: 1260.9749 #LI:  186 #ILI:  -1 om:1.0000
FI Time : 0.300385
Jac Time : 231.152
KSP Time : 133.507
Min/max recon condition numbers:    1.00029     11.045
Number of CVs: 25088
Order: 4
Viscous ForceX: 6.48645e-05
Viscous ForceY: 9.69568e-06
ForceX: -0.00207909
ForceY: 0.0121439
Lift coeff due to pressure: 1.09515
Lift coeff due to viscosity: -0.000152465
Drag coeff due to pressure: 0.00544652
Drag coeff due to viscosity: 0.0058278
C_L         C_D         C_D (shear) #NLI    #LI     
1.0952e+00  5.4465e-03  5.8278e-03  34      1856    
Min/max recon condition numbers:    7.26496    12354.6
